#
# There is insufficient memory for the Java Runtime Environment to continue.
# Native memory allocation (mmap) failed to map 135266304 bytes for Failed to commit area from 0x0000000090800000 to 0x0000000098900000 of length 135266304.
# Possible reasons:
#   The system is out of physical RAM or swap space
#   The process is running with CompressedOops enabled, and the Java Heap may be blocking the growth of the native heap
# Possible solutions:
#   Reduce memory load on the system
#   Increase physical memory or swap space
#   Check if swap backing store is full
#   Decrease Java heap size (-Xmx/-Xms)
#   Decrease number of Java threads
#   Decrease Java thread stack sizes (-Xss)
#   Set larger code cache with -XX:ReservedCodeCacheSize=
#   JVM is running with Unscaled Compressed Oops mode in which the Java heap is
#     placed in the first 4GB address space. The Java Heap base address is the
#     maximum limit for the native heap growth. Please use -XX:HeapBaseMinAddress
#     to set the Java Heap base and to place the Java Heap above 4GB virtual address.
# This output file may be truncated or incomplete.
#
#  Out of Memory Error (t:/workspace/open/src/hotspot/os/windows/os_windows.cpp:3269), pid=16980, tid=15680
#
# JRE version: OpenJDK Runtime Environment (11.0.2+9) (build 11.0.2+9)
# Java VM: OpenJDK 64-Bit Server VM (11.0.2+9, mixed mode, tiered, compressed oops, g1 gc, windows-amd64)
# No core dump will be written. Minidumps are not enabled by default on client versions of Windows
#

---------------  S U M M A R Y ------------

Command Line: -XX:MaxMetaspaceSize=512m --add-opens=java.base/java.util=ALL-UNNAMED --add-opens=java.base/java.lang=ALL-UNNAMED --add-opens=java.base/java.lang.invoke=ALL-UNNAMED --add-opens=java.base/java.util=ALL-UNNAMED --add-opens=java.prefs/java.util.prefs=ALL-UNNAMED --add-opens=java.prefs/java.util.prefs=ALL-UNNAMED --add-opens=java.base/java.nio.charset=ALL-UNNAMED --add-opens=java.base/java.net=ALL-UNNAMED --add-opens=java.base/java.util.concurrent.atomic=ALL-UNNAMED -Xmx2048m -Dfile.encoding=windows-1252 -Duser.country=ID -Duser.language=en -Duser.variant org.gradle.launcher.daemon.bootstrap.GradleDaemon 7.3.3

Host: Intel(R) Core(TM) i3-10110U CPU @ 2.10GHz, 4 cores, 7G,  Windows 10 , 64 bit Build 22000 (10.0.22000.708)
Time: Thu Sep  1 13:49:39 2022 SE Asia Standard Time elapsed time: 2275 seconds (0d 0h 37m 55s)

---------------  T H R E A D  ---------------

Current thread (0x00000153aa5b8800):  VMThread "VM Thread" [stack: 0x0000001e21000000,0x0000001e21100000] [id=15680]

Stack: [0x0000001e21000000,0x0000001e21100000]
[error occurred during error reporting (printing stack bounds), id 0xc0000005, EXCEPTION_ACCESS_VIOLATION (0xc0000005) at pc=0x0000015394500bad]

Native frames: (J=compiled Java code, j=interpreted, Vv=VM code, C=native code)
V  [jvm.dll+0x63489a]
V  [jvm.dll+0x771f9f]
V  [jvm.dll+0x773648]
V  [jvm.dll+0x773c65]
V  [jvm.dll+0x773c1b]
V  [jvm.dll+0x633fa6]
V  [jvm.dll+0x634368]
C  [ntdll.dll+0xa8fcf]
C  [ntdll.dll+0x35e9a]
C  [ntdll.dll+0xa7fde]
C  0x0000015394500bad

VM_Operation (0x0000001e26efa6e0): G1CollectForAllocation, mode: safepoint, requested by thread 0x00000153ae91e800


---------------  P R O C E S S  ---------------

Threads class SMR info:
_java_thread_list=0x00000153b5728330, length=108, elements={
0x000001538c1dd000, 0x00000153aa5be000, 0x00000153aa5c7000, 0x00000153aa620000,
0x00000153aa621000, 0x00000153aaf33000, 0x00000153aaf34800, 0x00000153aaf3b800,
0x00000153ab0a5800, 0x00000153ab0b9800, 0x00000153ac78a800, 0x00000153aea04000,
0x00000153ac8df800, 0x00000153ad11b800, 0x00000153ad11e000, 0x00000153ad122000,
0x00000153ad11c800, 0x00000153ad121800, 0x00000153ae6ae000, 0x00000153ae6b2000,
0x00000153ae6b2800, 0x00000153ae6ad000, 0x00000153ae6b3800, 0x00000153ae6af800,
0x00000153ae6b5000, 0x00000153aec5d800, 0x00000153b156e800, 0x00000153b1573000,
0x00000153b1573800, 0x00000153b1576000, 0x00000153aec61800, 0x00000153aec61000,
0x00000153aec62800, 0x00000153aec5d000, 0x00000153aec63800, 0x00000153aec5e800,
0x00000153aec5f000, 0x00000153aec65000, 0x00000153aec65800, 0x00000153aec60000,
0x00000153aec66800, 0x00000153aec6a000, 0x00000153aec69000, 0x00000153aec6a800,
0x00000153aec68000, 0x00000153aec6b800, 0x00000153b156b800, 0x00000153b156c800,
0x00000153b156d000, 0x00000153b156e000, 0x00000153b1568000, 0x00000153b156f800,
0x00000153b156a000, 0x00000153b1574800, 0x00000153b1572000, 0x00000153b1575000,
0x00000153b1570800, 0x00000153b1577000, 0x00000153b1571000, 0x00000153ae6b1000,
0x00000153ae6b9000, 0x00000153ae6b7800, 0x00000153ae6ba000, 0x00000153ae6b4800,
0x00000153ae6bb000, 0x00000153ae6b7000, 0x00000153ae6b8800, 0x00000153ae6bb800,
0x00000153ae6b6000, 0x00000153ad11d800, 0x00000153ad11f000, 0x00000153ad120000,
0x00000153ad120800, 0x00000153b14ae800, 0x00000153b14af000, 0x00000153b14b0000,
0x00000153b14ac800, 0x00000153b14b3000, 0x00000153b14b1800, 0x00000153b14b5800,
0x00000153b14b6800, 0x00000153b14b0800, 0x00000153b14b7000, 0x00000153b14b9000,
0x00000153b14b9800, 0x00000153b14ba800, 0x00000153b14bb800, 0x00000153b14b2800,
0x00000153b14b4000, 0x00000153aec67800, 0x00000153b156a800, 0x00000153ae920800,
0x00000153ae922800, 0x00000153ae921800, 0x00000153ae924000, 0x00000153ae91e800,
0x00000153ae925000, 0x00000153ae925800, 0x00000153ae920000, 0x00000153ae92b800,
0x00000153ae929800, 0x00000153ae928000, 0x00000153ae929000, 0x00000153ae92a800,
0x00000153ae92c000, 0x00000153ae926800, 0x00000153b14b5000, 0x00000153b14b8000
}

Java Threads: ( => current thread )
  0x000001538c1dd000 JavaThread "main" [_thread_blocked, id=4492, stack(0x0000001e20a00000,0x0000001e20b00000)]
  0x00000153aa5be000 JavaThread "Reference Handler" daemon [_thread_blocked, id=16936, stack(0x0000001e21100000,0x0000001e21200000)]
  0x00000153aa5c7000 JavaThread "Finalizer" daemon [_thread_blocked, id=11376, stack(0x0000001e21200000,0x0000001e21300000)]
  0x00000153aa620000 JavaThread "Signal Dispatcher" daemon [_thread_blocked, id=3800, stack(0x0000001e21300000,0x0000001e21400000)]
  0x00000153aa621000 JavaThread "Attach Listener" daemon [_thread_blocked, id=3396, stack(0x0000001e21400000,0x0000001e21500000)]
  0x00000153aaf33000 JavaThread "C2 CompilerThread0" daemon [_thread_blocked, id=14652, stack(0x0000001e21500000,0x0000001e21600000)]
  0x00000153aaf34800 JavaThread "C1 CompilerThread0" daemon [_thread_blocked, id=1120, stack(0x0000001e21600000,0x0000001e21700000)]
  0x00000153aaf3b800 JavaThread "Sweeper thread" daemon [_thread_blocked, id=17512, stack(0x0000001e21700000,0x0000001e21800000)]
  0x00000153ab0a5800 JavaThread "Common-Cleaner" daemon [_thread_blocked, id=11504, stack(0x0000001e21800000,0x0000001e21900000)]
  0x00000153ab0b9800 JavaThread "Service Thread" daemon [_thread_blocked, id=14356, stack(0x0000001e21900000,0x0000001e21a00000)]
  0x00000153ac78a800 JavaThread "Daemon health stats" [_thread_blocked, id=11400, stack(0x0000001e21e00000,0x0000001e21f00000)]
  0x00000153aea04000 JavaThread "Incoming local TCP Connector on port 2066" [_thread_in_native, id=3552, stack(0x0000001e21b00000,0x0000001e21c00000)]
  0x00000153ac8df800 JavaThread "Daemon periodic checks" [_thread_blocked, id=18464, stack(0x0000001e21f00000,0x0000001e22000000)]
  0x00000153ad11b800 JavaThread "Cache worker for journal cache (C:\Users\afird\.gradle\caches\journal-1)" [_thread_blocked, id=17432, stack(0x0000001e22700000,0x0000001e22800000)]
  0x00000153ad11e000 JavaThread "File lock request listener" [_thread_in_native, id=18728, stack(0x0000001e22800000,0x0000001e22900000)]
  0x00000153ad122000 JavaThread "Cache worker for file hash cache (C:\Users\afird\.gradle\caches\7.3.3\fileHashes)" [_thread_blocked, id=9096, stack(0x0000001e22900000,0x0000001e22a00000)]
  0x00000153ad11c800 JavaThread "File watcher server" daemon [_thread_blocked, id=14092, stack(0x0000001e22c00000,0x0000001e22d00000)]
  0x00000153ad121800 JavaThread "File watcher consumer" daemon [_thread_blocked, id=1536, stack(0x0000001e22d00000,0x0000001e22e00000)]
  0x00000153ae6ae000 JavaThread "Cache worker for execution history cache (C:\Users\afird\.gradle\caches\7.3.3\executionHistory)" [_thread_blocked, id=10852, stack(0x0000001e23200000,0x0000001e23300000)]
  0x00000153ae6b2000 JavaThread "jar transforms" [_thread_blocked, id=1020, stack(0x0000001e23300000,0x0000001e23400000)]
  0x00000153ae6b2800 JavaThread "jar transforms Thread 2" [_thread_blocked, id=10988, stack(0x0000001e23400000,0x0000001e23500000)]
  0x00000153ae6ad000 JavaThread "Cache worker for file content cache (C:\Users\afird\.gradle\caches\7.3.3\fileContent)" [_thread_blocked, id=14952, stack(0x0000001e23500000,0x0000001e23600000)]
  0x00000153ae6b3800 JavaThread "jar transforms Thread 3" [_thread_blocked, id=13276, stack(0x0000001e23600000,0x0000001e23700000)]
  0x00000153ae6af800 JavaThread "jar transforms Thread 4" [_thread_blocked, id=4820, stack(0x0000001e23700000,0x0000001e23800000)]
  0x00000153ae6b5000 JavaThread "Cache worker for kotlin-dsl (C:\Users\afird\.gradle\caches\7.3.3\kotlin-dsl)" [_thread_blocked, id=15904, stack(0x0000001e23800000,0x0000001e23900000)]
  0x00000153aec5d800 JavaThread "Memory manager" [_thread_blocked, id=7328, stack(0x0000001e25c00000,0x0000001e25d00000)]
  0x00000153b156e800 JavaThread "pool-3-thread-1" [_thread_blocked, id=7280, stack(0x0000001e26c00000,0x0000001e26d00000)]
  0x00000153b1573000 JavaThread "Monitor" [_thread_in_native, id=7920, stack(0x0000001e27200000,0x0000001e27300000)]
  0x00000153b1573800 JavaThread "JdwpProxyConnection" [_thread_in_native, id=8592, stack(0x0000001e27300000,0x0000001e27400000)]
  0x00000153b1576000 JavaThread "Device List Monitor" [_thread_in_native, id=15256, stack(0x0000001e27400000,0x0000001e27500000)]
  0x00000153aec61800 JavaThread "Daemon Thread 2" [_thread_blocked, id=8268, stack(0x0000001e20700000,0x0000001e20800000)]
  0x00000153aec61000 JavaThread "Handler for socket connection from /127.0.0.1:2066 to /127.0.0.1:2388" [_thread_in_native, id=1932, stack(0x0000001e20800000,0x0000001e20900000)]
  0x00000153aec62800 JavaThread "Cancel handler" [_thread_blocked, id=9504, stack(0x0000001e20900000,0x0000001e20a00000)]
  0x00000153aec5d000 JavaThread "Daemon worker Thread 2" [_thread_blocked, id=14384, stack(0x0000001e22000000,0x0000001e22100000)]
  0x00000153aec63800 JavaThread "Asynchronous log dispatcher for DefaultDaemonConnection: socket connection from /127.0.0.1:2066 to /127.0.0.1:2388" [_thread_blocked, id=13724, stack(0x0000001e22100000,0x0000001e22200000)]
  0x00000153aec5e800 JavaThread "Stdin handler" [_thread_blocked, id=4724, stack(0x0000001e22200000,0x0000001e22300000)]
  0x00000153aec5f000 JavaThread "Daemon client event forwarder" [_thread_blocked, id=13800, stack(0x0000001e22300000,0x0000001e22400000)]
  0x00000153aec65000 JavaThread "Cache worker for file hash cache (D:\mobile\eticketing\android\.gradle\7.3.3\fileHashes)" [_thread_blocked, id=12180, stack(0x0000001e22400000,0x0000001e22500000)]
  0x00000153aec65800 JavaThread "Cache worker for checksums cache (D:\mobile\eticketing\android\.gradle\7.3.3\checksums)" [_thread_blocked, id=5180, stack(0x0000001e22600000,0x0000001e22700000)]
  0x00000153aec60000 JavaThread "Cache worker for cache directory md-supplier (C:\Users\afird\.gradle\caches\7.3.3\md-supplier)" [_thread_blocked, id=14792, stack(0x0000001e22b00000,0x0000001e22c00000)]
  0x00000153aec66800 JavaThread "Cache worker for cache directory md-rule (C:\Users\afird\.gradle\caches\7.3.3\md-rule)" [_thread_blocked, id=12672, stack(0x0000001e22e00000,0x0000001e22f00000)]
  0x00000153aec6a000 JavaThread "Cache worker for dependencies-accessors (D:\mobile\eticketing\android\.gradle\7.3.3\dependencies-accessors)" [_thread_blocked, id=10532, stack(0x0000001e22500000,0x0000001e22600000)]
  0x00000153aec69000 JavaThread "Cache worker for Build Output Cleanup Cache (D:\mobile\eticketing\node_modules\react-native-gradle-plugin\.gradle\buildOutputCleanup)" [_thread_blocked, id=3420, stack(0x0000001e22f00000,0x0000001e23000000)]
  0x00000153aec6a800 JavaThread "Unconstrained build operations" [_thread_blocked, id=3516, stack(0x0000001e23000000,0x0000001e23100000)]
  0x00000153aec68000 JavaThread "Unconstrained build operations Thread 2" [_thread_blocked, id=17552, stack(0x0000001e23100000,0x0000001e23200000)]
  0x00000153aec6b800 JavaThread "Unconstrained build operations Thread 3" [_thread_blocked, id=6812, stack(0x0000001e23900000,0x0000001e23a00000)]
  0x00000153b156b800 JavaThread "Unconstrained build operations Thread 4" [_thread_blocked, id=5320, stack(0x0000001e23a00000,0x0000001e23b00000)]
  0x00000153b156c800 JavaThread "Unconstrained build operations Thread 5" [_thread_blocked, id=10836, stack(0x0000001e23b00000,0x0000001e23c00000)]
  0x00000153b156d000 JavaThread "Unconstrained build operations Thread 6" [_thread_blocked, id=18988, stack(0x0000001e23c00000,0x0000001e23d00000)]
  0x00000153b156e000 JavaThread "Unconstrained build operations Thread 7" [_thread_blocked, id=8764, stack(0x0000001e23d00000,0x0000001e23e00000)]
  0x00000153b1568000 JavaThread "Unconstrained build operations Thread 8" [_thread_blocked, id=10692, stack(0x0000001e23e00000,0x0000001e23f00000)]
  0x00000153b156f800 JavaThread "Unconstrained build operations Thread 9" [_thread_blocked, id=5392, stack(0x0000001e23f00000,0x0000001e24000000)]
  0x00000153b156a000 JavaThread "Unconstrained build operations Thread 10" [_thread_blocked, id=2564, stack(0x0000001e24000000,0x0000001e24100000)]
  0x00000153b1574800 JavaThread "Unconstrained build operations Thread 11" [_thread_blocked, id=14984, stack(0x0000001e24100000,0x0000001e24200000)]
  0x00000153b1572000 JavaThread "Unconstrained build operations Thread 12" [_thread_blocked, id=11328, stack(0x0000001e24200000,0x0000001e24300000)]
  0x00000153b1575000 JavaThread "Unconstrained build operations Thread 13" [_thread_blocked, id=18616, stack(0x0000001e24300000,0x0000001e24400000)]
  0x00000153b1570800 JavaThread "Unconstrained build operations Thread 14" [_thread_blocked, id=18532, stack(0x0000001e24400000,0x0000001e24500000)]
  0x00000153b1577000 JavaThread "Unconstrained build operations Thread 15" [_thread_blocked, id=8912, stack(0x0000001e24500000,0x0000001e24600000)]
  0x00000153b1571000 JavaThread "Unconstrained build operations Thread 16" [_thread_blocked, id=16148, stack(0x0000001e24600000,0x0000001e24700000)]
  0x00000153ae6b1000 JavaThread "Unconstrained build operations Thread 17" [_thread_blocked, id=14084, stack(0x0000001e24700000,0x0000001e24800000)]
  0x00000153ae6b9000 JavaThread "Unconstrained build operations Thread 18" [_thread_blocked, id=9412, stack(0x0000001e24800000,0x0000001e24900000)]
  0x00000153ae6b7800 JavaThread "Unconstrained build operations Thread 19" [_thread_blocked, id=588, stack(0x0000001e24900000,0x0000001e24a00000)]
  0x00000153ae6ba000 JavaThread "Unconstrained build operations Thread 20" [_thread_blocked, id=5868, stack(0x0000001e24a00000,0x0000001e24b00000)]
  0x00000153ae6b4800 JavaThread "Unconstrained build operations Thread 21" [_thread_blocked, id=18724, stack(0x0000001e24b00000,0x0000001e24c00000)]
  0x00000153ae6bb000 JavaThread "Unconstrained build operations Thread 22" [_thread_blocked, id=15844, stack(0x0000001e24c00000,0x0000001e24d00000)]
  0x00000153ae6b7000 JavaThread "Unconstrained build operations Thread 23" [_thread_blocked, id=9280, stack(0x0000001e24d00000,0x0000001e24e00000)]
  0x00000153ae6b8800 JavaThread "Unconstrained build operations Thread 24" [_thread_blocked, id=18164, stack(0x0000001e24e00000,0x0000001e24f00000)]
  0x00000153ae6bb800 JavaThread "Unconstrained build operations Thread 25" [_thread_blocked, id=3720, stack(0x0000001e24f00000,0x0000001e25000000)]
  0x00000153ae6b6000 JavaThread "Unconstrained build operations Thread 26" [_thread_blocked, id=2052, stack(0x0000001e25000000,0x0000001e25100000)]
  0x00000153ad11d800 JavaThread "Unconstrained build operations Thread 27" [_thread_blocked, id=10812, stack(0x0000001e25100000,0x0000001e25200000)]
  0x00000153ad11f000 JavaThread "Unconstrained build operations Thread 28" [_thread_blocked, id=276, stack(0x0000001e25200000,0x0000001e25300000)]
  0x00000153ad120000 JavaThread "Unconstrained build operations Thread 29" [_thread_blocked, id=1404, stack(0x0000001e25300000,0x0000001e25400000)]
  0x00000153ad120800 JavaThread "Unconstrained build operations Thread 30" [_thread_blocked, id=16260, stack(0x0000001e25400000,0x0000001e25500000)]
  0x00000153b14ae800 JavaThread "Unconstrained build operations Thread 31" [_thread_blocked, id=11164, stack(0x0000001e25500000,0x0000001e25600000)]
  0x00000153b14af000 JavaThread "Unconstrained build operations Thread 32" [_thread_blocked, id=7876, stack(0x0000001e25600000,0x0000001e25700000)]
  0x00000153b14b0000 JavaThread "Unconstrained build operations Thread 33" [_thread_blocked, id=13568, stack(0x0000001e25700000,0x0000001e25800000)]
  0x00000153b14ac800 JavaThread "build event listener" [_thread_blocked, id=17904, stack(0x0000001e25900000,0x0000001e25a00000)]
  0x00000153b14b3000 JavaThread "Cache worker for Build Output Cleanup Cache (D:\mobile\eticketing\android\.gradle\buildOutputCleanup)" [_thread_blocked, id=12156, stack(0x0000001e25a00000,0x0000001e25b00000)]
  0x00000153b14b1800 JavaThread "included builds" [_thread_blocked, id=11100, stack(0x0000001e25b00000,0x0000001e25c00000)]
  0x00000153b14b5800 JavaThread "Cache worker for execution history cache (D:\mobile\eticketing\node_modules\react-native-gradle-plugin\.gradle\7.3.3\executionHistory)" [_thread_blocked, id=2188, stack(0x0000001e26000000,0x0000001e26100000)]
  0x00000153b14b6800 JavaThread "Unconstrained build operations Thread 34" [_thread_blocked, id=4768, stack(0x0000001e26100000,0x0000001e26200000)]
  0x00000153b14b0800 JavaThread "Unconstrained build operations Thread 35" [_thread_blocked, id=17076, stack(0x0000001e26200000,0x0000001e26300000)]
  0x00000153b14b7000 JavaThread "Unconstrained build operations Thread 36" [_thread_blocked, id=13272, stack(0x0000001e26300000,0x0000001e26400000)]
  0x00000153b14b9000 JavaThread "Unconstrained build operations Thread 37" [_thread_blocked, id=9220, stack(0x0000001e26400000,0x0000001e26500000)]
  0x00000153b14b9800 JavaThread "Unconstrained build operations Thread 38" [_thread_blocked, id=13692, stack(0x0000001e26500000,0x0000001e26600000)]
  0x00000153b14ba800 JavaThread "Unconstrained build operations Thread 39" [_thread_blocked, id=16884, stack(0x0000001e26600000,0x0000001e26700000)]
  0x00000153b14bb800 JavaThread "Unconstrained build operations Thread 40" [_thread_blocked, id=1712, stack(0x0000001e26700000,0x0000001e26800000)]
  0x00000153b14b2800 JavaThread "build event listener" [_thread_blocked, id=18892, stack(0x0000001e25d00000,0x0000001e25e00000)]
  0x00000153b14b4000 JavaThread "pool-6-thread-1" [_thread_blocked, id=3828, stack(0x0000001e25e00000,0x0000001e25f00000)]
  0x00000153aec67800 JavaThread "build event listener" [_thread_blocked, id=13860, stack(0x0000001e25f00000,0x0000001e26000000)]
  0x00000153b156a800 JavaThread "Execution worker for ':'" [_thread_blocked, id=15416, stack(0x0000001e26800000,0x0000001e26900000)]
  0x00000153ae920800 JavaThread "Execution worker for ':' Thread 2" [_thread_blocked, id=16712, stack(0x0000001e26900000,0x0000001e26a00000)]
  0x00000153ae922800 JavaThread "Execution worker for ':' Thread 3" [_thread_blocked, id=10896, stack(0x0000001e26a00000,0x0000001e26b00000)]
  0x00000153ae921800 JavaThread "Cache worker for execution history cache (D:\mobile\eticketing\android\.gradle\7.3.3\executionHistory)" [_thread_blocked, id=1076, stack(0x0000001e26b00000,0x0000001e26c00000)]
  0x00000153ae924000 JavaThread "WorkerExecutor Queue" [_thread_blocked, id=1996, stack(0x0000001e26d00000,0x0000001e26e00000)]
  0x00000153ae91e800 JavaThread "WorkerExecutor Queue Thread 2" [_thread_blocked, id=12512, stack(0x0000001e26e00000,0x0000001e26f00000)]
  0x00000153ae925000 JavaThread "WorkerExecutor Queue Thread 3" [_thread_blocked, id=4532, stack(0x0000001e26f00000,0x0000001e27000000)]
  0x00000153ae925800 JavaThread "WorkerExecutor Queue Thread 5" [_thread_blocked, id=12856, stack(0x0000001e27100000,0x0000001e27200000)]
  0x00000153ae920000 JavaThread "pool-7-thread-1" [_thread_blocked, id=12256, stack(0x0000001e27000000,0x0000001e27100000)]
  0x00000153ae92b800 JavaThread "stderr" [_thread_in_native, id=3276, stack(0x0000001e27600000,0x0000001e27700000)]
  0x00000153ae929800 JavaThread "stdout" [_thread_in_native, id=9572, stack(0x0000001e27700000,0x0000001e27800000)]
  0x00000153ae928000 JavaThread "Cache worker for Java compile cache (C:\Users\afird\.gradle\caches\7.3.3\javaCompile)" [_thread_blocked, id=12744, stack(0x0000001e27800000,0x0000001e27900000)]
  0x00000153ae929000 JavaThread "Build operations" [_thread_blocked, id=19172, stack(0x0000001e25800000,0x0000001e25900000)]
  0x00000153ae92a800 JavaThread "Build operations Thread 2" [_thread_blocked, id=10676, stack(0x0000001e27900000,0x0000001e27a00000)]
  0x00000153ae92c000 JavaThread "Build operations Thread 3" [_thread_blocked, id=11652, stack(0x0000001e27a00000,0x0000001e27b00000)]
  0x00000153ae926800 JavaThread "Build operations Thread 4" [_thread_blocked, id=5840, stack(0x0000001e27b00000,0x0000001e27c00000)]
  0x00000153b14b5000 JavaThread "C2 CompilerThread1" daemon [_thread_in_native, id=1688, stack(0x0000001e27c00000,0x0000001e27d00000)]
  0x00000153b14b8000 JavaThread "WorkerExecutor Queue Thread 6" [_thread_blocked, id=11712, stack(0x0000001e27d00000,0x0000001e27e00000)]

Other Threads:
=>0x00000153aa5b8800 VMThread "VM Thread" [stack: 0x0000001e21000000,0x0000001e21100000] [id=15680]
  0x00000153ab0c4000 WatcherThread [stack: 0x0000001e21a00000,0x0000001e21b00000] [id=10704]
  0x000001538c1f2000 GCTaskThread "GC Thread#0" [stack: 0x0000001e20b00000,0x0000001e20c00000] [id=6084]
  0x00000153ab708800 GCTaskThread "GC Thread#1" [stack: 0x0000001e21c00000,0x0000001e21d00000] [id=3772]
  0x00000153ab280000 GCTaskThread "GC Thread#2" [stack: 0x0000001e21d00000,0x0000001e21e00000] [id=16600]
  0x00000153ab88e000 GCTaskThread "GC Thread#3" [stack: 0x0000001e22a00000,0x0000001e22b00000] [id=6348]
  0x000001538c224800 ConcurrentGCThread "G1 Main Marker" [stack: 0x0000001e20c00000,0x0000001e20d00000] [id=18696]
  0x000001538c225800 ConcurrentGCThread "G1 Conc#0" [stack: 0x0000001e20d00000,0x0000001e20e00000] [id=1316]
  0x000001538c2b7000 ConcurrentGCThread "G1 Refine#0" [stack: 0x0000001e20e00000,0x0000001e20f00000] [id=3424]
  0x000001538c2b8000 ConcurrentGCThread "G1 Young RemSet Sampling" [stack: 0x0000001e20f00000,0x0000001e21000000] [id=19008]

Threads with active compile tasks:
C2 CompilerThread027164 %     4       com.android.tools.r8.internal.lH0::a @ 3214 (4225 bytes)
C2 CompilerThread126693   !   4       java.io.ObjectInputStream::readObject0 (566 bytes)

VM state:at safepoint (normal execution)

VM Mutex/Monitor currently owned by a thread:  ([mutex/lock_event])
[0x000001538c1db110] Threads_lock - owner thread: 0x00000153aa5b8800
[0x000001538c1da930] Heap_lock - owner thread: 0x00000153ae91e800

Heap address: 0x0000000080000000, size: 2048 MB, Compressed Oops mode: 32-bit
Narrow klass base: 0x0000000000000000, Narrow klass shift: 3
Compressed class space size: 528482304 Address: 0x0000000100000000

Heap:
 garbage-first heap   total 402432K, used 195584K [0x0000000080000000, 0x0000000100000000)
  region size 1024K, 4 young (4096K), 4 survivors (4096K)
 Metaspace       used 162956K, capacity 168393K, committed 168704K, reserved 663552K
  class space    used 20367K, capacity 22469K, committed 22528K, reserved 516096K
Heap Regions: E=young(eden), S=young(survivor), O=old, HS=humongous(starts), HC=humongous(continues), CS=collection set, F=free, A=archive, TAMS=top-at-mark-start (previous, next)
|   0|0x0000000080000000, 0x0000000080100000, 0x0000000080100000|100%|HS|  |TAMS 0x0000000080100000, 0x0000000080000000| Complete 
|   1|0x0000000080100000, 0x0000000080200000, 0x0000000080200000|100%|HC|  |TAMS 0x0000000080200000, 0x0000000080100000| Complete 
|   2|0x0000000080200000, 0x0000000080300000, 0x0000000080300000|100%|HC|  |TAMS 0x0000000080300000, 0x0000000080200000| Complete 
|   3|0x0000000080300000, 0x0000000080400000, 0x0000000080400000|100%| O|  |TAMS 0x0000000080400000, 0x0000000080300000| Untracked 
|   4|0x0000000080400000, 0x0000000080500000, 0x0000000080500000|100%| O|  |TAMS 0x0000000080500000, 0x0000000080400000| Untracked 
|   5|0x0000000080500000, 0x0000000080600000, 0x0000000080600000|100%| O|  |TAMS 0x0000000080600000, 0x0000000080500000| Untracked 
|   6|0x0000000080600000, 0x0000000080700000, 0x0000000080700000|100%| O|  |TAMS 0x0000000080700000, 0x0000000080600000| Untracked 
|   7|0x0000000080700000, 0x0000000080800000, 0x0000000080800000|100%| O|  |TAMS 0x0000000080800000, 0x0000000080700000| Untracked 
|   8|0x0000000080800000, 0x0000000080900000, 0x0000000080900000|100%| O|  |TAMS 0x0000000080900000, 0x0000000080800000| Untracked 
|   9|0x0000000080900000, 0x0000000080a00000, 0x0000000080a00000|100%| O|  |TAMS 0x0000000080a00000, 0x0000000080900000| Untracked 
|  10|0x0000000080a00000, 0x0000000080b00000, 0x0000000080b00000|100%| O|  |TAMS 0x0000000080b00000, 0x0000000080a00000| Untracked 
|  11|0x0000000080b00000, 0x0000000080c00000, 0x0000000080c00000|100%| O|  |TAMS 0x0000000080c00000, 0x0000000080b00000| Untracked 
|  12|0x0000000080c00000, 0x0000000080d00000, 0x0000000080d00000|100%| O|  |TAMS 0x0000000080d00000, 0x0000000080c00000| Untracked 
|  13|0x0000000080d00000, 0x0000000080e00000, 0x0000000080e00000|100%| O|  |TAMS 0x0000000080e00000, 0x0000000080d00000| Untracked 
|  14|0x0000000080e00000, 0x0000000080f00000, 0x0000000080f00000|100%| O|  |TAMS 0x0000000080f00000, 0x0000000080e00000| Untracked 
|  15|0x0000000080f00000, 0x0000000081000000, 0x0000000081000000|100%| O|  |TAMS 0x0000000081000000, 0x0000000080f00000| Untracked 
|  16|0x0000000081000000, 0x0000000081100000, 0x0000000081100000|100%| O|  |TAMS 0x0000000081100000, 0x0000000081000000| Untracked 
|  17|0x0000000081100000, 0x0000000081200000, 0x0000000081200000|100%|HS|  |TAMS 0x0000000081200000, 0x0000000081100000| Complete 
|  18|0x0000000081200000, 0x0000000081300000, 0x0000000081300000|100%| O|  |TAMS 0x0000000081300000, 0x0000000081200000| Untracked 
|  19|0x0000000081300000, 0x0000000081400000, 0x0000000081400000|100%| O|  |TAMS 0x0000000081400000, 0x0000000081300000| Untracked 
|  20|0x0000000081400000, 0x0000000081500000, 0x0000000081500000|100%| O|  |TAMS 0x0000000081500000, 0x0000000081400000| Untracked 
|  21|0x0000000081500000, 0x0000000081600000, 0x0000000081600000|100%| O|  |TAMS 0x0000000081600000, 0x0000000081500000| Untracked 
|  22|0x0000000081600000, 0x0000000081700000, 0x0000000081700000|100%| O|  |TAMS 0x0000000081700000, 0x0000000081600000| Untracked 
|  23|0x0000000081700000, 0x0000000081800000, 0x0000000081800000|100%| O|  |TAMS 0x0000000081800000, 0x0000000081700000| Untracked 
|  24|0x0000000081800000, 0x0000000081900000, 0x0000000081900000|100%| O|  |TAMS 0x0000000081900000, 0x0000000081800000| Untracked 
|  25|0x0000000081900000, 0x0000000081a00000, 0x0000000081a00000|100%| O|  |TAMS 0x0000000081a00000, 0x0000000081900000| Untracked 
|  26|0x0000000081a00000, 0x0000000081b00000, 0x0000000081b00000|100%| O|  |TAMS 0x0000000081b00000, 0x0000000081a00000| Untracked 
|  27|0x0000000081b00000, 0x0000000081c00000, 0x0000000081c00000|100%| O|  |TAMS 0x0000000081c00000, 0x0000000081b00000| Untracked 
|  28|0x0000000081c00000, 0x0000000081d00000, 0x0000000081d00000|100%|HS|  |TAMS 0x0000000081d00000, 0x0000000081c00000| Complete 
|  29|0x0000000081d00000, 0x0000000081e00000, 0x0000000081e00000|100%|HC|  |TAMS 0x0000000081e00000, 0x0000000081d00000| Complete 
|  30|0x0000000081e00000, 0x0000000081f00000, 0x0000000081f00000|100%|HC|  |TAMS 0x0000000081f00000, 0x0000000081e00000| Complete 
|  31|0x0000000081f00000, 0x0000000082000000, 0x0000000082000000|100%| O|  |TAMS 0x0000000082000000, 0x0000000081f00000| Untracked 
|  32|0x0000000082000000, 0x0000000082100000, 0x0000000082100000|100%| O|  |TAMS 0x0000000082100000, 0x0000000082000000| Untracked 
|  33|0x0000000082100000, 0x0000000082200000, 0x0000000082200000|100%| O|  |TAMS 0x0000000082200000, 0x0000000082100000| Untracked 
|  34|0x0000000082200000, 0x0000000082300000, 0x0000000082300000|100%| O|  |TAMS 0x0000000082300000, 0x0000000082200000| Untracked 
|  35|0x0000000082300000, 0x0000000082400000, 0x0000000082400000|100%| O|  |TAMS 0x0000000082400000, 0x0000000082300000| Untracked 
|  36|0x0000000082400000, 0x0000000082500000, 0x0000000082500000|100%| O|  |TAMS 0x0000000082500000, 0x0000000082400000| Untracked 
|  37|0x0000000082500000, 0x0000000082600000, 0x0000000082600000|100%| O|  |TAMS 0x0000000082600000, 0x0000000082500000| Untracked 
|  38|0x0000000082600000, 0x0000000082700000, 0x0000000082700000|100%| O|  |TAMS 0x0000000082700000, 0x0000000082600000| Untracked 
|  39|0x0000000082700000, 0x0000000082800000, 0x0000000082800000|100%| O|  |TAMS 0x0000000082800000, 0x0000000082700000| Untracked 
|  40|0x0000000082800000, 0x0000000082900000, 0x0000000082900000|100%|HS|  |TAMS 0x0000000082900000, 0x0000000082800000| Complete 
|  41|0x0000000082900000, 0x0000000082a00000, 0x0000000082a00000|100%|HS|  |TAMS 0x0000000082a00000, 0x0000000082900000| Complete 
|  42|0x0000000082a00000, 0x0000000082b00000, 0x0000000082b00000|100%|HS|  |TAMS 0x0000000082b00000, 0x0000000082a00000| Complete 
|  43|0x0000000082b00000, 0x0000000082c00000, 0x0000000082c00000|100%|HS|  |TAMS 0x0000000082c00000, 0x0000000082b00000| Complete 
|  44|0x0000000082c00000, 0x0000000082d00000, 0x0000000082d00000|100%|HC|  |TAMS 0x0000000082d00000, 0x0000000082c00000| Complete 
|  45|0x0000000082d00000, 0x0000000082e00000, 0x0000000082e00000|100%| O|  |TAMS 0x0000000082e00000, 0x0000000082d00000| Untracked 
|  46|0x0000000082e00000, 0x0000000082f00000, 0x0000000082f00000|100%| O|  |TAMS 0x0000000082e00000, 0x0000000082e00000| Untracked 
|  47|0x0000000082f00000, 0x0000000083000000, 0x0000000083000000|100%| O|  |TAMS 0x0000000083000000, 0x0000000082f00000| Untracked 
|  48|0x0000000083000000, 0x0000000083100000, 0x0000000083100000|100%| O|  |TAMS 0x0000000083100000, 0x0000000083000000| Untracked 
|  49|0x0000000083100000, 0x0000000083200000, 0x0000000083200000|100%| O|  |TAMS 0x0000000083200000, 0x0000000083100000| Untracked 
|  50|0x0000000083200000, 0x0000000083300000, 0x0000000083300000|100%| O|  |TAMS 0x0000000083200000, 0x0000000083200000| Untracked 
|  51|0x0000000083300000, 0x0000000083400000, 0x0000000083400000|100%| O|  |TAMS 0x0000000083400000, 0x0000000083300000| Untracked 
|  52|0x0000000083400000, 0x0000000083500000, 0x0000000083500000|100%| O|  |TAMS 0x0000000083500000, 0x0000000083400000| Untracked 
|  53|0x0000000083500000, 0x0000000083600000, 0x0000000083600000|100%| O|  |TAMS 0x0000000083600000, 0x0000000083500000| Untracked 
|  54|0x0000000083600000, 0x0000000083700000, 0x0000000083700000|100%| O|  |TAMS 0x0000000083600000, 0x0000000083600000| Untracked 
|  55|0x0000000083700000, 0x0000000083800000, 0x0000000083800000|100%| O|  |TAMS 0x0000000083800000, 0x0000000083700000| Untracked 
|  56|0x0000000083800000, 0x0000000083900000, 0x0000000083900000|100%| O|  |TAMS 0x0000000083900000, 0x0000000083800000| Untracked 
|  57|0x0000000083900000, 0x0000000083a00000, 0x0000000083a00000|100%| O|  |TAMS 0x0000000083a00000, 0x0000000083900000| Untracked 
|  58|0x0000000083a00000, 0x0000000083b00000, 0x0000000083b00000|100%| O|  |TAMS 0x0000000083b00000, 0x0000000083a00000| Untracked 
|  59|0x0000000083b00000, 0x0000000083c00000, 0x0000000083c00000|100%| O|  |TAMS 0x0000000083c00000, 0x0000000083b00000| Untracked 
|  60|0x0000000083c00000, 0x0000000083d00000, 0x0000000083d00000|100%| O|  |TAMS 0x0000000083d00000, 0x0000000083c00000| Untracked 
|  61|0x0000000083d00000, 0x0000000083e00000, 0x0000000083e00000|100%| O|  |TAMS 0x0000000083e00000, 0x0000000083d00000| Untracked 
|  62|0x0000000083e00000, 0x0000000083f00000, 0x0000000083f00000|100%| O|  |TAMS 0x0000000083f00000, 0x0000000083e00000| Untracked 
|  63|0x0000000083f00000, 0x0000000084000000, 0x0000000084000000|100%| O|  |TAMS 0x0000000084000000, 0x0000000083f00000| Untracked 
|  64|0x0000000084000000, 0x0000000084100000, 0x0000000084100000|100%| O|  |TAMS 0x0000000084100000, 0x0000000084000000| Untracked 
|  65|0x0000000084100000, 0x0000000084200000, 0x0000000084200000|100%| O|  |TAMS 0x0000000084100000, 0x0000000084100000| Untracked 
|  66|0x0000000084200000, 0x0000000084300000, 0x0000000084300000|100%| O|  |TAMS 0x0000000084300000, 0x0000000084200000| Untracked 
|  67|0x0000000084300000, 0x0000000084400000, 0x0000000084400000|100%| O|  |TAMS 0x0000000084400000, 0x0000000084300000| Untracked 
|  68|0x0000000084400000, 0x0000000084500000, 0x0000000084500000|100%| O|  |TAMS 0x0000000084500000, 0x0000000084400000| Untracked 
|  69|0x0000000084500000, 0x0000000084600000, 0x0000000084600000|100%| O|  |TAMS 0x0000000084500000, 0x0000000084500000| Untracked 
|  70|0x0000000084600000, 0x0000000084700000, 0x0000000084700000|100%| O|  |TAMS 0x0000000084700000, 0x0000000084600000| Untracked 
|  71|0x0000000084700000, 0x0000000084800000, 0x0000000084800000|100%| O|  |TAMS 0x0000000084700000, 0x0000000084700000| Untracked 
|  72|0x0000000084800000, 0x0000000084900000, 0x0000000084900000|100%| O|  |TAMS 0x0000000084900000, 0x0000000084800000| Untracked 
|  73|0x0000000084900000, 0x0000000084a00000, 0x0000000084a00000|100%| O|  |TAMS 0x0000000084a00000, 0x0000000084900000| Untracked 
|  74|0x0000000084a00000, 0x0000000084b00000, 0x0000000084b00000|100%| O|  |TAMS 0x0000000084b00000, 0x0000000084a00000| Untracked 
|  75|0x0000000084b00000, 0x0000000084c00000, 0x0000000084c00000|100%| O|  |TAMS 0x0000000084c00000, 0x0000000084b00000| Untracked 
|  76|0x0000000084c00000, 0x0000000084d00000, 0x0000000084d00000|100%| O|  |TAMS 0x0000000084d00000, 0x0000000084c00000| Untracked 
|  77|0x0000000084d00000, 0x0000000084e00000, 0x0000000084e00000|100%| O|  |TAMS 0x0000000084d00000, 0x0000000084d00000| Untracked 
|  78|0x0000000084e00000, 0x0000000084f00000, 0x0000000084f00000|100%| O|  |TAMS 0x0000000084e00000, 0x0000000084e00000| Untracked 
|  79|0x0000000084f00000, 0x0000000085000000, 0x0000000085000000|100%| O|  |TAMS 0x0000000085000000, 0x0000000084f00000| Untracked 
|  80|0x0000000085000000, 0x0000000085100000, 0x0000000085100000|100%| O|  |TAMS 0x0000000085000000, 0x0000000085000000| Untracked 
|  81|0x0000000085100000, 0x0000000085200000, 0x0000000085200000|100%| O|  |TAMS 0x0000000085200000, 0x0000000085100000| Untracked 
|  82|0x0000000085200000, 0x0000000085300000, 0x0000000085300000|100%| O|  |TAMS 0x0000000085300000, 0x0000000085200000| Untracked 
|  83|0x0000000085300000, 0x0000000085400000, 0x0000000085400000|100%| O|  |TAMS 0x0000000085400000, 0x0000000085300000| Untracked 
|  84|0x0000000085400000, 0x0000000085500000, 0x0000000085500000|100%| O|  |TAMS 0x0000000085500000, 0x0000000085400000| Untracked 
|  85|0x0000000085500000, 0x0000000085600000, 0x0000000085600000|100%|HS|  |TAMS 0x0000000085600000, 0x0000000085500000| Complete 
|  86|0x0000000085600000, 0x0000000085700000, 0x0000000085700000|100%|HS|  |TAMS 0x0000000085700000, 0x0000000085600000| Complete 
|  87|0x0000000085700000, 0x0000000085800000, 0x0000000085800000|100%|HS|  |TAMS 0x0000000085800000, 0x0000000085700000| Complete 
|  88|0x0000000085800000, 0x0000000085900000, 0x0000000085900000|100%|HC|  |TAMS 0x0000000085900000, 0x0000000085800000| Complete 
|  89|0x0000000085900000, 0x0000000085a00000, 0x0000000085a00000|100%|HC|  |TAMS 0x0000000085a00000, 0x0000000085900000| Complete 
|  90|0x0000000085a00000, 0x0000000085b00000, 0x0000000085b00000|100%| O|  |TAMS 0x0000000085b00000, 0x0000000085a00000| Untracked 
|  91|0x0000000085b00000, 0x0000000085c00000, 0x0000000085c00000|100%| O|  |TAMS 0x0000000085b00000, 0x0000000085b00000| Untracked 
|  92|0x0000000085c00000, 0x0000000085d00000, 0x0000000085d00000|100%| O|  |TAMS 0x0000000085d00000, 0x0000000085c00000| Untracked 
|  93|0x0000000085d00000, 0x0000000085e00000, 0x0000000085e00000|100%| O|  |TAMS 0x0000000085e00000, 0x0000000085d00000| Untracked 
|  94|0x0000000085e00000, 0x0000000085f00000, 0x0000000085f00000|100%| O|  |TAMS 0x0000000085f00000, 0x0000000085e00000| Untracked 
|  95|0x0000000085f00000, 0x0000000086000000, 0x0000000086000000|100%| O|  |TAMS 0x0000000086000000, 0x0000000085f00000| Untracked 
|  96|0x0000000086000000, 0x0000000086100000, 0x0000000086100000|100%| O|  |TAMS 0x0000000086100000, 0x0000000086000000| Untracked 
|  97|0x0000000086100000, 0x0000000086200000, 0x0000000086200000|100%| O|  |TAMS 0x0000000086200000, 0x0000000086100000| Untracked 
|  98|0x0000000086200000, 0x0000000086300000, 0x0000000086300000|100%| O|  |TAMS 0x0000000086300000, 0x0000000086200000| Untracked 
|  99|0x0000000086300000, 0x0000000086400000, 0x0000000086400000|100%| O|  |TAMS 0x0000000086300000, 0x0000000086300000| Untracked 
| 100|0x0000000086400000, 0x0000000086500000, 0x0000000086500000|100%| O|  |TAMS 0x0000000086500000, 0x0000000086400000| Untracked 
| 101|0x0000000086500000, 0x0000000086600000, 0x0000000086600000|100%| O|  |TAMS 0x0000000086600000, 0x0000000086500000| Untracked 
| 102|0x0000000086600000, 0x0000000086700000, 0x0000000086700000|100%| O|  |TAMS 0x0000000086700000, 0x0000000086600000| Untracked 
| 103|0x0000000086700000, 0x0000000086800000, 0x0000000086800000|100%| O|  |TAMS 0x0000000086800000, 0x0000000086700000| Untracked 
| 104|0x0000000086800000, 0x0000000086900000, 0x0000000086900000|100%| O|  |TAMS 0x0000000086900000, 0x0000000086800000| Untracked 
| 105|0x0000000086900000, 0x0000000086a00000, 0x0000000086a00000|100%| O|  |TAMS 0x0000000086900000, 0x0000000086900000| Untracked 
| 106|0x0000000086a00000, 0x0000000086b00000, 0x0000000086b00000|100%| O|  |TAMS 0x0000000086b00000, 0x0000000086a00000| Untracked 
| 107|0x0000000086b00000, 0x0000000086c00000, 0x0000000086c00000|100%| O|  |TAMS 0x0000000086c00000, 0x0000000086b00000| Untracked 
| 108|0x0000000086c00000, 0x0000000086d00000, 0x0000000086d00000|100%| O|  |TAMS 0x0000000086d00000, 0x0000000086c00000| Untracked 
| 109|0x0000000086d00000, 0x0000000086e00000, 0x0000000086e00000|100%| O|  |TAMS 0x0000000086e00000, 0x0000000086d00000| Untracked 
| 110|0x0000000086e00000, 0x0000000086f00000, 0x0000000086f00000|100%| O|  |TAMS 0x0000000086f00000, 0x0000000086e00000| Untracked 
| 111|0x0000000086f00000, 0x0000000087000000, 0x0000000087000000|100%| O|  |TAMS 0x0000000087000000, 0x0000000086f00000| Untracked 
| 112|0x0000000087000000, 0x0000000087100000, 0x0000000087100000|100%| O|  |TAMS 0x0000000087100000, 0x0000000087000000| Untracked 
| 113|0x0000000087100000, 0x0000000087200000, 0x0000000087200000|100%| O|  |TAMS 0x0000000087200000, 0x0000000087100000| Untracked 
| 114|0x0000000087200000, 0x0000000087300000, 0x0000000087300000|100%| O|  |TAMS 0x0000000087300000, 0x0000000087200000| Untracked 
| 115|0x0000000087300000, 0x0000000087400000, 0x0000000087400000|100%| O|  |TAMS 0x0000000087300000, 0x0000000087300000| Untracked 
| 116|0x0000000087400000, 0x0000000087500000, 0x0000000087500000|100%| O|  |TAMS 0x0000000087400000, 0x0000000087400000| Untracked 
| 117|0x0000000087500000, 0x0000000087600000, 0x0000000087600000|100%| O|  |TAMS 0x0000000087600000, 0x0000000087500000| Untracked 
| 118|0x0000000087600000, 0x0000000087700000, 0x0000000087700000|100%| O|  |TAMS 0x0000000087700000, 0x0000000087600000| Untracked 
| 119|0x0000000087700000, 0x0000000087800000, 0x0000000087800000|100%| O|  |TAMS 0x0000000087800000, 0x0000000087700000| Untracked 
| 120|0x0000000087800000, 0x0000000087900000, 0x0000000087900000|100%| O|  |TAMS 0x0000000087900000, 0x0000000087800000| Untracked 
| 121|0x0000000087900000, 0x0000000087a00000, 0x0000000087a00000|100%| O|  |TAMS 0x0000000087900000, 0x0000000087900000| Untracked 
| 122|0x0000000087a00000, 0x0000000087a00000, 0x0000000087b00000|  0%| F|  |TAMS 0x0000000087a00000, 0x0000000087a00000| Untracked 
| 123|0x0000000087b00000, 0x0000000087c00000, 0x0000000087c00000|100%| O|  |TAMS 0x0000000087c00000, 0x0000000087b00000| Untracked 
| 124|0x0000000087c00000, 0x0000000087d00000, 0x0000000087d00000|100%| O|  |TAMS 0x0000000087d00000, 0x0000000087c00000| Untracked 
| 125|0x0000000087d00000, 0x0000000087e00000, 0x0000000087e00000|100%| O|  |TAMS 0x0000000087e00000, 0x0000000087d00000| Untracked 
| 126|0x0000000087e00000, 0x0000000087e00000, 0x0000000087f00000|  0%| F|  |TAMS 0x0000000087e00000, 0x0000000087e00000| Untracked 
| 127|0x0000000087f00000, 0x0000000088000000, 0x0000000088000000|100%| O|  |TAMS 0x0000000088000000, 0x0000000087f00000| Untracked 
| 128|0x0000000088000000, 0x0000000088100000, 0x0000000088100000|100%| O|  |TAMS 0x0000000088100000, 0x0000000088000000| Untracked 
| 129|0x0000000088100000, 0x0000000088200000, 0x0000000088200000|100%| O|  |TAMS 0x0000000088200000, 0x0000000088100000| Untracked 
| 130|0x0000000088200000, 0x0000000088300000, 0x0000000088300000|100%| O|  |TAMS 0x0000000088300000, 0x0000000088200000| Untracked 
| 131|0x0000000088300000, 0x0000000088400000, 0x0000000088400000|100%| O|  |TAMS 0x0000000088400000, 0x0000000088300000| Untracked 
| 132|0x0000000088400000, 0x0000000088400000, 0x0000000088500000|  0%| F|  |TAMS 0x0000000088400000, 0x0000000088400000| Untracked 
| 133|0x0000000088500000, 0x0000000088500000, 0x0000000088600000|  0%| F|  |TAMS 0x0000000088500000, 0x0000000088500000| Untracked 
| 134|0x0000000088600000, 0x0000000088700000, 0x0000000088700000|100%| O|  |TAMS 0x0000000088600000, 0x0000000088600000| Untracked 
| 135|0x0000000088700000, 0x0000000088800000, 0x0000000088800000|100%| O|  |TAMS 0x0000000088700000, 0x0000000088700000| Untracked 
| 136|0x0000000088800000, 0x0000000088900000, 0x0000000088900000|100%| O|  |TAMS 0x0000000088800000, 0x0000000088800000| Untracked 
| 137|0x0000000088900000, 0x0000000088a00000, 0x0000000088a00000|100%| O|  |TAMS 0x0000000088900000, 0x0000000088900000| Untracked 
| 138|0x0000000088a00000, 0x0000000088b00000, 0x0000000088b00000|100%| O|  |TAMS 0x0000000088a00000, 0x0000000088a00000| Untracked 
| 139|0x0000000088b00000, 0x0000000088c00000, 0x0000000088c00000|100%| O|  |TAMS 0x0000000088b00000, 0x0000000088b00000| Untracked 
| 140|0x0000000088c00000, 0x0000000088d00000, 0x0000000088d00000|100%| O|  |TAMS 0x0000000088d00000, 0x0000000088c00000| Untracked 
| 141|0x0000000088d00000, 0x0000000088d00000, 0x0000000088e00000|  0%| F|  |TAMS 0x0000000088d00000, 0x0000000088d00000| Untracked 
| 142|0x0000000088e00000, 0x0000000088f00000, 0x0000000088f00000|100%| O|  |TAMS 0x0000000088f00000, 0x0000000088e00000| Untracked 
| 143|0x0000000088f00000, 0x0000000089000000, 0x0000000089000000|100%| O|  |TAMS 0x0000000088f00000, 0x0000000088f00000| Untracked 
| 144|0x0000000089000000, 0x0000000089100000, 0x0000000089100000|100%| O|  |TAMS 0x0000000089100000, 0x0000000089000000| Untracked 
| 145|0x0000000089100000, 0x0000000089200000, 0x0000000089200000|100%| O|  |TAMS 0x0000000089200000, 0x0000000089100000| Untracked 
| 146|0x0000000089200000, 0x0000000089300000, 0x0000000089300000|100%| O|  |TAMS 0x0000000089200000, 0x0000000089200000| Untracked 
| 147|0x0000000089300000, 0x0000000089400000, 0x0000000089400000|100%| O|  |TAMS 0x0000000089400000, 0x0000000089300000| Untracked 
| 148|0x0000000089400000, 0x0000000089500000, 0x0000000089500000|100%| O|  |TAMS 0x0000000089400000, 0x0000000089400000| Untracked 
| 149|0x0000000089500000, 0x0000000089600000, 0x0000000089600000|100%| O|  |TAMS 0x0000000089500000, 0x0000000089500000| Untracked 
| 150|0x0000000089600000, 0x0000000089700000, 0x0000000089700000|100%| O|  |TAMS 0x0000000089700000, 0x0000000089600000| Untracked 
| 151|0x0000000089700000, 0x0000000089800000, 0x0000000089800000|100%| O|  |TAMS 0x0000000089800000, 0x0000000089700000| Untracked 
| 152|0x0000000089800000, 0x0000000089900000, 0x0000000089900000|100%| O|  |TAMS 0x0000000089900000, 0x0000000089800000| Untracked 
| 153|0x0000000089900000, 0x0000000089a00000, 0x0000000089a00000|100%| O|  |TAMS 0x0000000089a00000, 0x0000000089900000| Untracked 
| 154|0x0000000089a00000, 0x0000000089b00000, 0x0000000089b00000|100%| O|  |TAMS 0x0000000089b00000, 0x0000000089a00000| Untracked 
| 155|0x0000000089b00000, 0x0000000089c00000, 0x0000000089c00000|100%| O|  |TAMS 0x0000000089c00000, 0x0000000089b00000| Untracked 
| 156|0x0000000089c00000, 0x0000000089d00000, 0x0000000089d00000|100%| O|  |TAMS 0x0000000089d00000, 0x0000000089c00000| Untracked 
| 157|0x0000000089d00000, 0x0000000089e00000, 0x0000000089e00000|100%| O|  |TAMS 0x0000000089d00000, 0x0000000089d00000| Untracked 
| 158|0x0000000089e00000, 0x0000000089f00000, 0x0000000089f00000|100%| O|  |TAMS 0x0000000089f00000, 0x0000000089e00000| Untracked 
| 159|0x0000000089f00000, 0x000000008a000000, 0x000000008a000000|100%| O|  |TAMS 0x000000008a000000, 0x0000000089f00000| Untracked 
| 160|0x000000008a000000, 0x000000008a100000, 0x000000008a100000|100%| O|  |TAMS 0x000000008a100000, 0x000000008a000000| Untracked 
| 161|0x000000008a100000, 0x000000008a200000, 0x000000008a200000|100%| O|  |TAMS 0x000000008a200000, 0x000000008a100000| Untracked 
| 162|0x000000008a200000, 0x000000008a300000, 0x000000008a300000|100%| O|  |TAMS 0x000000008a300000, 0x000000008a200000| Untracked 
| 163|0x000000008a300000, 0x000000008a400000, 0x000000008a400000|100%| O|  |TAMS 0x000000008a400000, 0x000000008a300000| Untracked 
| 164|0x000000008a400000, 0x000000008a500000, 0x000000008a500000|100%| O|  |TAMS 0x000000008a500000, 0x000000008a400000| Untracked 
| 165|0x000000008a500000, 0x000000008a600000, 0x000000008a600000|100%| O|  |TAMS 0x000000008a600000, 0x000000008a500000| Untracked 
| 166|0x000000008a600000, 0x000000008a600000, 0x000000008a700000|  0%| F|  |TAMS 0x000000008a600000, 0x000000008a600000| Untracked 
| 167|0x000000008a700000, 0x000000008a800000, 0x000000008a800000|100%| O|  |TAMS 0x000000008a700000, 0x000000008a700000| Untracked 
| 168|0x000000008a800000, 0x000000008a900000, 0x000000008a900000|100%| O|  |TAMS 0x000000008a800000, 0x000000008a800000| Untracked 
| 169|0x000000008a900000, 0x000000008aa00000, 0x000000008aa00000|100%| O|  |TAMS 0x000000008aa00000, 0x000000008a900000| Untracked 
| 170|0x000000008aa00000, 0x000000008ab00000, 0x000000008ab00000|100%| O|  |TAMS 0x000000008aa00000, 0x000000008aa00000| Untracked 
| 171|0x000000008ab00000, 0x000000008ac00000, 0x000000008ac00000|100%| O|  |TAMS 0x000000008ac00000, 0x000000008ab00000| Untracked 
| 172|0x000000008ac00000, 0x000000008ad00000, 0x000000008ad00000|100%| O|  |TAMS 0x000000008ad00000, 0x000000008ac00000| Untracked 
| 173|0x000000008ad00000, 0x000000008ae00000, 0x000000008ae00000|100%| O|  |TAMS 0x000000008ad00000, 0x000000008ad00000| Untracked 
| 174|0x000000008ae00000, 0x000000008af00000, 0x000000008af00000|100%| O|  |TAMS 0x000000008ae00000, 0x000000008ae00000| Untracked 
| 175|0x000000008af00000, 0x000000008b000000, 0x000000008b000000|100%| O|  |TAMS 0x000000008b000000, 0x000000008af00000| Untracked 
| 176|0x000000008b000000, 0x000000008b100000, 0x000000008b100000|100%| O|  |TAMS 0x000000008b100000, 0x000000008b000000| Untracked 
| 177|0x000000008b100000, 0x000000008b100000, 0x000000008b200000|  0%| F|  |TAMS 0x000000008b100000, 0x000000008b100000| Untracked 
| 178|0x000000008b200000, 0x000000008b300000, 0x000000008b300000|100%| O|  |TAMS 0x000000008b200000, 0x000000008b200000| Untracked 
| 179|0x000000008b300000, 0x000000008b400000, 0x000000008b400000|100%| O|  |TAMS 0x000000008b400000, 0x000000008b300000| Untracked 
| 180|0x000000008b400000, 0x000000008b400000, 0x000000008b500000|  0%| F|  |TAMS 0x000000008b400000, 0x000000008b400000| Untracked 
| 181|0x000000008b500000, 0x000000008b600000, 0x000000008b600000|100%| O|  |TAMS 0x000000008b600000, 0x000000008b500000| Untracked 
| 182|0x000000008b600000, 0x000000008b700000, 0x000000008b700000|100%| O|  |TAMS 0x000000008b700000, 0x000000008b600000| Untracked 
| 183|0x000000008b700000, 0x000000008b700000, 0x000000008b800000|  0%| F|  |TAMS 0x000000008b700000, 0x000000008b700000| Untracked 
| 184|0x000000008b800000, 0x000000008b900000, 0x000000008b900000|100%| O|  |TAMS 0x000000008b800000, 0x000000008b800000| Untracked 
| 185|0x000000008b900000, 0x000000008b900000, 0x000000008ba00000|  0%| F|  |TAMS 0x000000008b900000, 0x000000008b900000| Untracked 
| 186|0x000000008ba00000, 0x000000008bb00000, 0x000000008bb00000|100%| O|  |TAMS 0x000000008bb00000, 0x000000008ba00000| Untracked 
| 187|0x000000008bb00000, 0x000000008bb00000, 0x000000008bc00000|  0%| F|  |TAMS 0x000000008bb00000, 0x000000008bb00000| Untracked 
| 188|0x000000008bc00000, 0x000000008bc00000, 0x000000008bd00000|  0%| F|  |TAMS 0x000000008bc00000, 0x000000008bc00000| Untracked 
| 189|0x000000008bd00000, 0x000000008bd00000, 0x000000008be00000|  0%| F|  |TAMS 0x000000008bd00000, 0x000000008bd00000| Untracked 
| 190|0x000000008be00000, 0x000000008bf00000, 0x000000008bf00000|100%| O|  |TAMS 0x000000008be00000, 0x000000008be00000| Untracked 
| 191|0x000000008bf00000, 0x000000008bf00000, 0x000000008c000000|  0%| F|  |TAMS 0x000000008bf00000, 0x000000008bf00000| Untracked 
| 192|0x000000008c000000, 0x000000008c100000, 0x000000008c100000|100%| O|  |TAMS 0x000000008c000000, 0x000000008c000000| Untracked 
| 193|0x000000008c100000, 0x000000008c200000, 0x000000008c200000|100%| O|  |TAMS 0x000000008c100000, 0x000000008c100000| Untracked 
| 194|0x000000008c200000, 0x000000008c200000, 0x000000008c300000|  0%| F|  |TAMS 0x000000008c200000, 0x000000008c200000| Untracked 
| 195|0x000000008c300000, 0x000000008c300000, 0x000000008c400000|  0%| F|  |TAMS 0x000000008c300000, 0x000000008c300000| Untracked 
| 196|0x000000008c400000, 0x000000008c400000, 0x000000008c500000|  0%| F|  |TAMS 0x000000008c400000, 0x000000008c400000| Untracked 
| 197|0x000000008c500000, 0x000000008c500000, 0x000000008c600000|  0%| F|  |TAMS 0x000000008c500000, 0x000000008c500000| Untracked 
| 198|0x000000008c600000, 0x000000008c600000, 0x000000008c700000|  0%| F|  |TAMS 0x000000008c600000, 0x000000008c600000| Untracked 
| 199|0x000000008c700000, 0x000000008c700000, 0x000000008c800000|  0%| F|  |TAMS 0x000000008c700000, 0x000000008c700000| Untracked 
| 200|0x000000008c800000, 0x000000008c800000, 0x000000008c900000|  0%| F|  |TAMS 0x000000008c800000, 0x000000008c800000| Untracked 
| 201|0x000000008c900000, 0x000000008c900000, 0x000000008ca00000|  0%| F|  |TAMS 0x000000008c900000, 0x000000008c900000| Untracked 
| 202|0x000000008ca00000, 0x000000008ca00000, 0x000000008cb00000|  0%| F|  |TAMS 0x000000008ca00000, 0x000000008ca00000| Untracked 
| 203|0x000000008cb00000, 0x000000008cb00000, 0x000000008cc00000|  0%| F|  |TAMS 0x000000008cb00000, 0x000000008cb00000| Untracked 
| 204|0x000000008cc00000, 0x000000008cc00000, 0x000000008cd00000|  0%| F|  |TAMS 0x000000008cc00000, 0x000000008cc00000| Untracked 
| 205|0x000000008cd00000, 0x000000008cd00000, 0x000000008ce00000|  0%| F|  |TAMS 0x000000008cd00000, 0x000000008cd00000| Untracked 
| 206|0x000000008ce00000, 0x000000008ce00000, 0x000000008cf00000|  0%| F|  |TAMS 0x000000008ce00000, 0x000000008ce00000| Untracked 
| 207|0x000000008cf00000, 0x000000008cf00000, 0x000000008d000000|  0%| F|  |TAMS 0x000000008cf00000, 0x000000008cf00000| Untracked 
| 208|0x000000008d000000, 0x000000008d000000, 0x000000008d100000|  0%| F|  |TAMS 0x000000008d000000, 0x000000008d000000| Untracked 
| 209|0x000000008d100000, 0x000000008d200000, 0x000000008d200000|100%| O|  |TAMS 0x000000008d200000, 0x000000008d100000| Untracked 
| 210|0x000000008d200000, 0x000000008d200000, 0x000000008d300000|  0%| F|  |TAMS 0x000000008d200000, 0x000000008d200000| Untracked 
| 211|0x000000008d300000, 0x000000008d400000, 0x000000008d400000|100%|HS|  |TAMS 0x000000008d300000, 0x000000008d300000| Complete 
| 212|0x000000008d400000, 0x000000008d500000, 0x000000008d500000|100%|HC|  |TAMS 0x000000008d400000, 0x000000008d400000| Complete 
| 213|0x000000008d500000, 0x000000008d600000, 0x000000008d600000|100%| O|  |TAMS 0x000000008d500000, 0x000000008d500000| Untracked 
| 214|0x000000008d600000, 0x000000008d700000, 0x000000008d700000|100%| O|  |TAMS 0x000000008d600000, 0x000000008d600000| Untracked 
| 215|0x000000008d700000, 0x000000008d700000, 0x000000008d800000|  0%| F|  |TAMS 0x000000008d700000, 0x000000008d700000| Untracked 
| 216|0x000000008d800000, 0x000000008d800000, 0x000000008d900000|  0%| F|  |TAMS 0x000000008d800000, 0x000000008d800000| Untracked 
| 217|0x000000008d900000, 0x000000008da00000, 0x000000008da00000|100%| O|  |TAMS 0x000000008d900000, 0x000000008d900000| Untracked 
| 218|0x000000008da00000, 0x000000008db00000, 0x000000008db00000|100%| O|  |TAMS 0x000000008da00000, 0x000000008da00000| Untracked 
| 219|0x000000008db00000, 0x000000008db00000, 0x000000008dc00000|  0%| F|  |TAMS 0x000000008db00000, 0x000000008db00000| Untracked 
| 220|0x000000008dc00000, 0x000000008dc00000, 0x000000008dd00000|  0%| F|  |TAMS 0x000000008dc00000, 0x000000008dc00000| Untracked 
| 221|0x000000008dd00000, 0x000000008dd00000, 0x000000008de00000|  0%| F|  |TAMS 0x000000008dd00000, 0x000000008dd00000| Untracked 
| 222|0x000000008de00000, 0x000000008de00000, 0x000000008df00000|  0%| F|  |TAMS 0x000000008de00000, 0x000000008de00000| Untracked 
| 223|0x000000008df00000, 0x000000008df00000, 0x000000008e000000|  0%| F|  |TAMS 0x000000008df00000, 0x000000008df00000| Untracked 
| 224|0x000000008e000000, 0x000000008e000000, 0x000000008e100000|  0%| F|  |TAMS 0x000000008e000000, 0x000000008e000000| Untracked 
| 225|0x000000008e100000, 0x000000008e100000, 0x000000008e200000|  0%| F|  |TAMS 0x000000008e100000, 0x000000008e100000| Untracked 
| 226|0x000000008e200000, 0x000000008e200000, 0x000000008e300000|  0%| F|  |TAMS 0x000000008e200000, 0x000000008e200000| Untracked 
| 227|0x000000008e300000, 0x000000008e300000, 0x000000008e400000|  0%| F|  |TAMS 0x000000008e300000, 0x000000008e300000| Untracked 
| 228|0x000000008e400000, 0x000000008e400000, 0x000000008e500000|  0%| F|  |TAMS 0x000000008e400000, 0x000000008e400000| Untracked 
| 229|0x000000008e500000, 0x000000008e500000, 0x000000008e600000|  0%| F|  |TAMS 0x000000008e500000, 0x000000008e500000| Untracked 
| 230|0x000000008e600000, 0x000000008e600000, 0x000000008e700000|  0%| F|  |TAMS 0x000000008e600000, 0x000000008e600000| Untracked 
| 231|0x000000008e700000, 0x000000008e800000, 0x000000008e800000|100%| S|CS|TAMS 0x000000008e700000, 0x000000008e700000| Complete 
| 232|0x000000008e800000, 0x000000008e900000, 0x000000008e900000|100%| S|CS|TAMS 0x000000008e800000, 0x000000008e800000| Complete 
| 233|0x000000008e900000, 0x000000008ea00000, 0x000000008ea00000|100%| S|CS|TAMS 0x000000008e900000, 0x000000008e900000| Complete 
| 234|0x000000008ea00000, 0x000000008eb00000, 0x000000008eb00000|100%| S|CS|TAMS 0x000000008ea00000, 0x000000008ea00000| Complete 
| 235|0x000000008eb00000, 0x000000008eb00000, 0x000000008ec00000|  0%| F|  |TAMS 0x000000008eb00000, 0x000000008eb00000| Untracked 
| 236|0x000000008ec00000, 0x000000008ec00000, 0x000000008ed00000|  0%| F|  |TAMS 0x000000008ec00000, 0x000000008ec00000| Untracked 
| 237|0x000000008ed00000, 0x000000008ed00000, 0x000000008ee00000|  0%| F|  |TAMS 0x000000008ed00000, 0x000000008ed00000| Untracked 
| 238|0x000000008ee00000, 0x000000008ee00000, 0x000000008ef00000|  0%| F|  |TAMS 0x000000008ee00000, 0x000000008ee00000| Untracked 
| 239|0x000000008ef00000, 0x000000008ef00000, 0x000000008f000000|  0%| F|  |TAMS 0x000000008ef00000, 0x000000008ef00000| Untracked 
| 240|0x000000008f000000, 0x000000008f000000, 0x000000008f100000|  0%| F|  |TAMS 0x000000008f000000, 0x000000008f000000| Untracked 
| 241|0x000000008f100000, 0x000000008f100000, 0x000000008f200000|  0%| F|  |TAMS 0x000000008f100000, 0x000000008f100000| Untracked 
| 242|0x000000008f200000, 0x000000008f200000, 0x000000008f300000|  0%| F|  |TAMS 0x000000008f200000, 0x000000008f200000| Untracked 
| 243|0x000000008f300000, 0x000000008f300000, 0x000000008f400000|  0%| F|  |TAMS 0x000000008f300000, 0x000000008f300000| Untracked 
| 244|0x000000008f400000, 0x000000008f400000, 0x000000008f500000|  0%| F|  |TAMS 0x000000008f400000, 0x000000008f400000| Untracked 
| 245|0x000000008f500000, 0x000000008f500000, 0x000000008f600000|  0%| F|  |TAMS 0x000000008f500000, 0x000000008f500000| Untracked 
| 246|0x000000008f600000, 0x000000008f600000, 0x000000008f700000|  0%| F|  |TAMS 0x000000008f600000, 0x000000008f600000| Untracked 
| 247|0x000000008f700000, 0x000000008f700000, 0x000000008f800000|  0%| F|  |TAMS 0x000000008f700000, 0x000000008f700000| Untracked 
| 248|0x000000008f800000, 0x000000008f800000, 0x000000008f900000|  0%| F|  |TAMS 0x000000008f800000, 0x000000008f800000| Untracked 
| 249|0x000000008f900000, 0x000000008f900000, 0x000000008fa00000|  0%| F|  |TAMS 0x000000008f900000, 0x000000008f900000| Untracked 
| 250|0x000000008fa00000, 0x000000008fa00000, 0x000000008fb00000|  0%| F|  |TAMS 0x000000008fa00000, 0x000000008fa00000| Untracked 
| 251|0x000000008fb00000, 0x000000008fb00000, 0x000000008fc00000|  0%| F|  |TAMS 0x000000008fb00000, 0x000000008fb00000| Untracked 
| 252|0x000000008fc00000, 0x000000008fc00000, 0x000000008fd00000|  0%| F|  |TAMS 0x000000008fc00000, 0x000000008fc00000| Untracked 
| 253|0x000000008fd00000, 0x000000008fd00000, 0x000000008fe00000|  0%| F|  |TAMS 0x000000008fd00000, 0x000000008fd00000| Untracked 
| 254|0x000000008fe00000, 0x000000008fe00000, 0x000000008ff00000|  0%| F|  |TAMS 0x000000008fe00000, 0x000000008fe00000| Untracked 
| 255|0x000000008ff00000, 0x000000008ff00000, 0x0000000090000000|  0%| F|  |TAMS 0x000000008ff00000, 0x000000008ff00000| Untracked 
| 256|0x0000000090000000, 0x0000000090000000, 0x0000000090100000|  0%| F|  |TAMS 0x0000000090000000, 0x0000000090000000| Untracked 
| 257|0x0000000090100000, 0x0000000090100000, 0x0000000090200000|  0%| F|  |TAMS 0x0000000090100000, 0x0000000090100000| Untracked 
| 258|0x0000000090200000, 0x0000000090200000, 0x0000000090300000|  0%| F|  |TAMS 0x0000000090200000, 0x0000000090200000| Untracked 
| 259|0x0000000090300000, 0x0000000090300000, 0x0000000090400000|  0%| F|  |TAMS 0x0000000090300000, 0x0000000090300000| Untracked 
| 260|0x0000000090400000, 0x0000000090400000, 0x0000000090500000|  0%| F|  |TAMS 0x0000000090400000, 0x0000000090400000| Untracked 
| 261|0x0000000090500000, 0x0000000090500000, 0x0000000090600000|  0%| F|  |TAMS 0x0000000090500000, 0x0000000090500000| Untracked 
| 262|0x0000000090600000, 0x0000000090600000, 0x0000000090700000|  0%| F|  |TAMS 0x0000000090600000, 0x0000000090600000| Untracked 
| 263|0x0000000090700000, 0x0000000090700000, 0x0000000090800000|  0%| F|  |TAMS 0x0000000090700000, 0x0000000090700000| Untracked 

Card table byte_map: [0x00000153a3900000,0x00000153a3d00000] _byte_map_base: 0x00000153a3500000

Marking Bits (Prev, Next): (CMBitMap*) 0x000001538c21bd88, (CMBitMap*) 0x000001538c21bdc0
 Prev Bits: [0x00000153a4100000, 0x00000153a6100000)
 Next Bits: [0x00000153a6100000, 0x00000153a8100000)

Polling page: 0x000001538b9c0000

Metaspace:

Usage:
  Non-class:    142.50 MB capacity,   139.25 MB ( 98%) used,     2.72 MB (  2%) free+waste,   551.19 KB ( <1%) overhead. 
      Class:     21.94 MB capacity,    19.89 MB ( 91%) used,     1.81 MB (  8%) free+waste,   246.06 KB (  1%) overhead. 
       Both:    164.45 MB capacity,   159.14 MB ( 97%) used,     4.53 MB (  3%) free+waste,   797.25 KB ( <1%) overhead. 

Virtual space:
  Non-class space:      144.00 MB reserved,     142.75 MB (>99%) committed 
      Class space:      504.00 MB reserved,      22.00 MB (  4%) committed 
             Both:      648.00 MB reserved,     164.75 MB ( 25%) committed 

Chunk freelists:
   Non-Class:  7.50 KB
       Class:  0 bytes
        Both:  7.50 KB

CodeHeap 'non-profiled nmethods': size=120064Kb used=15685Kb max_used=15685Kb free=104378Kb
 bounds [0x000001539bfc0000, 0x000001539cf20000, 0x00000153a3500000]
CodeHeap 'profiled nmethods': size=120000Kb used=57059Kb max_used=57059Kb free=62940Kb
 bounds [0x0000015394a90000, 0x0000015398280000, 0x000001539bfc0000]
CodeHeap 'non-nmethods': size=5696Kb used=2407Kb max_used=2465Kb free=3288Kb
 bounds [0x0000015394500000, 0x0000015394770000, 0x0000015394a90000]
 total_blobs=34619 nmethods=24122 adapters=955
 compilation: enabled
              stopped_count=0, restarted_count=0
 full_count=0

Compilation events (10 events):
Event: 2275.570 Thread 0x00000153aaf34800 27239       1       com.android.tools.r8.internal.nR0::c (5 bytes)
Event: 2275.570 Thread 0x00000153aaf34800 nmethod 27239 0x000001539cf10e10 code [0x000001539cf10fc0, 0x000001539cf110b8]
Event: 2275.570 Thread 0x00000153aaf34800 27244       1       com.android.tools.r8.graph.w::T (2 bytes)
Event: 2275.570 Thread 0x00000153aaf34800 nmethod 27244 0x000001539cf11190 code [0x000001539cf11340, 0x000001539cf11458]
Event: 2275.570 Thread 0x00000153aaf34800 27240       1       com.android.tools.r8.internal.gA0::a (5 bytes)
Event: 2275.570 Thread 0x00000153aaf34800 nmethod 27240 0x000001539cf11510 code [0x000001539cf116c0, 0x000001539cf117b8]
Event: 2275.570 Thread 0x00000153aaf34800 27243       1       com.android.tools.r8.internal.dm1::a (5 bytes)
Event: 2275.570 Thread 0x00000153aaf34800 nmethod 27243 0x000001539cf11890 code [0x000001539cf11a40, 0x000001539cf11b58]
Event: 2275.570 Thread 0x00000153aaf34800 27241       1       com.android.tools.r8.internal.bI0::b (5 bytes)
Event: 2275.570 Thread 0x00000153aaf34800 nmethod 27241 0x000001539cf11c10 code [0x000001539cf11dc0, 0x000001539cf11ed8]

GC Heap History (10 events):
Event: 2273.963 GC heap after
{Heap after GC invocations=89 (full 0):
 garbage-first heap   total 270336K, used 224486K [0x0000000080000000, 0x0000000100000000)
  region size 1024K, 3 young (3072K), 3 survivors (3072K)
 Metaspace       used 162068K, capacity 167455K, committed 167552K, reserved 661504K
  class space    used 20317K, capacity 22387K, committed 22400K, reserved 516096K
}
Event: 2274.661 GC heap before
{Heap before GC invocations=89 (full 0):
 garbage-first heap   total 270336K, used 220390K [0x0000000080000000, 0x0000000100000000)
  region size 1024K, 14 young (14336K), 3 survivors (3072K)
 Metaspace       used 162507K, capacity 167940K, committed 168192K, reserved 663552K
  class space    used 20361K, capacity 22463K, committed 22528K, reserved 516096K
}
Event: 2274.674 GC heap after
{Heap after GC invocations=90 (full 0):
 garbage-first heap   total 270336K, used 211909K [0x0000000080000000, 0x0000000100000000)
  region size 1024K, 2 young (2048K), 2 survivors (2048K)
 Metaspace       used 162507K, capacity 167940K, committed 168192K, reserved 663552K
  class space    used 20361K, capacity 22463K, committed 22528K, reserved 516096K
}
Event: 2274.845 GC heap before
{Heap before GC invocations=91 (full 0):
 garbage-first heap   total 270336K, used 229317K [0x0000000080000000, 0x0000000100000000)
  region size 1024K, 20 young (20480K), 2 survivors (2048K)
 Metaspace       used 162617K, capacity 168036K, committed 168192K, reserved 663552K
  class space    used 20366K, capacity 22469K, committed 22528K, reserved 516096K
}
Event: 2274.859 GC heap after
{Heap after GC invocations=92 (full 0):
 garbage-first heap   total 270336K, used 216619K [0x0000000080000000, 0x0000000100000000)
  region size 1024K, 3 young (3072K), 3 survivors (3072K)
 Metaspace       used 162617K, capacity 168036K, committed 168192K, reserved 663552K
  class space    used 20366K, capacity 22469K, committed 22528K, reserved 516096K
}
Event: 2274.948 GC heap before
{Heap before GC invocations=92 (full 0):
 garbage-first heap   total 270336K, used 225835K [0x0000000080000000, 0x0000000100000000)
  region size 1024K, 13 young (13312K), 3 survivors (3072K)
 Metaspace       used 162664K, capacity 168106K, committed 168192K, reserved 663552K
  class space    used 20366K, capacity 22469K, committed 22528K, reserved 516096K
}
Event: 2274.977 GC heap after
{Heap after GC invocations=93 (full 0):
 garbage-first heap   total 270336K, used 198279K [0x0000000080000000, 0x0000000100000000)
  region size 1024K, 2 young (2048K), 2 survivors (2048K)
 Metaspace       used 162664K, capacity 168106K, committed 168192K, reserved 663552K
  class space    used 20366K, capacity 22469K, committed 22528K, reserved 516096K
}
Event: 2275.056 GC heap before
{Heap before GC invocations=93 (full 0):
 garbage-first heap   total 270336K, used 209543K [0x0000000080000000, 0x0000000100000000)
  region size 1024K, 13 young (13312K), 2 survivors (2048K)
 Metaspace       used 162711K, capacity 168173K, committed 168448K, reserved 663552K
  class space    used 20366K, capacity 22469K, committed 22528K, reserved 516096K
}
Event: 2275.118 GC heap after
{Heap after GC invocations=94 (full 0):
 garbage-first heap   total 270336K, used 189201K [0x0000000080000000, 0x0000000100000000)
  region size 1024K, 2 young (2048K), 2 survivors (2048K)
 Metaspace       used 162711K, capacity 168173K, committed 168448K, reserved 663552K
  class space    used 20366K, capacity 22469K, committed 22528K, reserved 516096K
}
Event: 2275.586 GC heap before
{Heap before GC invocations=94 (full 0):
 garbage-first heap   total 270336K, used 216849K [0x0000000080000000, 0x0000000100000000)
  region size 1024K, 29 young (29696K), 2 survivors (2048K)
 Metaspace       used 162956K, capacity 168393K, committed 168704K, reserved 663552K
  class space    used 20367K, capacity 22469K, committed 22528K, reserved 516096K
}

Deoptimization events (10 events):
Event: 2274.691 Thread 0x00000153ae91e800 Uncommon trap: reason=unstable_if action=reinterpret pc=0x000001539cb6ae1c method=java.lang.Math.min(FF)F @ 11 c2
Event: 2274.719 Thread 0x00000153ae924000 Uncommon trap: reason=unstable_if action=reinterpret pc=0x000001539ceb2200 method=com.android.tools.r8.graph.W0.a(Lcom/android/tools/r8/graph/W0;)I @ 83 c2
Event: 2274.779 Thread 0x00000153b14b8000 Uncommon trap: reason=class_check action=maybe_recompile pc=0x000001539ce592dc method=com.android.tools.r8.internal.CX0.L()Z @ 6 c2
Event: 2274.779 Thread 0x00000153b14b8000 Uncommon trap: reason=class_check action=maybe_recompile pc=0x000001539ce592dc method=com.android.tools.r8.internal.CX0.L()Z @ 6 c2
Event: 2274.779 Thread 0x00000153b14b8000 Uncommon trap: reason=class_check action=maybe_recompile pc=0x000001539ce592dc method=com.android.tools.r8.internal.CX0.L()Z @ 6 c2
Event: 2274.779 Thread 0x00000153b14b8000 Uncommon trap: reason=class_check action=maybe_recompile pc=0x000001539ce592dc method=com.android.tools.r8.internal.CX0.L()Z @ 6 c2
Event: 2275.165 Thread 0x00000153b14b8000 Uncommon trap: reason=unstable_if action=reinterpret pc=0x000001539c46d134 method=com.android.tools.r8.internal.lH0.a(II[C)Ljava/lang/String; @ 32 c2
Event: 2275.166 Thread 0x00000153b14b8000 Uncommon trap: reason=unstable_if action=reinterpret pc=0x000001539c520e14 method=com.android.tools.r8.graph.W0.a(C)I @ 1 c2
Event: 2275.172 Thread 0x00000153b14b8000 Uncommon trap: reason=unstable_if action=reinterpret pc=0x000001539c641d58 method=com.android.tools.r8.graph.W0.a(C)I @ 1 c2
Event: 2275.172 Thread 0x00000153b14b8000 Uncommon trap: reason=unstable_if action=reinterpret pc=0x000001539c18be90 method=com.android.tools.r8.graph.W0.a(C[BI)I @ 1 c2

Classes redefined (0 events):
No events

Internal exceptions (10 events):
Event: 2273.134 Thread 0x00000153aec5d000 Exception <a 'sun/nio/fs/WindowsException'{0x00000000900820f0}> (0x00000000900820f0) thrown at [t:/workspace/open/src/hotspot/share/prims/jni.cpp, line 615]
Event: 2273.134 Thread 0x00000153aec5d000 Exception <a 'sun/nio/fs/WindowsException'{0x0000000090083ad0}> (0x0000000090083ad0) thrown at [t:/workspace/open/src/hotspot/share/prims/jni.cpp, line 615]
Event: 2273.134 Thread 0x00000153aec5d000 Exception <a 'sun/nio/fs/WindowsException'{0x0000000090083e00}> (0x0000000090083e00) thrown at [t:/workspace/open/src/hotspot/share/prims/jni.cpp, line 615]
Event: 2273.135 Thread 0x00000153aec5d000 Exception <a 'sun/nio/fs/WindowsException'{0x0000000090086fd8}> (0x0000000090086fd8) thrown at [t:/workspace/open/src/hotspot/share/prims/jni.cpp, line 615]
Event: 2273.441 Thread 0x00000153ae924000 Exception <a 'sun/nio/fs/WindowsException'{0x00000000902793a8}> (0x00000000902793a8) thrown at [t:/workspace/open/src/hotspot/share/prims/jni.cpp, line 615]
Event: 2274.476 Thread 0x00000153ae922800 Exception <a 'sun/nio/fs/WindowsException'{0x00000000904d7c00}> (0x00000000904d7c00) thrown at [t:/workspace/open/src/hotspot/share/prims/jni.cpp, line 615]
Event: 2274.501 Thread 0x00000153ae922800 Exception <a 'java/lang/NoSuchMethodError'{0x0000000090384b48}: <clinit>> (0x0000000090384b48) thrown at [t:/workspace/open/src/hotspot/share/prims/jni.cpp, line 1364]
Event: 2274.729 Thread 0x00000153b14b8000 Exception <a 'sun/nio/fs/WindowsException'{0x00000000906bbfb0}> (0x00000000906bbfb0) thrown at [t:/workspace/open/src/hotspot/share/prims/jni.cpp, line 615]
Event: 2275.236 Thread 0x00000153b14b8000 Exception <a 'sun/nio/fs/WindowsException'{0x000000008fd8e0d0}> (0x000000008fd8e0d0) thrown at [t:/workspace/open/src/hotspot/share/prims/jni.cpp, line 615]
Event: 2275.404 Thread 0x00000153ae924000 Exception <a 'sun/nio/fs/WindowsException'{0x000000008f7ad4e8}> (0x000000008f7ad4e8) thrown at [t:/workspace/open/src/hotspot/share/prims/jni.cpp, line 615]

Events (10 events):
Event: 2275.177 Executing VM operation: RevokeBias done
Event: 2275.177 Executing VM operation: RevokeBias
Event: 2275.177 Executing VM operation: RevokeBias done
Event: 2275.179 Executing VM operation: RevokeBias
Event: 2275.180 Executing VM operation: RevokeBias done
Event: 2275.180 Executing VM operation: RevokeBias
Event: 2275.180 Executing VM operation: RevokeBias done
Event: 2275.291 loading class com/android/tools/r8/internal/sL0
Event: 2275.291 loading class com/android/tools/r8/internal/sL0 done
Event: 2275.585 Executing VM operation: G1CollectForAllocation


Dynamic libraries:
0x00007ff74ac50000 - 0x00007ff74ac95000 	C:\Program Files\jdk-11.0.2\bin\java.exe
0x00007ffbffd20000 - 0x00007ffbfff29000 	C:\WINDOWS\SYSTEM32\ntdll.dll
0x00007ffbfeb90000 - 0x00007ffbfec4d000 	C:\WINDOWS\System32\KERNEL32.DLL
0x00007ffbfd350000 - 0x00007ffbfd6cd000 	C:\WINDOWS\System32\KERNELBASE.dll
0x00007ffbfe160000 - 0x00007ffbfe30d000 	C:\WINDOWS\System32\USER32.dll
0x00007ffbfd2a0000 - 0x00007ffbfd2c6000 	C:\WINDOWS\System32\win32u.dll
0x00007ffbff140000 - 0x00007ffbff169000 	C:\WINDOWS\System32\GDI32.dll
0x00007ffbfda90000 - 0x00007ffbfdba8000 	C:\WINDOWS\System32\gdi32full.dll
0x00007ffbfd200000 - 0x00007ffbfd29d000 	C:\WINDOWS\System32\msvcp_win.dll
0x00007ffbfd970000 - 0x00007ffbfda81000 	C:\WINDOWS\System32\ucrtbase.dll
0x00007ffbdf6f0000 - 0x00007ffbdf995000 	C:\WINDOWS\WinSxS\amd64_microsoft.windows.common-controls_6595b64144ccf1df_6.0.22000.120_none_9d947278b86cc467\COMCTL32.dll
0x00007ffbffb80000 - 0x00007ffbffc23000 	C:\WINDOWS\System32\msvcrt.dll
0x00007ffbfef70000 - 0x00007ffbfefa1000 	C:\WINDOWS\System32\IMM32.DLL
0x00007ffbd53b0000 - 0x00007ffbd53c6000 	C:\Program Files\jdk-11.0.2\bin\vcruntime140.dll
0x00007ffba5e10000 - 0x00007ffba5eba000 	C:\Program Files\jdk-11.0.2\bin\msvcp140.dll
0x00007ffb9a920000 - 0x00007ffb9b443000 	C:\Program Files\jdk-11.0.2\bin\server\jvm.dll
0x00007ffbff930000 - 0x00007ffbff9de000 	C:\WINDOWS\System32\ADVAPI32.dll
0x00007ffbfe030000 - 0x00007ffbfe0ce000 	C:\WINDOWS\System32\sechost.dll
0x00007ffbff020000 - 0x00007ffbff140000 	C:\WINDOWS\System32\RPCRT4.dll
0x00007ffbfdbb0000 - 0x00007ffbfdbb8000 	C:\WINDOWS\System32\PSAPI.DLL
0x00007ffbdc5d0000 - 0x00007ffbdc5d9000 	C:\WINDOWS\SYSTEM32\WSOCK32.dll
0x00007ffbfdfc0000 - 0x00007ffbfe02f000 	C:\WINDOWS\System32\WS2_32.dll
0x00007ffbf7ff0000 - 0x00007ffbf8023000 	C:\WINDOWS\SYSTEM32\WINMM.dll
0x00007ffbf42b0000 - 0x00007ffbf42ba000 	C:\WINDOWS\SYSTEM32\VERSION.dll
0x00007ffbfc3b0000 - 0x00007ffbfc3c8000 	C:\WINDOWS\SYSTEM32\kernel.appcore.dll
0x00007ffbcdeb0000 - 0x00007ffbcdec1000 	C:\Program Files\jdk-11.0.2\bin\verify.dll
0x00007ffbf76a0000 - 0x00007ffbf78c1000 	C:\WINDOWS\SYSTEM32\DBGHELP.DLL
0x00007ffbe5f30000 - 0x00007ffbe5f61000 	C:\WINDOWS\SYSTEM32\dbgcore.DLL
0x00007ffbfd2d0000 - 0x00007ffbfd34f000 	C:\WINDOWS\System32\bcryptPrimitives.dll
0x00007ffbcd890000 - 0x00007ffbcd8b8000 	C:\Program Files\jdk-11.0.2\bin\java.dll
0x00007ffbcaf20000 - 0x00007ffbcaf36000 	C:\Program Files\jdk-11.0.2\bin\zip.dll
0x00007ffbf8210000 - 0x00007ffbf821a000 	C:\Program Files\jdk-11.0.2\bin\jimage.dll
0x00007ffbff170000 - 0x00007ffbff928000 	C:\WINDOWS\System32\SHELL32.dll
0x00007ffbfb340000 - 0x00007ffbfbba8000 	C:\WINDOWS\SYSTEM32\windows.storage.dll
0x00007ffbfdbc0000 - 0x00007ffbfdf39000 	C:\WINDOWS\System32\combase.dll
0x00007ffbfb1d0000 - 0x00007ffbfb336000 	C:\WINDOWS\SYSTEM32\wintypes.dll
0x00007ffbfea20000 - 0x00007ffbfeb0a000 	C:\WINDOWS\System32\SHCORE.dll
0x00007ffbfdf40000 - 0x00007ffbfdf9d000 	C:\WINDOWS\System32\shlwapi.dll
0x00007ffbfd130000 - 0x00007ffbfd151000 	C:\WINDOWS\SYSTEM32\profapi.dll
0x00007ffbca040000 - 0x00007ffbca059000 	C:\Program Files\jdk-11.0.2\bin\net.dll
0x00007ffbf7580000 - 0x00007ffbf768c000 	C:\WINDOWS\SYSTEM32\WINHTTP.dll
0x00007ffbf6aa0000 - 0x00007ffbf6c8f000 	C:\WINDOWS\SYSTEM32\urlmon.dll
0x00007ffbf6660000 - 0x00007ffbf6913000 	C:\WINDOWS\SYSTEM32\iertutil.dll
0x00007ffbf6630000 - 0x00007ffbf6658000 	C:\WINDOWS\SYSTEM32\srvcli.dll
0x00007ffbfbed0000 - 0x00007ffbfbedc000 	C:\WINDOWS\SYSTEM32\netutils.dll
0x00007ffbfc7e0000 - 0x00007ffbfc847000 	C:\WINDOWS\system32\mswsock.dll
0x00007ffbca020000 - 0x00007ffbca033000 	C:\Program Files\jdk-11.0.2\bin\nio.dll
0x00007ffbcdee0000 - 0x00007ffbcdf07000 	C:\Users\afird\.gradle\native\e1d6ef7f7dcc3fd88c89a11ec53ec762bb8ba0a96d01ffa2cd45eb1d1d8dd5c5\windows-amd64\native-platform.dll
0x00007ffbc8010000 - 0x00007ffbc8154000 	C:\Users\afird\.gradle\native\5664cfc778a61ccfe75a443a1ab52a65af34e5dc3c78e0209fed803814484fcb\windows-amd64\native-platform-file-events.dll
0x00007ffbf8230000 - 0x00007ffbf8239000 	C:\Program Files\jdk-11.0.2\bin\management.dll
0x00007ffbf8190000 - 0x00007ffbf819c000 	C:\Program Files\jdk-11.0.2\bin\management_ext.dll
0x00007ffbfca70000 - 0x00007ffbfca88000 	C:\WINDOWS\SYSTEM32\CRYPTSP.dll
0x00007ffbfc310000 - 0x00007ffbfc345000 	C:\WINDOWS\system32\rsaenh.dll
0x00007ffbfc8f0000 - 0x00007ffbfc919000 	C:\WINDOWS\SYSTEM32\USERENV.dll
0x00007ffbfcbe0000 - 0x00007ffbfcc07000 	C:\WINDOWS\SYSTEM32\bcrypt.dll
0x00007ffbfca60000 - 0x00007ffbfca6c000 	C:\WINDOWS\SYSTEM32\CRYPTBASE.dll
0x00007ffbfbee0000 - 0x00007ffbfbf0d000 	C:\WINDOWS\SYSTEM32\IPHLPAPI.DLL
0x00007ffbfed30000 - 0x00007ffbfed39000 	C:\WINDOWS\System32\NSI.dll
0x00007ffbf6f00000 - 0x00007ffbf6f19000 	C:\WINDOWS\SYSTEM32\dhcpcsvc6.DLL
0x00007ffbf7c80000 - 0x00007ffbf7c9e000 	C:\WINDOWS\SYSTEM32\dhcpcsvc.DLL
0x00007ffbfbf10000 - 0x00007ffbfbff8000 	C:\WINDOWS\SYSTEM32\DNSAPI.dll
0x00007ffbf8030000 - 0x00007ffbf803d000 	C:\Program Files\jdk-11.0.2\bin\sunmscapi.dll
0x00007ffbfd800000 - 0x00007ffbfd962000 	C:\WINDOWS\System32\CRYPT32.dll
0x00007ffbfcbb0000 - 0x00007ffbfcbd8000 	C:\WINDOWS\SYSTEM32\ncrypt.dll
0x00007ffbfcb70000 - 0x00007ffbfcba7000 	C:\WINDOWS\SYSTEM32\NTASN1.dll
0x00007ffbd20f0000 - 0x00007ffbd2117000 	C:\Program Files\jdk-11.0.2\bin\sunec.dll
0x00007ffbf26f0000 - 0x00007ffbf26fa000 	C:\Windows\System32\rasadhlp.dll
0x00007ffbf2f30000 - 0x00007ffbf2fb1000 	C:\WINDOWS\System32\fwpuclnt.dll
0x00007ffbfabb0000 - 0x00007ffbfabe4000 	C:\WINDOWS\SYSTEM32\ntmarta.dll
0x00007ffbfa760000 - 0x00007ffbfa7f1000 	C:\WINDOWS\system32\apphelp.dll

dbghelp: loaded successfully - version: 4.0.5 - missing functions: none
symbol engine: initialized successfully - sym options: 0x614 - pdb path: .;C:\Program Files\jdk-11.0.2\bin;C:\WINDOWS\SYSTEM32;C:\WINDOWS\WinSxS\amd64_microsoft.windows.common-controls_6595b64144ccf1df_6.0.22000.120_none_9d947278b86cc467;C:\Program Files\jdk-11.0.2\bin\server;C:\Users\afird\.gradle\native\e1d6ef7f7dcc3fd88c89a11ec53ec762bb8ba0a96d01ffa2cd45eb1d1d8dd5c5\windows-amd64;C:\Users\afird\.gradle\native\5664cfc778a61ccfe75a443a1ab52a65af34e5dc3c78e0209fed803814484fcb\windows-amd64

VM Arguments:
jvm_args: -XX:MaxMetaspaceSize=512m --add-opens=java.base/java.util=ALL-UNNAMED --add-opens=java.base/java.lang=ALL-UNNAMED --add-opens=java.base/java.lang.invoke=ALL-UNNAMED --add-opens=java.base/java.util=ALL-UNNAMED --add-opens=java.prefs/java.util.prefs=ALL-UNNAMED --add-opens=java.prefs/java.util.prefs=ALL-UNNAMED --add-opens=java.base/java.nio.charset=ALL-UNNAMED --add-opens=java.base/java.net=ALL-UNNAMED --add-opens=java.base/java.util.concurrent.atomic=ALL-UNNAMED -Xmx2048m -Dfile.encoding=windows-1252 -Duser.country=ID -Duser.language=en -Duser.variant 
java_command: org.gradle.launcher.daemon.bootstrap.GradleDaemon 7.3.3
java_class_path (initial): C:\Users\afird\.gradle\wrapper\dists\gradle-7.3.3-all\4295vidhdd9hd3gbjyw1xqxpo\gradle-7.3.3\lib\gradle-launcher-7.3.3.jar
Launcher Type: SUN_STANDARD

[Global flags]
     intx CICompilerCount                          = 3                                         {product} {ergonomic}
   size_t CompressedClassSpaceSize                 = 528482304                                 {product} {ergonomic}
     uint ConcGCThreads                            = 1                                         {product} {ergonomic}
     uint G1ConcRefinementThreads                  = 4                                         {product} {ergonomic}
   size_t G1HeapRegionSize                         = 1048576                                   {product} {ergonomic}
    uintx GCDrainStackTargetSize                   = 64                                        {product} {ergonomic}
   size_t InitialHeapSize                          = 132120576                                 {product} {ergonomic}
   size_t MarkStackSize                            = 4194304                                   {product} {ergonomic}
   size_t MaxHeapSize                              = 2147483648                                {product} {command line}
   size_t MaxMetaspaceSize                         = 536870912                                 {product} {command line}
   size_t MaxNewSize                               = 1287651328                                {product} {ergonomic}
   size_t MinHeapDeltaBytes                        = 1048576                                   {product} {ergonomic}
    uintx NonNMethodCodeHeapSize                   = 5830092                                {pd product} {ergonomic}
    uintx NonProfiledCodeHeapSize                  = 122914074                              {pd product} {ergonomic}
    uintx ProfiledCodeHeapSize                     = 122914074                              {pd product} {ergonomic}
    uintx ReservedCodeCacheSize                    = 251658240                              {pd product} {ergonomic}
     bool SegmentedCodeCache                       = true                                      {product} {ergonomic}
     bool UseCompressedClassPointers               = true                                 {lp64_product} {ergonomic}
     bool UseCompressedOops                        = true                                 {lp64_product} {ergonomic}
     bool UseG1GC                                  = true                                      {product} {ergonomic}
     bool UseLargePagesIndividualAllocation        = false                                  {pd product} {ergonomic}

Logging:
Log output configuration:
 #0: stdout all=warning uptime,level,tags
 #1: stderr all=off uptime,level,tags

Environment Variables:
JAVA_HOME=C:\Program Files\jdk-11.0.2
CLASSPATH=D:\mobile\eticketing\android\\gradle\wrapper\gradle-wrapper.jar
PATH=D:\mobile\eticketing\android\node_modules\.bin;D:\mobile\eticketing\node_modules\.bin;D:\mobile\node_modules\.bin;D:\node_modules\.bin;C:\Program Files\nodejs;D:\mobile\eticketing\node_modules\.bin;D:\mobile\node_modules\.bin;D:\node_modules\.bin;C:\Program Files\nodejs\node_modules\npm\node_modules\@npmcli\run-script\lib\node-gyp-bin;C:\Python310\Scripts\;C:\Python310\;C:\Windows\System32\HWAudioDriverLibs;C:\WINDOWS\system32;C:\WINDOWS;C:\WINDOWS\System32\Wbem;C:\WINDOWS\System32\WindowsPowerShell\v1.0\;C:\WINDOWS\System32\OpenSSH\;C:\Program Files\Git\cmd;C:\wamp64\bin\php\php5.6.40;C:\WINDOWS\system32\config\systemprofile\AppData\Local\Microsoft\WindowsApps;C:\Program Files\Docker\Docker\resources\bin;C:\ProgramData\DockerDesktop\version-bin;C:\Program Files\Go\bin;C:\Program Files\jdk-11.0.2\bin;D:\bootcamp\apache-maven-3.8.5-bin\bin;C:\Program Files\nodejs\;C:\ProgramData\chocolatey\bin;D:\Sdk\platform-tools;C:\Users\afird\AppData\Local\Microsoft\WindowsApps;C:\Users\afird\AppData\Local\Programs\Microsoft VS Code\bin;C:\Users\afird\go\bin;C:\Users\afird\AppData\Roaming\npm;D:\mobile\eticketing\node_modules\.bin
USERNAME=afird
OS=Windows_NT
PROCESSOR_IDENTIFIER=Intel64 Family 6 Model 142 Stepping 12, GenuineIntel



---------------  S Y S T E M  ---------------

OS: Windows 10 , 64 bit Build 22000 (10.0.22000.708)

CPU:total 4 (initial active 4) (2 cores per cpu, 2 threads per core) family 6 model 142 stepping 12, cmov, cx8, fxsr, mmx, sse, sse2, sse3, ssse3, sse4.1, sse4.2, popcnt, avx, avx2, aes, clmul, erms, 3dnowpref, lzcnt, ht, tsc, tscinvbit, bmi1, bmi2, adx, fma

Memory: 4k page, system-wide physical 8025M (500M free)
TotalPageFile size 12121M (AvailPageFile size 31M)
current process WorkingSet (physical memory assigned to process): 642M, peak: 642M
current process commit charge ("private bytes"): 730M, peak: 859M

vm_info: OpenJDK 64-Bit Server VM (11.0.2+9) for windows-amd64 JRE (11.0.2+9), built on Jan 18 2019 05:23:22 by "mach5one" with MS VC++ 15.5 (VS2017)

END.
