#
# There is insufficient memory for the Java Runtime Environment to continue.
# Native memory allocation (mmap) failed to map 63963136 bytes for Failed to commit area from 0x000000008e800000 to 0x0000000092500000 of length 63963136.
# Possible reasons:
#   The system is out of physical RAM or swap space
#   The process is running with CompressedOops enabled, and the Java Heap may be blocking the growth of the native heap
# Possible solutions:
#   Reduce memory load on the system
#   Increase physical memory or swap space
#   Check if swap backing store is full
#   Decrease Java heap size (-Xmx/-Xms)
#   Decrease number of Java threads
#   Decrease Java thread stack sizes (-Xss)
#   Set larger code cache with -XX:ReservedCodeCacheSize=
#   JVM is running with Unscaled Compressed Oops mode in which the Java heap is
#     placed in the first 4GB address space. The Java Heap base address is the
#     maximum limit for the native heap growth. Please use -XX:HeapBaseMinAddress
#     to set the Java Heap base and to place the Java Heap above 4GB virtual address.
# This output file may be truncated or incomplete.
#
#  Out of Memory Error (t:/workspace/open/src/hotspot/os/windows/os_windows.cpp:3269), pid=12508, tid=1272
#
# JRE version: OpenJDK Runtime Environment (11.0.2+9) (build 11.0.2+9)
# Java VM: OpenJDK 64-Bit Server VM (11.0.2+9, mixed mode, tiered, compressed oops, g1 gc, windows-amd64)
# No core dump will be written. Minidumps are not enabled by default on client versions of Windows
#

---------------  S U M M A R Y ------------

Command Line: -XX:MaxMetaspaceSize=512m --add-opens=java.base/java.util=ALL-UNNAMED --add-opens=java.base/java.lang=ALL-UNNAMED --add-opens=java.base/java.lang.invoke=ALL-UNNAMED --add-opens=java.base/java.util=ALL-UNNAMED --add-opens=java.prefs/java.util.prefs=ALL-UNNAMED --add-opens=java.prefs/java.util.prefs=ALL-UNNAMED --add-opens=java.base/java.nio.charset=ALL-UNNAMED --add-opens=java.base/java.net=ALL-UNNAMED --add-opens=java.base/java.util.concurrent.atomic=ALL-UNNAMED -Xmx2048m -Dfile.encoding=windows-1252 -Duser.country=ID -Duser.language=en -Duser.variant org.gradle.launcher.daemon.bootstrap.GradleDaemon 7.3.3

Host: Intel(R) Core(TM) i3-10110U CPU @ 2.10GHz, 4 cores, 7G,  Windows 10 , 64 bit Build 22000 (10.0.22000.708)
Time: Fri Aug 26 10:11:35 2022 SE Asia Standard Time elapsed time: 50 seconds (0d 0h 0m 50s)

---------------  T H R E A D  ---------------

Current thread (0x000001fc5c7cb800):  VMThread "VM Thread" [stack: 0x000000d5ee700000,0x000000d5ee800000] [id=1272]

Stack: [0x000000d5ee700000,0x000000d5ee800000]
[error occurred during error reporting (printing stack bounds), id 0xc0000005, EXCEPTION_ACCESS_VIOLATION (0xc0000005) at pc=0x000001fc46710bad]

Native frames: (J=compiled Java code, j=interpreted, Vv=VM code, C=native code)
V  [jvm.dll+0x63489a]
V  [jvm.dll+0x771f9f]
V  [jvm.dll+0x773648]
V  [jvm.dll+0x773c65]
V  [jvm.dll+0x773c1b]
V  [jvm.dll+0x633fa6]
V  [jvm.dll+0x634368]
C  [ntdll.dll+0xa8fcf]
C  [ntdll.dll+0x35e9a]
C  [ntdll.dll+0xa7fde]
C  0x000001fc46710bad

VM_Operation (0x000000d5f25fe3f0): G1CollectForAllocation, mode: safepoint, requested by thread 0x000001fc6226e000


---------------  P R O C E S S  ---------------

Threads class SMR info:
_java_thread_list=0x000001fc68d1b0c0, length=91, elements={
0x000001fc3e3eb800, 0x000001fc5c7cf800, 0x000001fc5c7d8000, 0x000001fc5d140800,
0x000001fc5d142000, 0x000001fc5d143000, 0x000001fc5d149800, 0x000001fc5c83c000,
0x000001fc5d2a2800, 0x000001fc5d2c8800, 0x000001fc5f35d000, 0x000001fc5e4f7800,
0x000001fc5e6aa000, 0x000001fc5efdf000, 0x000001fc5e3f6000, 0x000001fc5dd77800,
0x000001fc5f42a800, 0x000001fc5f41f800, 0x000001fc5f3fc800, 0x000001fc5dea5000,
0x000001fc5f4e1000, 0x000001fc5f4de000, 0x000001fc5f4df800, 0x000001fc5f4e0000,
0x000001fc5f4e2000, 0x000001fc5f4dc000, 0x000001fc5f4de800, 0x000001fc5f4dd000,
0x000001fc5f4e2800, 0x000001fc5fa21000, 0x000001fc5fa23800, 0x000001fc5fa26800,
0x000001fc5fa27800, 0x000001fc5fa21800, 0x000001fc5fa28000, 0x000001fc5fa24000,
0x000001fc5fa25000, 0x000001fc5fa22800, 0x000001fc5fa2e000, 0x000001fc5fa2b800,
0x000001fc5fa2d000, 0x000001fc5fa2f000, 0x000001fc5fa29000, 0x000001fc5fa2a000,
0x000001fc5fa2c800, 0x000001fc5fa2a800, 0x000001fc5fa2f800, 0x000001fc62267800,
0x000001fc6226b000, 0x000001fc62265000, 0x000001fc6226b800, 0x000001fc62266000,
0x000001fc62269000, 0x000001fc6226c800, 0x000001fc6226a000, 0x000001fc62266800,
0x000001fc6226d000, 0x000001fc6226e000, 0x000001fc62268800, 0x000001fc6226f000,
0x000001fc62272000, 0x000001fc6226f800, 0x000001fc62270800, 0x000001fc62271800,
0x000001fc62273000, 0x000001fc62274000, 0x000001fc631b8800, 0x000001fc631b6000,
0x000001fc631ba800, 0x000001fc631bd000, 0x000001fc631b9800, 0x000001fc631bb000,
0x000001fc631bc000, 0x000001fc631b7000, 0x000001fc631b8000, 0x000001fc631c3800,
0x000001fc631bd800, 0x000001fc631be800, 0x000001fc631c1800, 0x000001fc631c5000,
0x000001fc631c4000, 0x000001fc631c0000, 0x000001fc61fcf000, 0x000001fc61fcd000,
0x000001fc61fce800, 0x000001fc61fd0000, 0x000001fc61fd1000, 0x000001fc61fcb000,
0x000001fc61fd1800, 0x000001fc61fcc000, 0x000001fc61fd8000
}

Java Threads: ( => current thread )
  0x000001fc3e3eb800 JavaThread "main" [_thread_blocked, id=14292, stack(0x000000d5ee100000,0x000000d5ee200000)]
  0x000001fc5c7cf800 JavaThread "Reference Handler" daemon [_thread_blocked, id=17896, stack(0x000000d5ee800000,0x000000d5ee900000)]
  0x000001fc5c7d8000 JavaThread "Finalizer" daemon [_thread_blocked, id=9224, stack(0x000000d5ee900000,0x000000d5eea00000)]
  0x000001fc5d140800 JavaThread "Signal Dispatcher" daemon [_thread_blocked, id=17380, stack(0x000000d5eea00000,0x000000d5eeb00000)]
  0x000001fc5d142000 JavaThread "Attach Listener" daemon [_thread_blocked, id=18220, stack(0x000000d5eeb00000,0x000000d5eec00000)]
  0x000001fc5d143000 JavaThread "C2 CompilerThread0" daemon [_thread_blocked, id=2184, stack(0x000000d5eec00000,0x000000d5eed00000)]
  0x000001fc5d149800 JavaThread "C1 CompilerThread0" daemon [_thread_blocked, id=15964, stack(0x000000d5eed00000,0x000000d5eee00000)]
  0x000001fc5c83c000 JavaThread "Sweeper thread" daemon [_thread_blocked, id=10048, stack(0x000000d5eee00000,0x000000d5eef00000)]
  0x000001fc5d2a2800 JavaThread "Common-Cleaner" daemon [_thread_blocked, id=8124, stack(0x000000d5eef00000,0x000000d5ef000000)]
  0x000001fc5d2c8800 JavaThread "Service Thread" daemon [_thread_blocked, id=14952, stack(0x000000d5ef000000,0x000000d5ef100000)]
  0x000001fc5f35d000 JavaThread "Daemon health stats" [_thread_blocked, id=13108, stack(0x000000d5ef400000,0x000000d5ef500000)]
  0x000001fc5e4f7800 JavaThread "Incoming local TCP Connector on port 13394" [_thread_in_native, id=16876, stack(0x000000d5ef500000,0x000000d5ef600000)]
  0x000001fc5e6aa000 JavaThread "Daemon periodic checks" [_thread_blocked, id=17596, stack(0x000000d5ef600000,0x000000d5ef700000)]
  0x000001fc5efdf000 JavaThread "Daemon" [_thread_blocked, id=7508, stack(0x000000d5ef700000,0x000000d5ef800000)]
  0x000001fc5e3f6000 JavaThread "Handler for socket connection from /127.0.0.1:13394 to /127.0.0.1:13395" [_thread_in_native, id=9716, stack(0x000000d5ef800000,0x000000d5ef900000)]
  0x000001fc5dd77800 JavaThread "Cancel handler" [_thread_blocked, id=15944, stack(0x000000d5ef900000,0x000000d5efa00000)]
  0x000001fc5f42a800 JavaThread "Daemon worker" [_thread_blocked, id=17140, stack(0x000000d5efa00000,0x000000d5efb00000)]
  0x000001fc5f41f800 JavaThread "Asynchronous log dispatcher for DefaultDaemonConnection: socket connection from /127.0.0.1:13394 to /127.0.0.1:13395" [_thread_blocked, id=12400, stack(0x000000d5efb00000,0x000000d5efc00000)]
  0x000001fc5f3fc800 JavaThread "Stdin handler" [_thread_blocked, id=4280, stack(0x000000d5efc00000,0x000000d5efd00000)]
  0x000001fc5dea5000 JavaThread "Daemon client event forwarder" [_thread_blocked, id=10356, stack(0x000000d5efd00000,0x000000d5efe00000)]
  0x000001fc5f4e1000 JavaThread "Cache worker for journal cache (C:\Users\afird\.gradle\caches\journal-1)" [_thread_blocked, id=16332, stack(0x000000d5eff00000,0x000000d5f0000000)]
  0x000001fc5f4de000 JavaThread "File lock request listener" [_thread_in_native, id=6720, stack(0x000000d5f0000000,0x000000d5f0100000)]
  0x000001fc5f4df800 JavaThread "Cache worker for file hash cache (C:\Users\afird\.gradle\caches\7.3.3\fileHashes)" [_thread_blocked, id=3956, stack(0x000000d5f0100000,0x000000d5f0200000)]
  0x000001fc5f4e0000 JavaThread "Cache worker for file hash cache (D:\mobile\eticketing\android\.gradle\7.3.3\fileHashes)" [_thread_blocked, id=1404, stack(0x000000d5f0200000,0x000000d5f0300000)]
  0x000001fc5f4e2000 JavaThread "File watcher server" daemon [_thread_blocked, id=6840, stack(0x000000d5f0400000,0x000000d5f0500000)]
  0x000001fc5f4dc000 JavaThread "File watcher consumer" daemon [_thread_blocked, id=13248, stack(0x000000d5f0500000,0x000000d5f0600000)]
  0x000001fc5f4de800 JavaThread "Cache worker for checksums cache (D:\mobile\eticketing\android\.gradle\7.3.3\checksums)" [_thread_blocked, id=3044, stack(0x000000d5f0600000,0x000000d5f0700000)]
  0x000001fc5f4dd000 JavaThread "Cache worker for cache directory md-supplier (C:\Users\afird\.gradle\caches\7.3.3\md-supplier)" [_thread_blocked, id=17216, stack(0x000000d5f0700000,0x000000d5f0800000)]
  0x000001fc5f4e2800 JavaThread "Cache worker for cache directory md-rule (C:\Users\afird\.gradle\caches\7.3.3\md-rule)" [_thread_blocked, id=10336, stack(0x000000d5f0800000,0x000000d5f0900000)]
  0x000001fc5fa21000 JavaThread "Cache worker for execution history cache (C:\Users\afird\.gradle\caches\7.3.3\executionHistory)" [_thread_blocked, id=2448, stack(0x000000d5f0900000,0x000000d5f0a00000)]
  0x000001fc5fa23800 JavaThread "jar transforms" [_thread_blocked, id=1972, stack(0x000000d5f0a00000,0x000000d5f0b00000)]
  0x000001fc5fa26800 JavaThread "jar transforms Thread 2" [_thread_blocked, id=16424, stack(0x000000d5f0b00000,0x000000d5f0c00000)]
  0x000001fc5fa27800 JavaThread "Cache worker for file content cache (C:\Users\afird\.gradle\caches\7.3.3\fileContent)" [_thread_blocked, id=7264, stack(0x000000d5f0c00000,0x000000d5f0d00000)]
  0x000001fc5fa21800 JavaThread "jar transforms Thread 3" [_thread_blocked, id=16636, stack(0x000000d5f0d00000,0x000000d5f0e00000)]
  0x000001fc5fa28000 JavaThread "jar transforms Thread 4" [_thread_blocked, id=2784, stack(0x000000d5f0e00000,0x000000d5f0f00000)]
  0x000001fc5fa24000 JavaThread "Cache worker for kotlin-dsl (C:\Users\afird\.gradle\caches\7.3.3\kotlin-dsl)" [_thread_blocked, id=7040, stack(0x000000d5f0f00000,0x000000d5f1000000)]
  0x000001fc5fa25000 JavaThread "Cache worker for dependencies-accessors (D:\mobile\eticketing\android\.gradle\7.3.3\dependencies-accessors)" [_thread_blocked, id=18284, stack(0x000000d5f1000000,0x000000d5f1100000)]
  0x000001fc5fa22800 JavaThread "Cache worker for Build Output Cleanup Cache (D:\mobile\eticketing\node_modules\react-native-gradle-plugin\.gradle\buildOutputCleanup)" [_thread_blocked, id=13420, stack(0x000000d5f0300000,0x000000d5f0400000)]
  0x000001fc5fa2e000 JavaThread "Unconstrained build operations" [_thread_blocked, id=12720, stack(0x000000d5f1200000,0x000000d5f1300000)]
  0x000001fc5fa2b800 JavaThread "Unconstrained build operations Thread 2" [_thread_blocked, id=856, stack(0x000000d5f1300000,0x000000d5f1400000)]
  0x000001fc5fa2d000 JavaThread "Unconstrained build operations Thread 3" [_thread_blocked, id=15316, stack(0x000000d5f1400000,0x000000d5f1500000)]
  0x000001fc5fa2f000 JavaThread "Unconstrained build operations Thread 4" [_thread_blocked, id=16180, stack(0x000000d5f1500000,0x000000d5f1600000)]
  0x000001fc5fa29000 JavaThread "Unconstrained build operations Thread 5" [_thread_blocked, id=11564, stack(0x000000d5f1600000,0x000000d5f1700000)]
  0x000001fc5fa2a000 JavaThread "Unconstrained build operations Thread 6" [_thread_blocked, id=8284, stack(0x000000d5f1700000,0x000000d5f1800000)]
  0x000001fc5fa2c800 JavaThread "Unconstrained build operations Thread 7" [_thread_blocked, id=4744, stack(0x000000d5f1800000,0x000000d5f1900000)]
  0x000001fc5fa2a800 JavaThread "Unconstrained build operations Thread 8" [_thread_blocked, id=12896, stack(0x000000d5f1900000,0x000000d5f1a00000)]
  0x000001fc5fa2f800 JavaThread "Unconstrained build operations Thread 9" [_thread_blocked, id=5112, stack(0x000000d5f1a00000,0x000000d5f1b00000)]
  0x000001fc62267800 JavaThread "Unconstrained build operations Thread 10" [_thread_blocked, id=9028, stack(0x000000d5f1b00000,0x000000d5f1c00000)]
  0x000001fc6226b000 JavaThread "Unconstrained build operations Thread 11" [_thread_blocked, id=1072, stack(0x000000d5f1c00000,0x000000d5f1d00000)]
  0x000001fc62265000 JavaThread "Unconstrained build operations Thread 12" [_thread_blocked, id=14232, stack(0x000000d5f1d00000,0x000000d5f1e00000)]
  0x000001fc6226b800 JavaThread "Unconstrained build operations Thread 13" [_thread_blocked, id=13764, stack(0x000000d5f1e00000,0x000000d5f1f00000)]
  0x000001fc62266000 JavaThread "Unconstrained build operations Thread 14" [_thread_blocked, id=9188, stack(0x000000d5f1f00000,0x000000d5f2000000)]
  0x000001fc62269000 JavaThread "Unconstrained build operations Thread 15" [_thread_blocked, id=13628, stack(0x000000d5f2000000,0x000000d5f2100000)]
  0x000001fc6226c800 JavaThread "Unconstrained build operations Thread 16" [_thread_blocked, id=11516, stack(0x000000d5f2100000,0x000000d5f2200000)]
  0x000001fc6226a000 JavaThread "Unconstrained build operations Thread 17" [_thread_blocked, id=16968, stack(0x000000d5f2200000,0x000000d5f2300000)]
  0x000001fc62266800 JavaThread "Unconstrained build operations Thread 18" [_thread_blocked, id=14804, stack(0x000000d5f2300000,0x000000d5f2400000)]
  0x000001fc6226d000 JavaThread "Unconstrained build operations Thread 19" [_thread_blocked, id=7768, stack(0x000000d5f2400000,0x000000d5f2500000)]
  0x000001fc6226e000 JavaThread "Unconstrained build operations Thread 20" [_thread_blocked, id=2740, stack(0x000000d5f2500000,0x000000d5f2600000)]
  0x000001fc62268800 JavaThread "Unconstrained build operations Thread 21" [_thread_blocked, id=10836, stack(0x000000d5f2600000,0x000000d5f2700000)]
  0x000001fc6226f000 JavaThread "Unconstrained build operations Thread 22" [_thread_blocked, id=17872, stack(0x000000d5f2700000,0x000000d5f2800000)]
  0x000001fc62272000 JavaThread "Unconstrained build operations Thread 23" [_thread_blocked, id=14856, stack(0x000000d5f2800000,0x000000d5f2900000)]
  0x000001fc6226f800 JavaThread "Unconstrained build operations Thread 24" [_thread_blocked, id=15044, stack(0x000000d5f2900000,0x000000d5f2a00000)]
  0x000001fc62270800 JavaThread "Unconstrained build operations Thread 25" [_thread_blocked, id=11720, stack(0x000000d5f2a00000,0x000000d5f2b00000)]
  0x000001fc62271800 JavaThread "Unconstrained build operations Thread 26" [_thread_blocked, id=11204, stack(0x000000d5f2b00000,0x000000d5f2c00000)]
  0x000001fc62273000 JavaThread "Unconstrained build operations Thread 27" [_thread_blocked, id=16560, stack(0x000000d5f2c00000,0x000000d5f2d00000)]
  0x000001fc62274000 JavaThread "Unconstrained build operations Thread 28" [_thread_blocked, id=5612, stack(0x000000d5f2d00000,0x000000d5f2e00000)]
  0x000001fc631b8800 JavaThread "Unconstrained build operations Thread 29" [_thread_blocked, id=13644, stack(0x000000d5f2e00000,0x000000d5f2f00000)]
  0x000001fc631b6000 JavaThread "Unconstrained build operations Thread 30" [_thread_blocked, id=6440, stack(0x000000d5f2f00000,0x000000d5f3000000)]
  0x000001fc631ba800 JavaThread "Unconstrained build operations Thread 31" [_thread_blocked, id=13372, stack(0x000000d5f3000000,0x000000d5f3100000)]
  0x000001fc631bd000 JavaThread "Unconstrained build operations Thread 32" [_thread_blocked, id=9608, stack(0x000000d5f3100000,0x000000d5f3200000)]
  0x000001fc631b9800 JavaThread "Unconstrained build operations Thread 33" [_thread_blocked, id=17400, stack(0x000000d5f3200000,0x000000d5f3300000)]
  0x000001fc631bb000 JavaThread "build event listener" [_thread_blocked, id=9668, stack(0x000000d5f3300000,0x000000d5f3400000)]
  0x000001fc631bc000 JavaThread "Memory manager" [_thread_blocked, id=14432, stack(0x000000d5f3400000,0x000000d5f3500000)]
  0x000001fc631b7000 JavaThread "Cache worker for Build Output Cleanup Cache (D:\mobile\eticketing\android\.gradle\buildOutputCleanup)" [_thread_blocked, id=12292, stack(0x000000d5f3500000,0x000000d5f3600000)]
  0x000001fc631b8000 JavaThread "included builds" [_thread_blocked, id=11948, stack(0x000000d5f3600000,0x000000d5f3700000)]
  0x000001fc631c3800 JavaThread "Cache worker for execution history cache (D:\mobile\eticketing\node_modules\react-native-gradle-plugin\.gradle\7.3.3\executionHistory)" [_thread_blocked, id=16776, stack(0x000000d5f3a00000,0x000000d5f3b00000)]
  0x000001fc631bd800 JavaThread "Unconstrained build operations Thread 34" [_thread_blocked, id=16608, stack(0x000000d5f3b00000,0x000000d5f3c00000)]
  0x000001fc631be800 JavaThread "Unconstrained build operations Thread 35" [_thread_blocked, id=7504, stack(0x000000d5f3c00000,0x000000d5f3d00000)]
  0x000001fc631c1800 JavaThread "Unconstrained build operations Thread 36" [_thread_blocked, id=10820, stack(0x000000d5f3d00000,0x000000d5f3e00000)]
  0x000001fc631c5000 JavaThread "Unconstrained build operations Thread 37" [_thread_blocked, id=13256, stack(0x000000d5f3e00000,0x000000d5f3f00000)]
  0x000001fc631c4000 JavaThread "Unconstrained build operations Thread 38" [_thread_blocked, id=9412, stack(0x000000d5f3f00000,0x000000d5f4000000)]
  0x000001fc631c0000 JavaThread "Unconstrained build operations Thread 39" [_thread_blocked, id=10328, stack(0x000000d5f4000000,0x000000d5f4100000)]
  0x000001fc61fcf000 JavaThread "Unconstrained build operations Thread 40" [_thread_blocked, id=2684, stack(0x000000d5f4100000,0x000000d5f4200000)]
  0x000001fc61fcd000 JavaThread "build event listener" [_thread_blocked, id=9712, stack(0x000000d5f3900000,0x000000d5f3a00000)]
  0x000001fc61fce800 JavaThread "C2 CompilerThread1" daemon [_thread_blocked, id=18332, stack(0x000000d5f3800000,0x000000d5f3900000)]
  0x000001fc61fd0000 JavaThread "pool-3-thread-1" [_thread_blocked, id=15108, stack(0x000000d5f4300000,0x000000d5f4400000)]
  0x000001fc61fd1000 JavaThread "build event listener" [_thread_blocked, id=15888, stack(0x000000d5f4400000,0x000000d5f4500000)]
  0x000001fc61fcb000 JavaThread "Execution worker for ':'" [_thread_blocked, id=3544, stack(0x000000d5f4500000,0x000000d5f4600000)]
  0x000001fc61fd1800 JavaThread "Execution worker for ':' Thread 2" [_thread_blocked, id=4684, stack(0x000000d5f4600000,0x000000d5f4700000)]
  0x000001fc61fcc000 JavaThread "Execution worker for ':' Thread 3" [_thread_blocked, id=14180, stack(0x000000d5f4700000,0x000000d5f4800000)]
  0x000001fc61fd8000 JavaThread "Cache worker for execution history cache (D:\mobile\eticketing\android\.gradle\7.3.3\executionHistory)" [_thread_blocked, id=10644, stack(0x000000d5f4800000,0x000000d5f4900000)]

Other Threads:
=>0x000001fc5c7cb800 VMThread "VM Thread" [stack: 0x000000d5ee700000,0x000000d5ee800000] [id=1272]
  0x000001fc5d2e2000 WatcherThread [stack: 0x000000d5ef100000,0x000000d5ef200000] [id=16928]
  0x000001fc3e401000 GCTaskThread "GC Thread#0" [stack: 0x000000d5ee200000,0x000000d5ee300000] [id=2816]
  0x000001fc5dcad800 GCTaskThread "GC Thread#1" [stack: 0x000000d5ef200000,0x000000d5ef300000] [id=17524]
  0x000001fc5d789000 GCTaskThread "GC Thread#2" [stack: 0x000000d5ef300000,0x000000d5ef400000] [id=7236]
  0x000001fc5f2a2800 GCTaskThread "GC Thread#3" [stack: 0x000000d5efe00000,0x000000d5eff00000] [id=13684]
  0x000001fc3e432800 ConcurrentGCThread "G1 Main Marker" [stack: 0x000000d5ee300000,0x000000d5ee400000] [id=12560]
  0x000001fc3e434800 ConcurrentGCThread "G1 Conc#0" [stack: 0x000000d5ee400000,0x000000d5ee500000] [id=5480]
  0x000001fc3e4c9000 ConcurrentGCThread "G1 Refine#0" [stack: 0x000000d5ee500000,0x000000d5ee600000] [id=1256]
  0x000001fc3e4cc000 ConcurrentGCThread "G1 Young RemSet Sampling" [stack: 0x000000d5ee600000,0x000000d5ee700000] [id=17448]

Threads with active compile tasks:
C2 CompilerThread015276   !   4       com.google.common.cache.LocalCache$Segment::lockedGetOrLoad (447 bytes)
C2 CompilerThread115279   !   4       com.google.common.cache.LocalCache$LoadingValueReference::loadFuture (125 bytes)

VM state:at safepoint (normal execution)

VM Mutex/Monitor currently owned by a thread:  ([mutex/lock_event])
[0x000001fc3e3e70d0] Threads_lock - owner thread: 0x000001fc5c7cb800
[0x000001fc3e3e7280] Heap_lock - owner thread: 0x000001fc6226e000

Heap address: 0x0000000080000000, size: 2048 MB, Compressed Oops mode: 32-bit
Narrow klass base: 0x0000000000000000, Narrow klass shift: 3
Compressed class space size: 528482304 Address: 0x0000000100000000

Heap:
 garbage-first heap   total 300032K, used 148765K [0x0000000080000000, 0x0000000100000000)
  region size 1024K, 5 young (5120K), 5 survivors (5120K)
 Metaspace       used 115614K, capacity 119260K, committed 119500K, reserved 620544K
  class space    used 14862K, capacity 16258K, committed 16332K, reserved 516096K
Heap Regions: E=young(eden), S=young(survivor), O=old, HS=humongous(starts), HC=humongous(continues), CS=collection set, F=free, A=archive, TAMS=top-at-mark-start (previous, next)
|   0|0x0000000080000000, 0x0000000080100000, 0x0000000080100000|100%|HS|  |TAMS 0x0000000080100000, 0x0000000080100000| Complete 
|   1|0x0000000080100000, 0x0000000080200000, 0x0000000080200000|100%|HC|  |TAMS 0x0000000080200000, 0x0000000080200000| Complete 
|   2|0x0000000080200000, 0x0000000080300000, 0x0000000080300000|100%|HC|  |TAMS 0x0000000080300000, 0x0000000080300000| Complete 
|   3|0x0000000080300000, 0x0000000080400000, 0x0000000080400000|100%| O|  |TAMS 0x0000000080400000, 0x0000000080400000| Untracked 
|   4|0x0000000080400000, 0x0000000080500000, 0x0000000080500000|100%| O|  |TAMS 0x0000000080500000, 0x0000000080500000| Untracked 
|   5|0x0000000080500000, 0x0000000080600000, 0x0000000080600000|100%| O|  |TAMS 0x0000000080600000, 0x0000000080600000| Untracked 
|   6|0x0000000080600000, 0x0000000080700000, 0x0000000080700000|100%| O|  |TAMS 0x0000000080700000, 0x0000000080700000| Untracked 
|   7|0x0000000080700000, 0x0000000080800000, 0x0000000080800000|100%| O|  |TAMS 0x0000000080800000, 0x0000000080800000| Untracked 
|   8|0x0000000080800000, 0x0000000080900000, 0x0000000080900000|100%| O|  |TAMS 0x0000000080900000, 0x0000000080900000| Untracked 
|   9|0x0000000080900000, 0x0000000080a00000, 0x0000000080a00000|100%| O|  |TAMS 0x0000000080a00000, 0x0000000080a00000| Untracked 
|  10|0x0000000080a00000, 0x0000000080b00000, 0x0000000080b00000|100%| O|  |TAMS 0x0000000080b00000, 0x0000000080b00000| Untracked 
|  11|0x0000000080b00000, 0x0000000080c00000, 0x0000000080c00000|100%| O|  |TAMS 0x0000000080c00000, 0x0000000080c00000| Untracked 
|  12|0x0000000080c00000, 0x0000000080d00000, 0x0000000080d00000|100%| O|  |TAMS 0x0000000080d00000, 0x0000000080d00000| Untracked 
|  13|0x0000000080d00000, 0x0000000080e00000, 0x0000000080e00000|100%| O|  |TAMS 0x0000000080e00000, 0x0000000080e00000| Untracked 
|  14|0x0000000080e00000, 0x0000000080f00000, 0x0000000080f00000|100%| O|  |TAMS 0x0000000080f00000, 0x0000000080f00000| Untracked 
|  15|0x0000000080f00000, 0x0000000081000000, 0x0000000081000000|100%| O|  |TAMS 0x0000000081000000, 0x0000000081000000| Untracked 
|  16|0x0000000081000000, 0x0000000081100000, 0x0000000081100000|100%| O|  |TAMS 0x0000000081100000, 0x0000000081100000| Untracked 
|  17|0x0000000081100000, 0x0000000081200000, 0x0000000081200000|100%|HS|  |TAMS 0x0000000081200000, 0x0000000081200000| Complete 
|  18|0x0000000081200000, 0x0000000081300000, 0x0000000081300000|100%| O|  |TAMS 0x0000000081300000, 0x0000000081300000| Untracked 
|  19|0x0000000081300000, 0x0000000081400000, 0x0000000081400000|100%| O|  |TAMS 0x0000000081400000, 0x0000000081400000| Untracked 
|  20|0x0000000081400000, 0x0000000081500000, 0x0000000081500000|100%| O|  |TAMS 0x0000000081500000, 0x0000000081500000| Untracked 
|  21|0x0000000081500000, 0x0000000081600000, 0x0000000081600000|100%| O|  |TAMS 0x0000000081600000, 0x0000000081600000| Untracked 
|  22|0x0000000081600000, 0x0000000081700000, 0x0000000081700000|100%| O|  |TAMS 0x0000000081700000, 0x0000000081700000| Untracked 
|  23|0x0000000081700000, 0x0000000081800000, 0x0000000081800000|100%| O|  |TAMS 0x0000000081800000, 0x0000000081800000| Untracked 
|  24|0x0000000081800000, 0x0000000081900000, 0x0000000081900000|100%|HS|  |TAMS 0x0000000081900000, 0x0000000081900000| Complete 
|  25|0x0000000081900000, 0x0000000081a00000, 0x0000000081a00000|100%|HC|  |TAMS 0x0000000081a00000, 0x0000000081a00000| Complete 
|  26|0x0000000081a00000, 0x0000000081b00000, 0x0000000081b00000|100%|HC|  |TAMS 0x0000000081b00000, 0x0000000081b00000| Complete 
|  27|0x0000000081b00000, 0x0000000081c00000, 0x0000000081c00000|100%| O|  |TAMS 0x0000000081c00000, 0x0000000081c00000| Untracked 
|  28|0x0000000081c00000, 0x0000000081d00000, 0x0000000081d00000|100%| O|  |TAMS 0x0000000081d00000, 0x0000000081d00000| Untracked 
|  29|0x0000000081d00000, 0x0000000081e00000, 0x0000000081e00000|100%| O|  |TAMS 0x0000000081e00000, 0x0000000081e00000| Untracked 
|  30|0x0000000081e00000, 0x0000000081f00000, 0x0000000081f00000|100%| O|  |TAMS 0x0000000081f00000, 0x0000000081f00000| Untracked 
|  31|0x0000000081f00000, 0x0000000082000000, 0x0000000082000000|100%| O|  |TAMS 0x0000000082000000, 0x0000000082000000| Untracked 
|  32|0x0000000082000000, 0x0000000082100000, 0x0000000082100000|100%| O|  |TAMS 0x0000000082100000, 0x0000000082100000| Untracked 
|  33|0x0000000082100000, 0x0000000082200000, 0x0000000082200000|100%| O|  |TAMS 0x0000000082200000, 0x0000000082200000| Untracked 
|  34|0x0000000082200000, 0x0000000082300000, 0x0000000082300000|100%| O|  |TAMS 0x0000000082300000, 0x0000000082300000| Untracked 
|  35|0x0000000082300000, 0x0000000082400000, 0x0000000082400000|100%| O|  |TAMS 0x0000000082400000, 0x0000000082400000| Untracked 
|  36|0x0000000082400000, 0x0000000082500000, 0x0000000082500000|100%| O|  |TAMS 0x0000000082500000, 0x0000000082500000| Untracked 
|  37|0x0000000082500000, 0x0000000082600000, 0x0000000082600000|100%| O|  |TAMS 0x0000000082600000, 0x0000000082600000| Untracked 
|  38|0x0000000082600000, 0x0000000082700000, 0x0000000082700000|100%| O|  |TAMS 0x0000000082700000, 0x0000000082700000| Untracked 
|  39|0x0000000082700000, 0x0000000082800000, 0x0000000082800000|100%| O|  |TAMS 0x0000000082800000, 0x0000000082800000| Untracked 
|  40|0x0000000082800000, 0x0000000082900000, 0x0000000082900000|100%| O|  |TAMS 0x0000000082900000, 0x0000000082900000| Untracked 
|  41|0x0000000082900000, 0x0000000082a00000, 0x0000000082a00000|100%| O|  |TAMS 0x0000000082a00000, 0x0000000082a00000| Untracked 
|  42|0x0000000082a00000, 0x0000000082b00000, 0x0000000082b00000|100%| O|  |TAMS 0x0000000082b00000, 0x0000000082b00000| Untracked 
|  43|0x0000000082b00000, 0x0000000082c00000, 0x0000000082c00000|100%|HS|  |TAMS 0x0000000082c00000, 0x0000000082c00000| Complete 
|  44|0x0000000082c00000, 0x0000000082d00000, 0x0000000082d00000|100%|HS|  |TAMS 0x0000000082d00000, 0x0000000082d00000| Complete 
|  45|0x0000000082d00000, 0x0000000082e00000, 0x0000000082e00000|100%|HS|  |TAMS 0x0000000082e00000, 0x0000000082e00000| Complete 
|  46|0x0000000082e00000, 0x0000000082f00000, 0x0000000082f00000|100%|HS|  |TAMS 0x0000000082f00000, 0x0000000082f00000| Complete 
|  47|0x0000000082f00000, 0x0000000083000000, 0x0000000083000000|100%|HC|  |TAMS 0x0000000083000000, 0x0000000083000000| Complete 
|  48|0x0000000083000000, 0x0000000083100000, 0x0000000083100000|100%| O|  |TAMS 0x0000000083100000, 0x0000000083100000| Untracked 
|  49|0x0000000083100000, 0x0000000083200000, 0x0000000083200000|100%| O|  |TAMS 0x0000000083200000, 0x0000000083200000| Untracked 
|  50|0x0000000083200000, 0x0000000083300000, 0x0000000083300000|100%| O|  |TAMS 0x0000000083300000, 0x0000000083300000| Untracked 
|  51|0x0000000083300000, 0x0000000083400000, 0x0000000083400000|100%| O|  |TAMS 0x0000000083400000, 0x0000000083400000| Untracked 
|  52|0x0000000083400000, 0x0000000083500000, 0x0000000083500000|100%| O|  |TAMS 0x0000000083500000, 0x0000000083500000| Untracked 
|  53|0x0000000083500000, 0x0000000083600000, 0x0000000083600000|100%| O|  |TAMS 0x0000000083600000, 0x0000000083600000| Untracked 
|  54|0x0000000083600000, 0x0000000083700000, 0x0000000083700000|100%| O|  |TAMS 0x0000000083700000, 0x0000000083700000| Untracked 
|  55|0x0000000083700000, 0x0000000083800000, 0x0000000083800000|100%| O|  |TAMS 0x0000000083800000, 0x0000000083800000| Untracked 
|  56|0x0000000083800000, 0x0000000083900000, 0x0000000083900000|100%| O|  |TAMS 0x0000000083900000, 0x0000000083900000| Untracked 
|  57|0x0000000083900000, 0x0000000083a00000, 0x0000000083a00000|100%| O|  |TAMS 0x0000000083a00000, 0x0000000083a00000| Untracked 
|  58|0x0000000083a00000, 0x0000000083b00000, 0x0000000083b00000|100%| O|  |TAMS 0x0000000083b00000, 0x0000000083b00000| Untracked 
|  59|0x0000000083b00000, 0x0000000083c00000, 0x0000000083c00000|100%| O|  |TAMS 0x0000000083c00000, 0x0000000083c00000| Untracked 
|  60|0x0000000083c00000, 0x0000000083d00000, 0x0000000083d00000|100%| O|  |TAMS 0x0000000083d00000, 0x0000000083d00000| Untracked 
|  61|0x0000000083d00000, 0x0000000083e00000, 0x0000000083e00000|100%| O|  |TAMS 0x0000000083e00000, 0x0000000083e00000| Untracked 
|  62|0x0000000083e00000, 0x0000000083f00000, 0x0000000083f00000|100%| O|  |TAMS 0x0000000083f00000, 0x0000000083f00000| Untracked 
|  63|0x0000000083f00000, 0x0000000084000000, 0x0000000084000000|100%| O|  |TAMS 0x0000000084000000, 0x0000000084000000| Untracked 
|  64|0x0000000084000000, 0x0000000084100000, 0x0000000084100000|100%| O|  |TAMS 0x0000000084100000, 0x0000000084100000| Untracked 
|  65|0x0000000084100000, 0x0000000084200000, 0x0000000084200000|100%| O|  |TAMS 0x0000000084200000, 0x0000000084200000| Untracked 
|  66|0x0000000084200000, 0x0000000084300000, 0x0000000084300000|100%| O|  |TAMS 0x0000000084300000, 0x0000000084300000| Untracked 
|  67|0x0000000084300000, 0x0000000084400000, 0x0000000084400000|100%| O|  |TAMS 0x0000000084400000, 0x0000000084400000| Untracked 
|  68|0x0000000084400000, 0x0000000084500000, 0x0000000084500000|100%| O|  |TAMS 0x0000000084500000, 0x0000000084500000| Untracked 
|  69|0x0000000084500000, 0x0000000084600000, 0x0000000084600000|100%| O|  |TAMS 0x0000000084600000, 0x0000000084600000| Untracked 
|  70|0x0000000084600000, 0x0000000084700000, 0x0000000084700000|100%| O|  |TAMS 0x0000000084700000, 0x0000000084700000| Untracked 
|  71|0x0000000084700000, 0x0000000084800000, 0x0000000084800000|100%| O|  |TAMS 0x0000000084800000, 0x0000000084800000| Untracked 
|  72|0x0000000084800000, 0x0000000084900000, 0x0000000084900000|100%| O|  |TAMS 0x0000000084900000, 0x0000000084900000| Untracked 
|  73|0x0000000084900000, 0x0000000084a00000, 0x0000000084a00000|100%| O|  |TAMS 0x0000000084a00000, 0x0000000084a00000| Untracked 
|  74|0x0000000084a00000, 0x0000000084b00000, 0x0000000084b00000|100%| O|  |TAMS 0x0000000084b00000, 0x0000000084b00000| Untracked 
|  75|0x0000000084b00000, 0x0000000084c00000, 0x0000000084c00000|100%| O|  |TAMS 0x0000000084c00000, 0x0000000084c00000| Untracked 
|  76|0x0000000084c00000, 0x0000000084d00000, 0x0000000084d00000|100%| O|  |TAMS 0x0000000084d00000, 0x0000000084d00000| Untracked 
|  77|0x0000000084d00000, 0x0000000084e00000, 0x0000000084e00000|100%| O|  |TAMS 0x0000000084e00000, 0x0000000084e00000| Untracked 
|  78|0x0000000084e00000, 0x0000000084f00000, 0x0000000084f00000|100%| O|  |TAMS 0x0000000084f00000, 0x0000000084f00000| Untracked 
|  79|0x0000000084f00000, 0x0000000085000000, 0x0000000085000000|100%| O|  |TAMS 0x0000000085000000, 0x0000000085000000| Untracked 
|  80|0x0000000085000000, 0x0000000085100000, 0x0000000085100000|100%| O|  |TAMS 0x0000000085100000, 0x0000000085100000| Untracked 
|  81|0x0000000085100000, 0x0000000085200000, 0x0000000085200000|100%| O|  |TAMS 0x0000000085200000, 0x0000000085200000| Untracked 
|  82|0x0000000085200000, 0x0000000085300000, 0x0000000085300000|100%| O|  |TAMS 0x0000000085300000, 0x0000000085300000| Untracked 
|  83|0x0000000085300000, 0x0000000085400000, 0x0000000085400000|100%| O|  |TAMS 0x0000000085400000, 0x0000000085400000| Untracked 
|  84|0x0000000085400000, 0x0000000085500000, 0x0000000085500000|100%| O|  |TAMS 0x0000000085500000, 0x0000000085500000| Untracked 
|  85|0x0000000085500000, 0x0000000085600000, 0x0000000085600000|100%| O|  |TAMS 0x0000000085600000, 0x0000000085600000| Untracked 
|  86|0x0000000085600000, 0x0000000085700000, 0x0000000085700000|100%| O|  |TAMS 0x0000000085700000, 0x0000000085700000| Untracked 
|  87|0x0000000085700000, 0x0000000085800000, 0x0000000085800000|100%| O|  |TAMS 0x0000000085800000, 0x0000000085800000| Untracked 
|  88|0x0000000085800000, 0x0000000085900000, 0x0000000085900000|100%| O|  |TAMS 0x0000000085900000, 0x0000000085900000| Untracked 
|  89|0x0000000085900000, 0x0000000085a00000, 0x0000000085a00000|100%| O|  |TAMS 0x0000000085a00000, 0x0000000085a00000| Untracked 
|  90|0x0000000085a00000, 0x0000000085b00000, 0x0000000085b00000|100%|HS|  |TAMS 0x0000000085b00000, 0x0000000085b00000| Complete 
|  91|0x0000000085b00000, 0x0000000085c00000, 0x0000000085c00000|100%|HS|  |TAMS 0x0000000085c00000, 0x0000000085c00000| Complete 
|  92|0x0000000085c00000, 0x0000000085d00000, 0x0000000085d00000|100%|HS|  |TAMS 0x0000000085d00000, 0x0000000085d00000| Complete 
|  93|0x0000000085d00000, 0x0000000085e00000, 0x0000000085e00000|100%|HC|  |TAMS 0x0000000085e00000, 0x0000000085e00000| Complete 
|  94|0x0000000085e00000, 0x0000000085f00000, 0x0000000085f00000|100%|HC|  |TAMS 0x0000000085f00000, 0x0000000085f00000| Complete 
|  95|0x0000000085f00000, 0x0000000086000000, 0x0000000086000000|100%| O|  |TAMS 0x0000000086000000, 0x0000000086000000| Untracked 
|  96|0x0000000086000000, 0x0000000086100000, 0x0000000086100000|100%| O|  |TAMS 0x0000000086100000, 0x0000000086100000| Untracked 
|  97|0x0000000086100000, 0x0000000086200000, 0x0000000086200000|100%| O|  |TAMS 0x0000000086200000, 0x0000000086200000| Untracked 
|  98|0x0000000086200000, 0x0000000086300000, 0x0000000086300000|100%| O|  |TAMS 0x0000000086300000, 0x0000000086300000| Untracked 
|  99|0x0000000086300000, 0x0000000086400000, 0x0000000086400000|100%| O|  |TAMS 0x0000000086400000, 0x0000000086400000| Untracked 
| 100|0x0000000086400000, 0x0000000086500000, 0x0000000086500000|100%| O|  |TAMS 0x0000000086500000, 0x0000000086500000| Untracked 
| 101|0x0000000086500000, 0x0000000086600000, 0x0000000086600000|100%| O|  |TAMS 0x0000000086600000, 0x0000000086600000| Untracked 
| 102|0x0000000086600000, 0x0000000086700000, 0x0000000086700000|100%| O|  |TAMS 0x0000000086700000, 0x0000000086700000| Untracked 
| 103|0x0000000086700000, 0x0000000086800000, 0x0000000086800000|100%| O|  |TAMS 0x0000000086800000, 0x0000000086800000| Untracked 
| 104|0x0000000086800000, 0x0000000086900000, 0x0000000086900000|100%| O|  |TAMS 0x0000000086900000, 0x0000000086900000| Untracked 
| 105|0x0000000086900000, 0x0000000086a00000, 0x0000000086a00000|100%| O|  |TAMS 0x0000000086a00000, 0x0000000086a00000| Untracked 
| 106|0x0000000086a00000, 0x0000000086b00000, 0x0000000086b00000|100%| O|  |TAMS 0x0000000086b00000, 0x0000000086b00000| Untracked 
| 107|0x0000000086b00000, 0x0000000086c00000, 0x0000000086c00000|100%| O|  |TAMS 0x0000000086c00000, 0x0000000086c00000| Untracked 
| 108|0x0000000086c00000, 0x0000000086d00000, 0x0000000086d00000|100%| O|  |TAMS 0x0000000086d00000, 0x0000000086d00000| Untracked 
| 109|0x0000000086d00000, 0x0000000086e00000, 0x0000000086e00000|100%| O|  |TAMS 0x0000000086e00000, 0x0000000086e00000| Untracked 
| 110|0x0000000086e00000, 0x0000000086f00000, 0x0000000086f00000|100%| O|  |TAMS 0x0000000086f00000, 0x0000000086f00000| Untracked 
| 111|0x0000000086f00000, 0x0000000087000000, 0x0000000087000000|100%| O|  |TAMS 0x0000000087000000, 0x0000000087000000| Untracked 
| 112|0x0000000087000000, 0x0000000087100000, 0x0000000087100000|100%| O|  |TAMS 0x0000000087100000, 0x0000000087100000| Untracked 
| 113|0x0000000087100000, 0x0000000087200000, 0x0000000087200000|100%| O|  |TAMS 0x0000000087200000, 0x0000000087200000| Untracked 
| 114|0x0000000087200000, 0x0000000087300000, 0x0000000087300000|100%| O|  |TAMS 0x0000000087300000, 0x0000000087300000| Untracked 
| 115|0x0000000087300000, 0x0000000087400000, 0x0000000087400000|100%| O|  |TAMS 0x0000000087400000, 0x0000000087400000| Untracked 
| 116|0x0000000087400000, 0x0000000087500000, 0x0000000087500000|100%| O|  |TAMS 0x0000000087500000, 0x0000000087500000| Untracked 
| 117|0x0000000087500000, 0x0000000087600000, 0x0000000087600000|100%| O|  |TAMS 0x0000000087600000, 0x0000000087600000| Untracked 
| 118|0x0000000087600000, 0x0000000087700000, 0x0000000087700000|100%| O|  |TAMS 0x0000000087700000, 0x0000000087700000| Untracked 
| 119|0x0000000087700000, 0x0000000087800000, 0x0000000087800000|100%| O|  |TAMS 0x0000000087800000, 0x0000000087800000| Untracked 
| 120|0x0000000087800000, 0x0000000087900000, 0x0000000087900000|100%| O|  |TAMS 0x0000000087900000, 0x0000000087900000| Untracked 
| 121|0x0000000087900000, 0x0000000087a00000, 0x0000000087a00000|100%| O|  |TAMS 0x0000000087a00000, 0x0000000087a00000| Untracked 
| 122|0x0000000087a00000, 0x0000000087b00000, 0x0000000087b00000|100%| O|  |TAMS 0x0000000087b00000, 0x0000000087b00000| Untracked 
| 123|0x0000000087b00000, 0x0000000087c00000, 0x0000000087c00000|100%| O|  |TAMS 0x0000000087c00000, 0x0000000087c00000| Untracked 
| 124|0x0000000087c00000, 0x0000000087d00000, 0x0000000087d00000|100%| O|  |TAMS 0x0000000087d00000, 0x0000000087d00000| Untracked 
| 125|0x0000000087d00000, 0x0000000087e00000, 0x0000000087e00000|100%| O|  |TAMS 0x0000000087e00000, 0x0000000087e00000| Untracked 
| 126|0x0000000087e00000, 0x0000000087f00000, 0x0000000087f00000|100%| O|  |TAMS 0x0000000087f00000, 0x0000000087f00000| Untracked 
| 127|0x0000000087f00000, 0x0000000088000000, 0x0000000088000000|100%| O|  |TAMS 0x0000000088000000, 0x0000000088000000| Untracked 
| 128|0x0000000088000000, 0x0000000088100000, 0x0000000088100000|100%| O|  |TAMS 0x0000000088100000, 0x0000000088100000| Untracked 
| 129|0x0000000088100000, 0x0000000088200000, 0x0000000088200000|100%| O|  |TAMS 0x0000000088200000, 0x0000000088200000| Untracked 
| 130|0x0000000088200000, 0x0000000088300000, 0x0000000088300000|100%| O|  |TAMS 0x0000000088300000, 0x0000000088300000| Untracked 
| 131|0x0000000088300000, 0x0000000088400000, 0x0000000088400000|100%| O|  |TAMS 0x00000000883dec00, 0x0000000088400000| Untracked 
| 132|0x0000000088400000, 0x0000000088500000, 0x0000000088500000|100%| O|  |TAMS 0x0000000088400000, 0x0000000088500000| Untracked 
| 133|0x0000000088500000, 0x0000000088600000, 0x0000000088600000|100%| O|  |TAMS 0x0000000088500000, 0x0000000088600000| Untracked 
| 134|0x0000000088600000, 0x0000000088700000, 0x0000000088700000|100%| O|  |TAMS 0x0000000088600000, 0x0000000088700000| Untracked 
| 135|0x0000000088700000, 0x0000000088800000, 0x0000000088800000|100%| O|  |TAMS 0x0000000088700000, 0x0000000088800000| Untracked 
| 136|0x0000000088800000, 0x0000000088900000, 0x0000000088900000|100%| O|  |TAMS 0x0000000088800000, 0x0000000088900000| Untracked 
| 137|0x0000000088900000, 0x0000000088a00000, 0x0000000088a00000|100%| O|  |TAMS 0x0000000088900000, 0x0000000088a00000| Untracked 
| 138|0x0000000088a00000, 0x0000000088b00000, 0x0000000088b00000|100%| O|  |TAMS 0x0000000088a00000, 0x0000000088b00000| Untracked 
| 139|0x0000000088b00000, 0x0000000088c00000, 0x0000000088c00000|100%| O|  |TAMS 0x0000000088b00000, 0x0000000088c00000| Untracked 
| 140|0x0000000088c00000, 0x0000000088d00000, 0x0000000088d00000|100%| O|  |TAMS 0x0000000088c00000, 0x0000000088d00000| Untracked 
| 141|0x0000000088d00000, 0x0000000088d00000, 0x0000000088e00000|  0%| F|  |TAMS 0x0000000088d00000, 0x0000000088d00000| Untracked 
| 142|0x0000000088e00000, 0x0000000088e00000, 0x0000000088f00000|  0%| F|  |TAMS 0x0000000088e00000, 0x0000000088e00000| Untracked 
| 143|0x0000000088f00000, 0x0000000088f00000, 0x0000000089000000|  0%| F|  |TAMS 0x0000000088f00000, 0x0000000088f00000| Untracked 
| 144|0x0000000089000000, 0x0000000089000000, 0x0000000089100000|  0%| F|  |TAMS 0x0000000089000000, 0x0000000089000000| Untracked 
| 145|0x0000000089100000, 0x0000000089100000, 0x0000000089200000|  0%| F|  |TAMS 0x0000000089100000, 0x0000000089100000| Untracked 
| 146|0x0000000089200000, 0x0000000089200000, 0x0000000089300000|  0%| F|  |TAMS 0x0000000089200000, 0x0000000089200000| Untracked 
| 147|0x0000000089300000, 0x0000000089300000, 0x0000000089400000|  0%| F|  |TAMS 0x0000000089300000, 0x0000000089300000| Untracked 
| 148|0x0000000089400000, 0x0000000089400000, 0x0000000089500000|  0%| F|  |TAMS 0x0000000089400000, 0x0000000089400000| Untracked 
| 149|0x0000000089500000, 0x0000000089500000, 0x0000000089600000|  0%| F|  |TAMS 0x0000000089500000, 0x0000000089500000| Untracked 
| 150|0x0000000089600000, 0x0000000089600000, 0x0000000089700000|  0%| F|  |TAMS 0x0000000089600000, 0x0000000089600000| Untracked 
| 151|0x0000000089700000, 0x0000000089700000, 0x0000000089800000|  0%| F|  |TAMS 0x0000000089700000, 0x0000000089700000| Untracked 
| 152|0x0000000089800000, 0x0000000089800000, 0x0000000089900000|  0%| F|  |TAMS 0x0000000089800000, 0x0000000089800000| Untracked 
| 153|0x0000000089900000, 0x0000000089900000, 0x0000000089a00000|  0%| F|  |TAMS 0x0000000089900000, 0x0000000089900000| Untracked 
| 154|0x0000000089a00000, 0x0000000089a00000, 0x0000000089b00000|  0%| F|  |TAMS 0x0000000089a00000, 0x0000000089a00000| Untracked 
| 155|0x0000000089b00000, 0x0000000089b00000, 0x0000000089c00000|  0%| F|  |TAMS 0x0000000089b00000, 0x0000000089b00000| Untracked 
| 156|0x0000000089c00000, 0x0000000089c00000, 0x0000000089d00000|  0%| F|  |TAMS 0x0000000089c00000, 0x0000000089c00000| Untracked 
| 157|0x0000000089d00000, 0x0000000089d00000, 0x0000000089e00000|  0%| F|  |TAMS 0x0000000089d00000, 0x0000000089d00000| Untracked 
| 158|0x0000000089e00000, 0x0000000089e00000, 0x0000000089f00000|  0%| F|  |TAMS 0x0000000089e00000, 0x0000000089e00000| Untracked 
| 159|0x0000000089f00000, 0x0000000089f00000, 0x000000008a000000|  0%| F|  |TAMS 0x0000000089f00000, 0x0000000089f00000| Untracked 
| 160|0x000000008a000000, 0x000000008a000000, 0x000000008a100000|  0%| F|  |TAMS 0x000000008a000000, 0x000000008a000000| Untracked 
| 161|0x000000008a100000, 0x000000008a100000, 0x000000008a200000|  0%| F|  |TAMS 0x000000008a100000, 0x000000008a100000| Untracked 
| 162|0x000000008a200000, 0x000000008a200000, 0x000000008a300000|  0%| F|  |TAMS 0x000000008a200000, 0x000000008a200000| Untracked 
| 163|0x000000008a300000, 0x000000008a300000, 0x000000008a400000|  0%| F|  |TAMS 0x000000008a300000, 0x000000008a300000| Untracked 
| 164|0x000000008a400000, 0x000000008a400000, 0x000000008a500000|  0%| F|  |TAMS 0x000000008a400000, 0x000000008a400000| Untracked 
| 165|0x000000008a500000, 0x000000008a500000, 0x000000008a600000|  0%| F|  |TAMS 0x000000008a500000, 0x000000008a500000| Untracked 
| 166|0x000000008a600000, 0x000000008a600000, 0x000000008a700000|  0%| F|  |TAMS 0x000000008a600000, 0x000000008a600000| Untracked 
| 167|0x000000008a700000, 0x000000008a700000, 0x000000008a800000|  0%| F|  |TAMS 0x000000008a700000, 0x000000008a700000| Untracked 
| 168|0x000000008a800000, 0x000000008a800000, 0x000000008a900000|  0%| F|  |TAMS 0x000000008a800000, 0x000000008a800000| Untracked 
| 169|0x000000008a900000, 0x000000008a900000, 0x000000008aa00000|  0%| F|  |TAMS 0x000000008a900000, 0x000000008a900000| Untracked 
| 170|0x000000008aa00000, 0x000000008aa00000, 0x000000008ab00000|  0%| F|  |TAMS 0x000000008aa00000, 0x000000008aa00000| Untracked 
| 171|0x000000008ab00000, 0x000000008ab00000, 0x000000008ac00000|  0%| F|  |TAMS 0x000000008ab00000, 0x000000008ab00000| Untracked 
| 172|0x000000008ac00000, 0x000000008ac00000, 0x000000008ad00000|  0%| F|  |TAMS 0x000000008ac00000, 0x000000008ac00000| Untracked 
| 173|0x000000008ad00000, 0x000000008ad00000, 0x000000008ae00000|  0%| F|  |TAMS 0x000000008ad00000, 0x000000008ad00000| Untracked 
| 174|0x000000008ae00000, 0x000000008ae00000, 0x000000008af00000|  0%| F|  |TAMS 0x000000008ae00000, 0x000000008ae00000| Untracked 
| 175|0x000000008af00000, 0x000000008af00000, 0x000000008b000000|  0%| F|  |TAMS 0x000000008af00000, 0x000000008af00000| Untracked 
| 176|0x000000008b000000, 0x000000008b000000, 0x000000008b100000|  0%| F|  |TAMS 0x000000008b000000, 0x000000008b000000| Untracked 
| 177|0x000000008b100000, 0x000000008b100000, 0x000000008b200000|  0%| F|  |TAMS 0x000000008b100000, 0x000000008b100000| Untracked 
| 178|0x000000008b200000, 0x000000008b200000, 0x000000008b300000|  0%| F|  |TAMS 0x000000008b200000, 0x000000008b200000| Untracked 
| 179|0x000000008b300000, 0x000000008b300000, 0x000000008b400000|  0%| F|  |TAMS 0x000000008b300000, 0x000000008b300000| Untracked 
| 180|0x000000008b400000, 0x000000008b400000, 0x000000008b500000|  0%| F|  |TAMS 0x000000008b400000, 0x000000008b400000| Untracked 
| 181|0x000000008b500000, 0x000000008b500000, 0x000000008b600000|  0%| F|  |TAMS 0x000000008b500000, 0x000000008b500000| Untracked 
| 182|0x000000008b600000, 0x000000008b600000, 0x000000008b700000|  0%| F|  |TAMS 0x000000008b600000, 0x000000008b600000| Untracked 
| 183|0x000000008b700000, 0x000000008b7474d8, 0x000000008b800000| 27%| S|CS|TAMS 0x000000008b700000, 0x000000008b700000| Complete 
| 184|0x000000008b800000, 0x000000008b900000, 0x000000008b900000|100%| S|CS|TAMS 0x000000008b800000, 0x000000008b800000| Complete 
| 185|0x000000008b900000, 0x000000008ba00000, 0x000000008ba00000|100%| S|CS|TAMS 0x000000008b900000, 0x000000008b900000| Complete 
| 186|0x000000008ba00000, 0x000000008bb00000, 0x000000008bb00000|100%| S|CS|TAMS 0x000000008ba00000, 0x000000008ba00000| Complete 
| 187|0x000000008bb00000, 0x000000008bc00000, 0x000000008bc00000|100%| S|CS|TAMS 0x000000008bb00000, 0x000000008bb00000| Complete 
| 188|0x000000008bc00000, 0x000000008bc00000, 0x000000008bd00000|  0%| F|  |TAMS 0x000000008bc00000, 0x000000008bc00000| Untracked 
| 189|0x000000008bd00000, 0x000000008bd00000, 0x000000008be00000|  0%| F|  |TAMS 0x000000008bd00000, 0x000000008bd00000| Untracked 
| 190|0x000000008be00000, 0x000000008be00000, 0x000000008bf00000|  0%| F|  |TAMS 0x000000008be00000, 0x000000008be00000| Untracked 
| 191|0x000000008bf00000, 0x000000008bf00000, 0x000000008c000000|  0%| F|  |TAMS 0x000000008bf00000, 0x000000008bf00000| Untracked 
| 192|0x000000008c000000, 0x000000008c000000, 0x000000008c100000|  0%| F|  |TAMS 0x000000008c000000, 0x000000008c000000| Untracked 
| 193|0x000000008c100000, 0x000000008c100000, 0x000000008c200000|  0%| F|  |TAMS 0x000000008c100000, 0x000000008c100000| Untracked 
| 194|0x000000008c200000, 0x000000008c200000, 0x000000008c300000|  0%| F|  |TAMS 0x000000008c200000, 0x000000008c200000| Untracked 
| 195|0x000000008c300000, 0x000000008c300000, 0x000000008c400000|  0%| F|  |TAMS 0x000000008c300000, 0x000000008c300000| Untracked 
| 196|0x000000008c400000, 0x000000008c400000, 0x000000008c500000|  0%| F|  |TAMS 0x000000008c400000, 0x000000008c400000| Untracked 
| 197|0x000000008c500000, 0x000000008c500000, 0x000000008c600000|  0%| F|  |TAMS 0x000000008c500000, 0x000000008c500000| Untracked 
| 198|0x000000008c600000, 0x000000008c600000, 0x000000008c700000|  0%| F|  |TAMS 0x000000008c600000, 0x000000008c600000| Untracked 
| 199|0x000000008c700000, 0x000000008c700000, 0x000000008c800000|  0%| F|  |TAMS 0x000000008c700000, 0x000000008c700000| Untracked 
| 200|0x000000008c800000, 0x000000008c800000, 0x000000008c900000|  0%| F|  |TAMS 0x000000008c800000, 0x000000008c800000| Untracked 
| 201|0x000000008c900000, 0x000000008c900000, 0x000000008ca00000|  0%| F|  |TAMS 0x000000008c900000, 0x000000008c900000| Untracked 
| 202|0x000000008ca00000, 0x000000008ca00000, 0x000000008cb00000|  0%| F|  |TAMS 0x000000008ca00000, 0x000000008ca00000| Untracked 
| 203|0x000000008cb00000, 0x000000008cb00000, 0x000000008cc00000|  0%| F|  |TAMS 0x000000008cb00000, 0x000000008cb00000| Untracked 
| 204|0x000000008cc00000, 0x000000008cc00000, 0x000000008cd00000|  0%| F|  |TAMS 0x000000008cc00000, 0x000000008cc00000| Untracked 
| 205|0x000000008cd00000, 0x000000008cd00000, 0x000000008ce00000|  0%| F|  |TAMS 0x000000008cd00000, 0x000000008cd00000| Untracked 
| 206|0x000000008ce00000, 0x000000008ce00000, 0x000000008cf00000|  0%| F|  |TAMS 0x000000008ce00000, 0x000000008ce00000| Untracked 
| 207|0x000000008cf00000, 0x000000008cf00000, 0x000000008d000000|  0%| F|  |TAMS 0x000000008cf00000, 0x000000008cf00000| Untracked 
| 208|0x000000008d000000, 0x000000008d000000, 0x000000008d100000|  0%| F|  |TAMS 0x000000008d000000, 0x000000008d000000| Untracked 
| 209|0x000000008d100000, 0x000000008d100000, 0x000000008d200000|  0%| F|  |TAMS 0x000000008d100000, 0x000000008d100000| Untracked 
| 210|0x000000008d200000, 0x000000008d200000, 0x000000008d300000|  0%| F|  |TAMS 0x000000008d200000, 0x000000008d200000| Untracked 
| 211|0x000000008d300000, 0x000000008d300000, 0x000000008d400000|  0%| F|  |TAMS 0x000000008d300000, 0x000000008d300000| Untracked 
| 212|0x000000008d400000, 0x000000008d400000, 0x000000008d500000|  0%| F|  |TAMS 0x000000008d400000, 0x000000008d400000| Untracked 
| 213|0x000000008d500000, 0x000000008d500000, 0x000000008d600000|  0%| F|  |TAMS 0x000000008d500000, 0x000000008d500000| Untracked 
| 214|0x000000008d600000, 0x000000008d600000, 0x000000008d700000|  0%| F|  |TAMS 0x000000008d600000, 0x000000008d600000| Untracked 
| 215|0x000000008d700000, 0x000000008d700000, 0x000000008d800000|  0%| F|  |TAMS 0x000000008d700000, 0x000000008d700000| Untracked 
| 216|0x000000008d800000, 0x000000008d800000, 0x000000008d900000|  0%| F|  |TAMS 0x000000008d800000, 0x000000008d800000| Untracked 
| 217|0x000000008d900000, 0x000000008d900000, 0x000000008da00000|  0%| F|  |TAMS 0x000000008d900000, 0x000000008d900000| Untracked 
| 218|0x000000008da00000, 0x000000008da00000, 0x000000008db00000|  0%| F|  |TAMS 0x000000008da00000, 0x000000008da00000| Untracked 
| 219|0x000000008db00000, 0x000000008db00000, 0x000000008dc00000|  0%| F|  |TAMS 0x000000008db00000, 0x000000008db00000| Untracked 
| 220|0x000000008dc00000, 0x000000008dc00000, 0x000000008dd00000|  0%| F|  |TAMS 0x000000008dc00000, 0x000000008dc00000| Untracked 
| 221|0x000000008dd00000, 0x000000008dd00000, 0x000000008de00000|  0%| F|  |TAMS 0x000000008dd00000, 0x000000008dd00000| Untracked 
| 222|0x000000008de00000, 0x000000008de00000, 0x000000008df00000|  0%| F|  |TAMS 0x000000008de00000, 0x000000008de00000| Untracked 
| 223|0x000000008df00000, 0x000000008df00000, 0x000000008e000000|  0%| F|  |TAMS 0x000000008df00000, 0x000000008df00000| Untracked 
| 224|0x000000008e000000, 0x000000008e000000, 0x000000008e100000|  0%| F|  |TAMS 0x000000008e000000, 0x000000008e000000| Untracked 
| 225|0x000000008e100000, 0x000000008e100000, 0x000000008e200000|  0%| F|  |TAMS 0x000000008e100000, 0x000000008e100000| Untracked 
| 226|0x000000008e200000, 0x000000008e200000, 0x000000008e300000|  0%| F|  |TAMS 0x000000008e200000, 0x000000008e200000| Untracked 
| 227|0x000000008e300000, 0x000000008e300000, 0x000000008e400000|  0%| F|  |TAMS 0x000000008e300000, 0x000000008e300000| Untracked 
| 228|0x000000008e400000, 0x000000008e400000, 0x000000008e500000|  0%| F|  |TAMS 0x000000008e400000, 0x000000008e400000| Untracked 
| 229|0x000000008e500000, 0x000000008e500000, 0x000000008e600000|  0%| F|  |TAMS 0x000000008e500000, 0x000000008e500000| Untracked 
| 230|0x000000008e600000, 0x000000008e600000, 0x000000008e700000|  0%| F|  |TAMS 0x000000008e600000, 0x000000008e600000| Untracked 
| 231|0x000000008e700000, 0x000000008e700000, 0x000000008e800000|  0%| F|  |TAMS 0x000000008e700000, 0x000000008e700000| Untracked 

Card table byte_map: [0x000001fc55b10000,0x000001fc55f10000] _byte_map_base: 0x000001fc55710000

Marking Bits (Prev, Next): (CMBitMap*) 0x000001fc3e429c88, (CMBitMap*) 0x000001fc3e429cc0
 Prev Bits: [0x000001fc56310000, 0x000001fc58310000)
 Next Bits: [0x000001fc58310000, 0x000001fc5a310000)

Polling page: 0x000001fc3db10000

Metaspace:

Usage:
  Non-class:    100.59 MB capacity,    98.39 MB ( 98%) used,     1.88 MB (  2%) free+waste,   326.81 KB ( <1%) overhead. 
      Class:     15.88 MB capacity,    14.51 MB ( 91%) used,     1.22 MB (  8%) free+waste,   147.25 KB ( <1%) overhead. 
       Both:    116.46 MB capacity,   112.90 MB ( 97%) used,     3.10 MB (  3%) free+waste,   474.06 KB ( <1%) overhead. 

Virtual space:
  Non-class space:      102.00 MB reserved,     100.75 MB ( 99%) committed 
      Class space:      504.00 MB reserved,      15.95 MB (  3%) committed 
             Both:      606.00 MB reserved,     116.70 MB ( 19%) committed 

Chunk freelists:
   Non-Class:  4.75 KB
       Class:  0 bytes
        Both:  4.75 KB

CodeHeap 'non-profiled nmethods': size=120064Kb used=9680Kb max_used=9680Kb free=110383Kb
 bounds [0x000001fc4e1d0000, 0x000001fc4eb50000, 0x000001fc55710000]
CodeHeap 'profiled nmethods': size=120000Kb used=34999Kb max_used=34999Kb free=85000Kb
 bounds [0x000001fc46ca0000, 0x000001fc48ee0000, 0x000001fc4e1d0000]
CodeHeap 'non-nmethods': size=5696Kb used=2330Kb max_used=2377Kb free=3366Kb
 bounds [0x000001fc46710000, 0x000001fc46980000, 0x000001fc46ca0000]
 total_blobs=19744 nmethods=14956 adapters=856
 compilation: enabled
              stopped_count=0, restarted_count=0
 full_count=0

Compilation events (10 events):
Event: 50.362 Thread 0x000001fc5d149800 15278       3       org.gradle.internal.operations.BuildOperationDescriptor$Builder::progressDisplayName (7 bytes)
Event: 50.362 Thread 0x000001fc5d149800 nmethod 15278 0x000001fc48ed1790 code [0x000001fc48ed1940, 0x000001fc48ed1af8]
Event: 50.366 Thread 0x000001fc61fce800 nmethod 15273 0x000001fc4eb43610 code [0x000001fc4eb437c0, 0x000001fc4eb43e38]
Event: 50.366 Thread 0x000001fc61fce800 15279   !   4       com.google.common.cache.LocalCache$LoadingValueReference::loadFuture (125 bytes)
Event: 50.368 Thread 0x000001fc5d149800 15280       3       java.util.concurrent.CopyOnWriteArraySet::contains (9 bytes)
Event: 50.368 Thread 0x000001fc5d149800 nmethod 15280 0x000001fc48ed1b90 code [0x000001fc48ed1d60, 0x000001fc48ed2070]
Event: 50.368 Thread 0x000001fc5d149800 15281       3       java.util.concurrent.CopyOnWriteArrayList::contains (14 bytes)
Event: 50.369 Thread 0x000001fc5d149800 nmethod 15281 0x000001fc48ed2190 code [0x000001fc48ed2360, 0x000001fc48ed25f0]
Event: 50.369 Thread 0x000001fc5d149800 15282       3       java.util.concurrent.CopyOnWriteArrayList::indexOf (14 bytes)
Event: 50.369 Thread 0x000001fc5d149800 nmethod 15282 0x000001fc48ed2710 code [0x000001fc48ed28e0, 0x000001fc48ed2ab0]

GC Heap History (10 events):
Event: 46.672 GC heap after
{Heap after GC invocations=51 (full 0):
 garbage-first heap   total 187392K, used 133969K [0x0000000080000000, 0x0000000100000000)
  region size 1024K, 2 young (2048K), 2 survivors (2048K)
 Metaspace       used 113408K, capacity 116875K, committed 116940K, reserved 618496K
  class space    used 14673K, capacity 16027K, committed 16076K, reserved 516096K
}
Event: 47.172 GC heap before
{Heap before GC invocations=51 (full 0):
 garbage-first heap   total 187392K, used 154449K [0x0000000080000000, 0x0000000100000000)
  region size 1024K, 23 young (23552K), 2 survivors (2048K)
 Metaspace       used 113472K, capacity 117006K, committed 117196K, reserved 618496K
  class space    used 14673K, capacity 16027K, committed 16076K, reserved 516096K
}
Event: 47.180 GC heap after
{Heap after GC invocations=52 (full 0):
 garbage-first heap   total 237568K, used 135008K [0x0000000080000000, 0x0000000100000000)
  region size 1024K, 3 young (3072K), 3 survivors (3072K)
 Metaspace       used 113472K, capacity 117006K, committed 117196K, reserved 618496K
  class space    used 14673K, capacity 16027K, committed 16076K, reserved 516096K
}
Event: 48.071 GC heap before
{Heap before GC invocations=53 (full 0):
 garbage-first heap   total 237568K, used 171872K [0x0000000080000000, 0x0000000100000000)
  region size 1024K, 40 young (40960K), 3 survivors (3072K)
 Metaspace       used 113862K, capacity 117387K, committed 117452K, reserved 618496K
  class space    used 14690K, capacity 16047K, committed 16076K, reserved 516096K
}
Event: 48.086 GC heap after
{Heap after GC invocations=54 (full 0):
 garbage-first heap   total 237568K, used 137788K [0x0000000080000000, 0x0000000100000000)
  region size 1024K, 5 young (5120K), 5 survivors (5120K)
 Metaspace       used 113862K, capacity 117387K, committed 117452K, reserved 618496K
  class space    used 14690K, capacity 16047K, committed 16076K, reserved 516096K
}
Event: 48.778 GC heap before
{Heap before GC invocations=54 (full 0):
 garbage-first heap   total 237568K, used 175676K [0x0000000080000000, 0x0000000100000000)
  region size 1024K, 43 young (44032K), 5 survivors (5120K)
 Metaspace       used 114136K, capacity 117743K, committed 117964K, reserved 618496K
  class space    used 14704K, capacity 16059K, committed 16076K, reserved 516096K
}
Event: 48.799 GC heap after
{Heap after GC invocations=55 (full 0):
 garbage-first heap   total 237568K, used 140588K [0x0000000080000000, 0x0000000100000000)
  region size 1024K, 6 young (6144K), 6 survivors (6144K)
 Metaspace       used 114136K, capacity 117743K, committed 117964K, reserved 618496K
  class space    used 14704K, capacity 16059K, committed 16076K, reserved 516096K
}
Event: 49.746 GC heap before
{Heap before GC invocations=56 (full 0):
 garbage-first heap   total 237568K, used 179500K [0x0000000080000000, 0x0000000100000000)
  region size 1024K, 45 young (46080K), 6 survivors (6144K)
 Metaspace       used 114908K, capacity 118481K, committed 118604K, reserved 618496K
  class space    used 14787K, capacity 16152K, committed 16204K, reserved 516096K
}
Event: 49.762 GC heap after
{Heap after GC invocations=57 (full 0):
 garbage-first heap   total 237568K, used 144384K [0x0000000080000000, 0x0000000100000000)
  region size 1024K, 6 young (6144K), 6 survivors (6144K)
 Metaspace       used 114908K, capacity 118481K, committed 118604K, reserved 618496K
  class space    used 14787K, capacity 16152K, committed 16204K, reserved 516096K
}
Event: 50.369 GC heap before
{Heap before GC invocations=57 (full 0):
 garbage-first heap   total 237568K, used 185344K [0x0000000080000000, 0x0000000100000000)
  region size 1024K, 46 young (47104K), 6 survivors (6144K)
 Metaspace       used 115614K, capacity 119260K, committed 119500K, reserved 620544K
  class space    used 14862K, capacity 16258K, committed 16332K, reserved 516096K
}

Deoptimization events (10 events):
Event: 50.121 Thread 0x000001fc61fcc000 Uncommon trap: reason=class_check action=maybe_recompile pc=0x000001fc4ead839c method=org.gradle.internal.snapshot.impl.DefaultValueSnapshotter.processValue(Ljava/lang/Object;Lorg/gradle/internal/snapshot/impl/DefaultValueSnapshotter$ValueVisitor;)Ljava/l
Event: 50.156 Thread 0x000001fc61fcc000 Uncommon trap: reason=bimorphic_or_optimized_type_check action=maybe_recompile pc=0x000001fc4eacc268 method=org.gradle.internal.snapshot.AbstractIncompleteFileSystemNode$$Lambda$917/0x000000010092b440.test(Ljava/lang/Object;)Z @ 7 c2
Event: 50.156 Thread 0x000001fc61fcc000 Uncommon trap: reason=bimorphic_or_optimized_type_check action=maybe_recompile pc=0x000001fc4eacc268 method=org.gradle.internal.snapshot.AbstractIncompleteFileSystemNode$$Lambda$917/0x000000010092b440.test(Ljava/lang/Object;)Z @ 7 c2
Event: 50.161 Thread 0x000001fc61fcc000 Uncommon trap: reason=bimorphic_or_optimized_type_check action=maybe_recompile pc=0x000001fc4eacc268 method=org.gradle.internal.snapshot.AbstractIncompleteFileSystemNode$$Lambda$917/0x000000010092b440.test(Ljava/lang/Object;)Z @ 7 c2
Event: 50.161 Thread 0x000001fc61fcc000 Uncommon trap: reason=class_check action=maybe_recompile pc=0x000001fc4ead2d64 method=org.gradle.internal.snapshot.LargeChildMap.withNode(Lorg/gradle/internal/snapshot/VfsRelativePath;Lorg/gradle/internal/snapshot/CaseSensitivity;Lorg/gradle/internal/snap
Event: 50.194 Thread 0x000001fc61fcc000 Uncommon trap: reason=bimorphic_or_optimized_type_check action=maybe_recompile pc=0x000001fc4eacc268 method=org.gradle.internal.snapshot.AbstractIncompleteFileSystemNode$$Lambda$917/0x000000010092b440.test(Ljava/lang/Object;)Z @ 7 c2
Event: 50.195 Thread 0x000001fc61fcc000 Uncommon trap: reason=unstable_if action=reinterpret pc=0x000001fc4ea4e938 method=org.gradle.internal.snapshot.PathUtil.equalChars(CCLorg/gradle/internal/snapshot/CaseSensitivity;)Z @ 40 c2
Event: 50.350 Thread 0x000001fc61fcc000 Uncommon trap: reason=array_check action=maybe_recompile pc=0x000001fc4eab3b44 method=com.google.common.collect.RegularImmutableMap.fromEntryArray(I[Ljava/util/Map$Entry;)Lcom/google/common/collect/ImmutableMap; @ 157 c2
Event: 50.350 Thread 0x000001fc61fcc000 Uncommon trap: reason=class_check action=maybe_recompile pc=0x000001fc4ead2d64 method=org.gradle.internal.snapshot.LargeChildMap.withNode(Lorg/gradle/internal/snapshot/VfsRelativePath;Lorg/gradle/internal/snapshot/CaseSensitivity;Lorg/gradle/internal/snap
Event: 50.350 Thread 0x000001fc61fcc000 Uncommon trap: reason=class_check action=maybe_recompile pc=0x000001fc4ead2d64 method=org.gradle.internal.snapshot.LargeChildMap.withNode(Lorg/gradle/internal/snapshot/VfsRelativePath;Lorg/gradle/internal/snapshot/CaseSensitivity;Lorg/gradle/internal/snap

Classes redefined (0 events):
No events

Internal exceptions (10 events):
Event: 45.966 Thread 0x000001fc61fcb000 Exception <a 'java/lang/NoSuchMethodError'{0x000000008a419e30}: <clinit>> (0x000000008a419e30) thrown at [t:/workspace/open/src/hotspot/share/prims/jni.cpp, line 1364]
Event: 46.006 Thread 0x000001fc61fcc000 Exception <a 'java/lang/NoSuchMethodError'{0x000000008a34d418}: java.lang.invoke.DirectMethodHandle$Holder.invokeStatic(Ljava/lang/Object;Ljava/lang/Object;Ljava/lang/Object;Ljava/lang/Object;ILjava/lang/Object;Ljava/lang/Object;)V> (0x000000008a34d418) t
Event: 46.045 Thread 0x000001fc62269000 Exception <a 'java/lang/NoSuchMethodError'{0x000000008a1ba1e8}: java.lang.invoke.DirectMethodHandle$Holder.invokeSpecialIFC(Ljava/lang/Object;Ljava/lang/Object;Ljava/lang/Object;)Ljava/lang/Object;> (0x000000008a1ba1e8) thrown at [t:/workspace/open/src/ho
Event: 47.558 Thread 0x000001fc61fd1800 Exception <a 'java/lang/NoSuchMethodError'{0x000000008d85eab0}: <clinit>> (0x000000008d85eab0) thrown at [t:/workspace/open/src/hotspot/share/prims/jni.cpp, line 1364]
Event: 47.561 Thread 0x000001fc61fd1800 Exception <a 'java/lang/NoSuchMethodError'{0x000000008d86e1b0}: <clinit>> (0x000000008d86e1b0) thrown at [t:/workspace/open/src/hotspot/share/prims/jni.cpp, line 1364]
Event: 48.560 Thread 0x000001fc61fcc000 Exception <a 'java/lang/NoSuchMethodError'{0x000000008d0ccbf8}: <clinit>> (0x000000008d0ccbf8) thrown at [t:/workspace/open/src/hotspot/share/prims/jni.cpp, line 1364]
Event: 48.560 Thread 0x000001fc61fcc000 Exception <a 'java/lang/NoSuchMethodError'{0x000000008d0ce230}: <clinit>> (0x000000008d0ce230) thrown at [t:/workspace/open/src/hotspot/share/prims/jni.cpp, line 1364]
Event: 48.560 Thread 0x000001fc61fcc000 Exception <a 'java/lang/NoSuchMethodError'{0x000000008d0d03a8}: <clinit>> (0x000000008d0d03a8) thrown at [t:/workspace/open/src/hotspot/share/prims/jni.cpp, line 1364]
Event: 48.563 Thread 0x000001fc61fcc000 Exception <a 'java/lang/NoSuchMethodError'{0x000000008d0e7758}: <clinit>> (0x000000008d0e7758) thrown at [t:/workspace/open/src/hotspot/share/prims/jni.cpp, line 1364]
Event: 48.563 Thread 0x000001fc61fcc000 Exception <a 'java/lang/NoSuchMethodError'{0x000000008d0e8978}: <clinit>> (0x000000008d0e8978) thrown at [t:/workspace/open/src/hotspot/share/prims/jni.cpp, line 1364]

Events (10 events):
Event: 50.350 Thread 0x000001fc61fcc000 DEOPT PACKING pc=0x000001fc4ead2d64 sp=0x000000d5f47fc7b0
Event: 50.350 Thread 0x000001fc61fcc000 DEOPT UNPACKING pc=0x000001fc46738f2f sp=0x000000d5f47fc770 mode 2
Event: 50.350 Thread 0x000001fc61fcc000 Uncommon trap: trap_request=0xffffffde fr.pc=0x000001fc4ead2d64 relative=0x00000000000005a4
Event: 50.350 Thread 0x000001fc61fcc000 DEOPT PACKING pc=0x000001fc4ead2d64 sp=0x000000d5f47fc7b0
Event: 50.350 Thread 0x000001fc61fcc000 DEOPT UNPACKING pc=0x000001fc46738f2f sp=0x000000d5f47fc770 mode 2
Event: 50.355 loading class org/gradle/api/internal/artifacts/transform/DefaultArtifactTransformDependencies
Event: 50.355 loading class org/gradle/api/internal/artifacts/transform/DefaultArtifactTransformDependencies done
Event: 50.355 Executing VM operation: Deoptimize
Event: 50.357 Executing VM operation: Deoptimize done
Event: 50.369 Executing VM operation: G1CollectForAllocation


Dynamic libraries:
0x00007ff6bcc80000 - 0x00007ff6bccc5000 	C:\Program Files\jdk-11.0.2\bin\java.exe
0x00007ffcdb820000 - 0x00007ffcdba29000 	C:\WINDOWS\SYSTEM32\ntdll.dll
0x00007ffcda040000 - 0x00007ffcda0fd000 	C:\WINDOWS\System32\KERNEL32.DLL
0x00007ffcd8ef0000 - 0x00007ffcd926d000 	C:\WINDOWS\System32\KERNELBASE.dll
0x00007ffcd9e80000 - 0x00007ffcda02d000 	C:\WINDOWS\System32\USER32.dll
0x00007ffcd8ec0000 - 0x00007ffcd8ee6000 	C:\WINDOWS\System32\win32u.dll
0x00007ffcda100000 - 0x00007ffcda129000 	C:\WINDOWS\System32\GDI32.dll
0x00007ffcd9360000 - 0x00007ffcd9478000 	C:\WINDOWS\System32\gdi32full.dll
0x00007ffcd8d00000 - 0x00007ffcd8d9d000 	C:\WINDOWS\System32\msvcp_win.dll
0x00007ffcd8da0000 - 0x00007ffcd8eb1000 	C:\WINDOWS\System32\ucrtbase.dll
0x00007ffcc44e0000 - 0x00007ffcc4785000 	C:\WINDOWS\WinSxS\amd64_microsoft.windows.common-controls_6595b64144ccf1df_6.0.22000.120_none_9d947278b86cc467\COMCTL32.dll
0x00007ffcda920000 - 0x00007ffcda9c3000 	C:\WINDOWS\System32\msvcrt.dll
0x00007ffcda1f0000 - 0x00007ffcda221000 	C:\WINDOWS\System32\IMM32.DLL
0x00007ffcd5540000 - 0x00007ffcd5556000 	C:\Program Files\jdk-11.0.2\bin\vcruntime140.dll
0x00007ffcc6b40000 - 0x00007ffcc6bea000 	C:\Program Files\jdk-11.0.2\bin\msvcp140.dll
0x00007ffc7bd50000 - 0x00007ffc7c873000 	C:\Program Files\jdk-11.0.2\bin\server\jvm.dll
0x00007ffcda6b0000 - 0x00007ffcda75e000 	C:\WINDOWS\System32\ADVAPI32.dll
0x00007ffcda760000 - 0x00007ffcda7fe000 	C:\WINDOWS\System32\sechost.dll
0x00007ffcd9880000 - 0x00007ffcd99a0000 	C:\WINDOWS\System32\RPCRT4.dll
0x00007ffcda230000 - 0x00007ffcda238000 	C:\WINDOWS\System32\PSAPI.DLL
0x00007ffcd3b90000 - 0x00007ffcd3bc3000 	C:\WINDOWS\SYSTEM32\WINMM.dll
0x00007ffcb2640000 - 0x00007ffcb2649000 	C:\WINDOWS\SYSTEM32\WSOCK32.dll
0x00007ffcd9ba0000 - 0x00007ffcd9c0f000 	C:\WINDOWS\System32\WS2_32.dll
0x00007ffcd55f0000 - 0x00007ffcd55fa000 	C:\WINDOWS\SYSTEM32\VERSION.dll
0x00007ffcd7eb0000 - 0x00007ffcd7ec8000 	C:\WINDOWS\SYSTEM32\kernel.appcore.dll
0x00007ffcd3bf0000 - 0x00007ffcd3c01000 	C:\Program Files\jdk-11.0.2\bin\verify.dll
0x00007ffcd1610000 - 0x00007ffcd1831000 	C:\WINDOWS\SYSTEM32\DBGHELP.DLL
0x00007ffcbde40000 - 0x00007ffcbde71000 	C:\WINDOWS\SYSTEM32\dbgcore.DLL
0x00007ffcd92e0000 - 0x00007ffcd935f000 	C:\WINDOWS\System32\bcryptPrimitives.dll
0x00007ffcc7f80000 - 0x00007ffcc7fa8000 	C:\Program Files\jdk-11.0.2\bin\java.dll
0x00007ffcc7ce0000 - 0x00007ffcc7cf6000 	C:\Program Files\jdk-11.0.2\bin\zip.dll
0x00007ffcd55c0000 - 0x00007ffcd55ca000 	C:\Program Files\jdk-11.0.2\bin\jimage.dll
0x00007ffcdaa00000 - 0x00007ffcdb1b8000 	C:\WINDOWS\System32\SHELL32.dll
0x00007ffcd6e40000 - 0x00007ffcd76a8000 	C:\WINDOWS\SYSTEM32\windows.storage.dll
0x00007ffcdb2a0000 - 0x00007ffcdb619000 	C:\WINDOWS\System32\combase.dll
0x00007ffcd6cd0000 - 0x00007ffcd6e36000 	C:\WINDOWS\SYSTEM32\wintypes.dll
0x00007ffcd99c0000 - 0x00007ffcd9aaa000 	C:\WINDOWS\System32\SHCORE.dll
0x00007ffcd9c10000 - 0x00007ffcd9c6d000 	C:\WINDOWS\System32\shlwapi.dll
0x00007ffcd8c30000 - 0x00007ffcd8c51000 	C:\WINDOWS\SYSTEM32\profapi.dll
0x00007ffcc7900000 - 0x00007ffcc7919000 	C:\Program Files\jdk-11.0.2\bin\net.dll
0x00007ffcd3750000 - 0x00007ffcd385c000 	C:\WINDOWS\SYSTEM32\WINHTTP.dll
0x00007ffcd2dc0000 - 0x00007ffcd2faf000 	C:\WINDOWS\SYSTEM32\urlmon.dll
0x00007ffcd2ae0000 - 0x00007ffcd2d93000 	C:\WINDOWS\SYSTEM32\iertutil.dll
0x00007ffcd2ab0000 - 0x00007ffcd2ad8000 	C:\WINDOWS\SYSTEM32\srvcli.dll
0x00007ffcd7960000 - 0x00007ffcd796c000 	C:\WINDOWS\SYSTEM32\netutils.dll
0x00007ffcd82f0000 - 0x00007ffcd8357000 	C:\WINDOWS\system32\mswsock.dll
0x00007ffcc78e0000 - 0x00007ffcc78f3000 	C:\Program Files\jdk-11.0.2\bin\nio.dll
0x00007ffcc78b0000 - 0x00007ffcc78d7000 	C:\Users\afird\.gradle\native\e1d6ef7f7dcc3fd88c89a11ec53ec762bb8ba0a96d01ffa2cd45eb1d1d8dd5c5\windows-amd64\native-platform.dll
0x00007ffca8840000 - 0x00007ffca8984000 	C:\Users\afird\.gradle\native\5664cfc778a61ccfe75a443a1ab52a65af34e5dc3c78e0209fed803814484fcb\windows-amd64\native-platform-file-events.dll
0x00007ffcc7ec0000 - 0x00007ffcc7ec9000 	C:\Program Files\jdk-11.0.2\bin\management.dll
0x00007ffcc7890000 - 0x00007ffcc789c000 	C:\Program Files\jdk-11.0.2\bin\management_ext.dll
0x00007ffcd8560000 - 0x00007ffcd8578000 	C:\WINDOWS\SYSTEM32\CRYPTSP.dll
0x00007ffcd7e10000 - 0x00007ffcd7e45000 	C:\WINDOWS\system32\rsaenh.dll
0x00007ffcd8410000 - 0x00007ffcd8439000 	C:\WINDOWS\SYSTEM32\USERENV.dll
0x00007ffcd86e0000 - 0x00007ffcd8707000 	C:\WINDOWS\SYSTEM32\bcrypt.dll
0x00007ffcd8580000 - 0x00007ffcd858c000 	C:\WINDOWS\SYSTEM32\CRYPTBASE.dll
0x00007ffcd79e0000 - 0x00007ffcd7a0d000 	C:\WINDOWS\SYSTEM32\IPHLPAPI.DLL
0x00007ffcda030000 - 0x00007ffcda039000 	C:\WINDOWS\System32\NSI.dll
0x00007ffcd3530000 - 0x00007ffcd3549000 	C:\WINDOWS\SYSTEM32\dhcpcsvc6.DLL
0x00007ffcd3960000 - 0x00007ffcd397e000 	C:\WINDOWS\SYSTEM32\dhcpcsvc.DLL
0x00007ffcd7aa0000 - 0x00007ffcd7b88000 	C:\WINDOWS\SYSTEM32\DNSAPI.dll
0x00007ffcc7860000 - 0x00007ffcc7887000 	C:\Program Files\jdk-11.0.2\bin\sunec.dll
0x00007ffcc8460000 - 0x00007ffcc846a000 	C:\Windows\System32\rasadhlp.dll
0x00007ffcd0f10000 - 0x00007ffcd0f91000 	C:\WINDOWS\System32\fwpuclnt.dll
0x00007ffcd5610000 - 0x00007ffcd561d000 	C:\Program Files\jdk-11.0.2\bin\sunmscapi.dll
0x00007ffcd9540000 - 0x00007ffcd96a2000 	C:\WINDOWS\System32\CRYPT32.dll
0x00007ffcd86b0000 - 0x00007ffcd86d8000 	C:\WINDOWS\SYSTEM32\ncrypt.dll
0x00007ffcd8670000 - 0x00007ffcd86a7000 	C:\WINDOWS\SYSTEM32\NTASN1.dll

dbghelp: loaded successfully - version: 4.0.5 - missing functions: none
symbol engine: initialized successfully - sym options: 0x614 - pdb path: .;C:\Program Files\jdk-11.0.2\bin;C:\WINDOWS\SYSTEM32;C:\WINDOWS\WinSxS\amd64_microsoft.windows.common-controls_6595b64144ccf1df_6.0.22000.120_none_9d947278b86cc467;C:\Program Files\jdk-11.0.2\bin\server;C:\Users\afird\.gradle\native\e1d6ef7f7dcc3fd88c89a11ec53ec762bb8ba0a96d01ffa2cd45eb1d1d8dd5c5\windows-amd64;C:\Users\afird\.gradle\native\5664cfc778a61ccfe75a443a1ab52a65af34e5dc3c78e0209fed803814484fcb\windows-amd64

VM Arguments:
jvm_args: -XX:MaxMetaspaceSize=512m --add-opens=java.base/java.util=ALL-UNNAMED --add-opens=java.base/java.lang=ALL-UNNAMED --add-opens=java.base/java.lang.invoke=ALL-UNNAMED --add-opens=java.base/java.util=ALL-UNNAMED --add-opens=java.prefs/java.util.prefs=ALL-UNNAMED --add-opens=java.prefs/java.util.prefs=ALL-UNNAMED --add-opens=java.base/java.nio.charset=ALL-UNNAMED --add-opens=java.base/java.net=ALL-UNNAMED --add-opens=java.base/java.util.concurrent.atomic=ALL-UNNAMED -Xmx2048m -Dfile.encoding=windows-1252 -Duser.country=ID -Duser.language=en -Duser.variant 
java_command: org.gradle.launcher.daemon.bootstrap.GradleDaemon 7.3.3
java_class_path (initial): C:\Users\afird\.gradle\wrapper\dists\gradle-7.3.3-all\4295vidhdd9hd3gbjyw1xqxpo\gradle-7.3.3\lib\gradle-launcher-7.3.3.jar
Launcher Type: SUN_STANDARD

[Global flags]
     intx CICompilerCount                          = 3                                         {product} {ergonomic}
   size_t CompressedClassSpaceSize                 = 528482304                                 {product} {ergonomic}
     uint ConcGCThreads                            = 1                                         {product} {ergonomic}
     uint G1ConcRefinementThreads                  = 4                                         {product} {ergonomic}
   size_t G1HeapRegionSize                         = 1048576                                   {product} {ergonomic}
    uintx GCDrainStackTargetSize                   = 64                                        {product} {ergonomic}
   size_t InitialHeapSize                          = 132120576                                 {product} {ergonomic}
   size_t MarkStackSize                            = 4194304                                   {product} {ergonomic}
   size_t MaxHeapSize                              = 2147483648                                {product} {command line}
   size_t MaxMetaspaceSize                         = 536870912                                 {product} {command line}
   size_t MaxNewSize                               = 1287651328                                {product} {ergonomic}
   size_t MinHeapDeltaBytes                        = 1048576                                   {product} {ergonomic}
    uintx NonNMethodCodeHeapSize                   = 5830092                                {pd product} {ergonomic}
    uintx NonProfiledCodeHeapSize                  = 122914074                              {pd product} {ergonomic}
    uintx ProfiledCodeHeapSize                     = 122914074                              {pd product} {ergonomic}
    uintx ReservedCodeCacheSize                    = 251658240                              {pd product} {ergonomic}
     bool SegmentedCodeCache                       = true                                      {product} {ergonomic}
     bool UseCompressedClassPointers               = true                                 {lp64_product} {ergonomic}
     bool UseCompressedOops                        = true                                 {lp64_product} {ergonomic}
     bool UseG1GC                                  = true                                      {product} {ergonomic}
     bool UseLargePagesIndividualAllocation        = false                                  {pd product} {ergonomic}

Logging:
Log output configuration:
 #0: stdout all=warning uptime,level,tags
 #1: stderr all=off uptime,level,tags

Environment Variables:
JAVA_HOME=C:\Program Files\jdk-11.0.2
CLASSPATH=D:\mobile\eticketing\android\\gradle\wrapper\gradle-wrapper.jar
PATH=D:\mobile\eticketing\android\node_modules\.bin;D:\mobile\eticketing\node_modules\.bin;D:\mobile\node_modules\.bin;D:\node_modules\.bin;C:\Program Files\nodejs;D:\mobile\eticketing\node_modules\.bin;D:\mobile\node_modules\.bin;D:\node_modules\.bin;C:\Program Files\nodejs\node_modules\npm\node_modules\@npmcli\run-script\lib\node-gyp-bin;C:\Python310\Scripts\;C:\Python310\;C:\Windows\System32\HWAudioDriverLibs;C:\WINDOWS\system32;C:\WINDOWS;C:\WINDOWS\System32\Wbem;C:\WINDOWS\System32\WindowsPowerShell\v1.0\;C:\WINDOWS\System32\OpenSSH\;C:\Program Files\Git\cmd;C:\wamp64\bin\php\php5.6.40;C:\WINDOWS\system32\config\systemprofile\AppData\Local\Microsoft\WindowsApps;C:\Program Files\Docker\Docker\resources\bin;C:\ProgramData\DockerDesktop\version-bin;C:\Program Files\Go\bin;C:\Program Files\jdk-11.0.2\bin;D:\bootcamp\apache-maven-3.8.5-bin\bin;C:\Program Files\nodejs\;C:\ProgramData\chocolatey\bin;D:\Sdk\platform-tools;C:\Users\afird\AppData\Local\Microsoft\WindowsApps;C:\Users\afird\AppData\Local\Programs\Microsoft VS Code\bin;C:\Users\afird\go\bin;C:\Users\afird\AppData\Roaming\npm;D:\mobile\eticketing\node_modules\.bin
USERNAME=afird
OS=Windows_NT
PROCESSOR_IDENTIFIER=Intel64 Family 6 Model 142 Stepping 12, GenuineIntel



---------------  S Y S T E M  ---------------

OS: Windows 10 , 64 bit Build 22000 (10.0.22000.708)

CPU:total 4 (initial active 4) (2 cores per cpu, 2 threads per core) family 6 model 142 stepping 12, cmov, cx8, fxsr, mmx, sse, sse2, sse3, ssse3, sse4.1, sse4.2, popcnt, avx, avx2, aes, clmul, erms, 3dnowpref, lzcnt, ht, tsc, tscinvbit, bmi1, bmi2, adx, fma

Memory: 4k page, system-wide physical 8025M (389M free)
TotalPageFile size 12121M (AvailPageFile size 36M)
current process WorkingSet (physical memory assigned to process): 532M, peak: 532M
current process commit charge ("private bytes"): 575M, peak: 636M

vm_info: OpenJDK 64-Bit Server VM (11.0.2+9) for windows-amd64 JRE (11.0.2+9), built on Jan 18 2019 05:23:22 by "mach5one" with MS VC++ 15.5 (VS2017)

END.
