#
# There is insufficient memory for the Java Runtime Environment to continue.
# Native memory allocation (malloc) failed to allocate 773776 bytes for Chunk::new
# Possible reasons:
#   The system is out of physical RAM or swap space
#   The process is running with CompressedOops enabled, and the Java Heap may be blocking the growth of the native heap
# Possible solutions:
#   Reduce memory load on the system
#   Increase physical memory or swap space
#   Check if swap backing store is full
#   Decrease Java heap size (-Xmx/-Xms)
#   Decrease number of Java threads
#   Decrease Java thread stack sizes (-Xss)
#   Set larger code cache with -XX:ReservedCodeCacheSize=
#   JVM is running with Unscaled Compressed Oops mode in which the Java heap is
#     placed in the first 4GB address space. The Java Heap base address is the
#     maximum limit for the native heap growth. Please use -XX:HeapBaseMinAddress
#     to set the Java Heap base and to place the Java Heap above 4GB virtual address.
# This output file may be truncated or incomplete.
#
#  Out of Memory Error (t:/workspace/open/src/hotspot/share/memory/arena.cpp:197), pid=17436, tid=4708
#
# JRE version: OpenJDK Runtime Environment (11.0.2+9) (build 11.0.2+9)
# Java VM: OpenJDK 64-Bit Server VM (11.0.2+9, mixed mode, tiered, compressed oops, g1 gc, windows-amd64)
# No core dump will be written. Minidumps are not enabled by default on client versions of Windows
#

---------------  S U M M A R Y ------------

Command Line: -Xmx64m -Xms64m -Dorg.gradle.appname=gradlew org.gradle.wrapper.GradleWrapperMain app:installDebug -PreactNativeDevServerPort=8081

Host: Intel(R) Core(TM) i3-10110U CPU @ 2.10GHz, 4 cores, 7G,  Windows 10 , 64 bit Build 22000 (10.0.22000.708)
Time: Thu Aug 25 17:16:07 2022 SE Asia Standard Time elapsed time: 0 seconds (0d 0h 0m 0s)

---------------  T H R E A D  ---------------

Current thread (0x000001ccf7817800):  JavaThread "C2 CompilerThread0" daemon [_thread_in_native, id=4708, stack(0x000000a3a9f00000,0x000000a3aa000000)]


Current CompileTask:
C2:    551  777       4       java.util.HashSet::add (20 bytes)

Stack: [0x000000a3a9f00000,0x000000a3aa000000]
Native frames: (J=compiled Java code, j=interpreted, Vv=VM code, C=native code)
V  [jvm.dll+0x63489a]
V  [jvm.dll+0x771f9f]
V  [jvm.dll+0x773648]
V  [jvm.dll+0x773d03]
V  [jvm.dll+0x25eba8]
V  [jvm.dll+0xc2191]
V  [jvm.dll+0xc271c]
V  [jvm.dll+0x36cc47]
V  [jvm.dll+0x339b13]
V  [jvm.dll+0x338eea]
V  [jvm.dll+0x2189c5]
V  [jvm.dll+0x217b6a]
V  [jvm.dll+0x194370]
V  [jvm.dll+0x226b3f]
V  [jvm.dll+0x225148]
V  [jvm.dll+0x73774d]
V  [jvm.dll+0x633942]
C  [ucrtbase.dll+0x26c0c]
C  [KERNEL32.DLL+0x154e0]
C  [ntdll.dll+0x485b]


---------------  P R O C E S S  ---------------

Threads class SMR info:
_java_thread_list=0x000001ccf8667b20, length=11, elements={
0x000001ccdd5f8000, 0x000001ccf77af000, 0x000001ccf77b8000, 0x000001ccf7814000,
0x000001ccf7815000, 0x000001ccf7817800, 0x000001ccf7819000, 0x000001ccf7826000,
0x000001ccf7aa6800, 0x000001ccf7ac4800, 0x000001ccf84a9000
}

Java Threads: ( => current thread )
  0x000001ccdd5f8000 JavaThread "main" [_thread_in_Java, id=9436, stack(0x000000a3a9400000,0x000000a3a9500000)]
  0x000001ccf77af000 JavaThread "Reference Handler" daemon [_thread_blocked, id=12520, stack(0x000000a3a9b00000,0x000000a3a9c00000)]
  0x000001ccf77b8000 JavaThread "Finalizer" daemon [_thread_blocked, id=8164, stack(0x000000a3a9c00000,0x000000a3a9d00000)]
  0x000001ccf7814000 JavaThread "Signal Dispatcher" daemon [_thread_blocked, id=12232, stack(0x000000a3a9d00000,0x000000a3a9e00000)]
  0x000001ccf7815000 JavaThread "Attach Listener" daemon [_thread_blocked, id=13596, stack(0x000000a3a9e00000,0x000000a3a9f00000)]
=>0x000001ccf7817800 JavaThread "C2 CompilerThread0" daemon [_thread_in_native, id=4708, stack(0x000000a3a9f00000,0x000000a3aa000000)]
  0x000001ccf7819000 JavaThread "C1 CompilerThread0" daemon [_thread_blocked, id=14492, stack(0x000000a3aa000000,0x000000a3aa100000)]
  0x000001ccf7826000 JavaThread "Sweeper thread" daemon [_thread_blocked, id=17496, stack(0x000000a3aa100000,0x000000a3aa200000)]
  0x000001ccf7aa6800 JavaThread "Service Thread" daemon [_thread_blocked, id=1208, stack(0x000000a3aa200000,0x000000a3aa300000)]
  0x000001ccf7ac4800 JavaThread "Common-Cleaner" daemon [_thread_blocked, id=12568, stack(0x000000a3aa400000,0x000000a3aa500000)]
  0x000001ccf84a9000 JavaThread "C2 CompilerThread1" daemon [_thread_in_native, id=15276, stack(0x000000a3aa600000,0x000000a3aa700000)]

Other Threads:
  0x000001ccf7788000 VMThread "VM Thread" [stack: 0x000000a3a9a00000,0x000000a3a9b00000] [id=9848]
  0x000001ccf7aa7800 WatcherThread [stack: 0x000000a3aa300000,0x000000a3aa400000] [id=14048]
  0x000001ccdd60e800 GCTaskThread "GC Thread#0" [stack: 0x000000a3a9500000,0x000000a3a9600000] [id=13276]
  0x000001ccf820c800 GCTaskThread "GC Thread#1" [stack: 0x000000a3aa500000,0x000000a3aa600000] [id=16608]
  0x000001ccdd61c000 ConcurrentGCThread "G1 Main Marker" [stack: 0x000000a3a9600000,0x000000a3a9700000] [id=10436]
  0x000001ccdd61f000 ConcurrentGCThread "G1 Conc#0" [stack: 0x000000a3a9700000,0x000000a3a9800000] [id=11476]
  0x000001ccdd674000 ConcurrentGCThread "G1 Refine#0" [stack: 0x000000a3a9800000,0x000000a3a9900000] [id=14008]
  0x000001ccdd677000 ConcurrentGCThread "G1 Young RemSet Sampling" [stack: 0x000000a3a9900000,0x000000a3a9a00000] [id=3384]

Threads with active compile tasks:
C2 CompilerThread0 777       4       java.util.HashSet::add (20 bytes)
C1 CompilerThread0 828       3       java.net.URLClassLoader::getAndVerifyPackage (109 bytes)
C2 CompilerThread1 802       4       java.util.regex.Matcher::match (154 bytes)

VM state:not at safepoint (normal execution)

VM Mutex/Monitor currently owned by a thread: None

Heap address: 0x00000000fc000000, size: 64 MB, Compressed Oops mode: 32-bit
Narrow klass base: 0x0000000000000000, Narrow klass shift: 3
Compressed class space size: 1073741824 Address: 0x0000000100000000

Heap:
 garbage-first heap   total 65536K, used 15705K [0x00000000fc000000, 0x0000000100000000)
  region size 1024K, 12 young (12288K), 2 survivors (2048K)
 Metaspace       used 10466K, capacity 10721K, committed 11008K, reserved 1058816K
  class space    used 1084K, capacity 1166K, committed 1280K, reserved 1048576K
Heap Regions: E=young(eden), S=young(survivor), O=old, HS=humongous(starts), HC=humongous(continues), CS=collection set, F=free, A=archive, TAMS=top-at-mark-start (previous, next)
|   0|0x00000000fc000000, 0x00000000fc100000, 0x00000000fc100000|100%|HS|  |TAMS 0x00000000fc000000, 0x00000000fc000000| Complete 
|   1|0x00000000fc100000, 0x00000000fc200000, 0x00000000fc200000|100%|HC|  |TAMS 0x00000000fc100000, 0x00000000fc100000| Complete 
|   2|0x00000000fc200000, 0x00000000fc300000, 0x00000000fc300000|100%|HC|  |TAMS 0x00000000fc200000, 0x00000000fc200000| Complete 
|   3|0x00000000fc300000, 0x00000000fc400000, 0x00000000fc400000|100%| O|  |TAMS 0x00000000fc300000, 0x00000000fc300000| Untracked 
|   4|0x00000000fc400000, 0x00000000fc456600, 0x00000000fc500000| 33%| O|  |TAMS 0x00000000fc400000, 0x00000000fc400000| Untracked 
|   5|0x00000000fc500000, 0x00000000fc500000, 0x00000000fc600000|  0%| F|  |TAMS 0x00000000fc500000, 0x00000000fc500000| Untracked 
|   6|0x00000000fc600000, 0x00000000fc600000, 0x00000000fc700000|  0%| F|  |TAMS 0x00000000fc600000, 0x00000000fc600000| Untracked 
|   7|0x00000000fc700000, 0x00000000fc700000, 0x00000000fc800000|  0%| F|  |TAMS 0x00000000fc700000, 0x00000000fc700000| Untracked 
|   8|0x00000000fc800000, 0x00000000fc800000, 0x00000000fc900000|  0%| F|  |TAMS 0x00000000fc800000, 0x00000000fc800000| Untracked 
|   9|0x00000000fc900000, 0x00000000fc900000, 0x00000000fca00000|  0%| F|  |TAMS 0x00000000fc900000, 0x00000000fc900000| Untracked 
|  10|0x00000000fca00000, 0x00000000fca00000, 0x00000000fcb00000|  0%| F|  |TAMS 0x00000000fca00000, 0x00000000fca00000| Untracked 
|  11|0x00000000fcb00000, 0x00000000fcb00000, 0x00000000fcc00000|  0%| F|  |TAMS 0x00000000fcb00000, 0x00000000fcb00000| Untracked 
|  12|0x00000000fcc00000, 0x00000000fcc00000, 0x00000000fcd00000|  0%| F|  |TAMS 0x00000000fcc00000, 0x00000000fcc00000| Untracked 
|  13|0x00000000fcd00000, 0x00000000fcd00000, 0x00000000fce00000|  0%| F|  |TAMS 0x00000000fcd00000, 0x00000000fcd00000| Untracked 
|  14|0x00000000fce00000, 0x00000000fce00000, 0x00000000fcf00000|  0%| F|  |TAMS 0x00000000fce00000, 0x00000000fce00000| Untracked 
|  15|0x00000000fcf00000, 0x00000000fcf00000, 0x00000000fd000000|  0%| F|  |TAMS 0x00000000fcf00000, 0x00000000fcf00000| Untracked 
|  16|0x00000000fd000000, 0x00000000fd000000, 0x00000000fd100000|  0%| F|  |TAMS 0x00000000fd000000, 0x00000000fd000000| Untracked 
|  17|0x00000000fd100000, 0x00000000fd100000, 0x00000000fd200000|  0%| F|  |TAMS 0x00000000fd100000, 0x00000000fd100000| Untracked 
|  18|0x00000000fd200000, 0x00000000fd200000, 0x00000000fd300000|  0%| F|  |TAMS 0x00000000fd200000, 0x00000000fd200000| Untracked 
|  19|0x00000000fd300000, 0x00000000fd300000, 0x00000000fd400000|  0%| F|  |TAMS 0x00000000fd300000, 0x00000000fd300000| Untracked 
|  20|0x00000000fd400000, 0x00000000fd400000, 0x00000000fd500000|  0%| F|  |TAMS 0x00000000fd400000, 0x00000000fd400000| Untracked 
|  21|0x00000000fd500000, 0x00000000fd500000, 0x00000000fd600000|  0%| F|  |TAMS 0x00000000fd500000, 0x00000000fd500000| Untracked 
|  22|0x00000000fd600000, 0x00000000fd600000, 0x00000000fd700000|  0%| F|  |TAMS 0x00000000fd600000, 0x00000000fd600000| Untracked 
|  23|0x00000000fd700000, 0x00000000fd700000, 0x00000000fd800000|  0%| F|  |TAMS 0x00000000fd700000, 0x00000000fd700000| Untracked 
|  24|0x00000000fd800000, 0x00000000fd800000, 0x00000000fd900000|  0%| F|  |TAMS 0x00000000fd800000, 0x00000000fd800000| Untracked 
|  25|0x00000000fd900000, 0x00000000fd900000, 0x00000000fda00000|  0%| F|  |TAMS 0x00000000fd900000, 0x00000000fd900000| Untracked 
|  26|0x00000000fda00000, 0x00000000fda00000, 0x00000000fdb00000|  0%| F|  |TAMS 0x00000000fda00000, 0x00000000fda00000| Untracked 
|  27|0x00000000fdb00000, 0x00000000fdb00000, 0x00000000fdc00000|  0%| F|  |TAMS 0x00000000fdb00000, 0x00000000fdb00000| Untracked 
|  28|0x00000000fdc00000, 0x00000000fdc00000, 0x00000000fdd00000|  0%| F|  |TAMS 0x00000000fdc00000, 0x00000000fdc00000| Untracked 
|  29|0x00000000fdd00000, 0x00000000fdd00000, 0x00000000fde00000|  0%| F|  |TAMS 0x00000000fdd00000, 0x00000000fdd00000| Untracked 
|  30|0x00000000fde00000, 0x00000000fde00000, 0x00000000fdf00000|  0%| F|  |TAMS 0x00000000fde00000, 0x00000000fde00000| Untracked 
|  31|0x00000000fdf00000, 0x00000000fdf00000, 0x00000000fe000000|  0%| F|  |TAMS 0x00000000fdf00000, 0x00000000fdf00000| Untracked 
|  32|0x00000000fe000000, 0x00000000fe000000, 0x00000000fe100000|  0%| F|  |TAMS 0x00000000fe000000, 0x00000000fe000000| Untracked 
|  33|0x00000000fe100000, 0x00000000fe100000, 0x00000000fe200000|  0%| F|  |TAMS 0x00000000fe100000, 0x00000000fe100000| Untracked 
|  34|0x00000000fe200000, 0x00000000fe200000, 0x00000000fe300000|  0%| F|  |TAMS 0x00000000fe200000, 0x00000000fe200000| Untracked 
|  35|0x00000000fe300000, 0x00000000fe300000, 0x00000000fe400000|  0%| F|  |TAMS 0x00000000fe300000, 0x00000000fe300000| Untracked 
|  36|0x00000000fe400000, 0x00000000fe400000, 0x00000000fe500000|  0%| F|  |TAMS 0x00000000fe400000, 0x00000000fe400000| Untracked 
|  37|0x00000000fe500000, 0x00000000fe500000, 0x00000000fe600000|  0%| F|  |TAMS 0x00000000fe500000, 0x00000000fe500000| Untracked 
|  38|0x00000000fe600000, 0x00000000fe600000, 0x00000000fe700000|  0%| F|  |TAMS 0x00000000fe600000, 0x00000000fe600000| Untracked 
|  39|0x00000000fe700000, 0x00000000fe700000, 0x00000000fe800000|  0%| F|  |TAMS 0x00000000fe700000, 0x00000000fe700000| Untracked 
|  40|0x00000000fe800000, 0x00000000fe800000, 0x00000000fe900000|  0%| F|  |TAMS 0x00000000fe800000, 0x00000000fe800000| Untracked 
|  41|0x00000000fe900000, 0x00000000fe900000, 0x00000000fea00000|  0%| F|  |TAMS 0x00000000fe900000, 0x00000000fe900000| Untracked 
|  42|0x00000000fea00000, 0x00000000fea00000, 0x00000000feb00000|  0%| F|  |TAMS 0x00000000fea00000, 0x00000000fea00000| Untracked 
|  43|0x00000000feb00000, 0x00000000feb00000, 0x00000000fec00000|  0%| F|  |TAMS 0x00000000feb00000, 0x00000000feb00000| Untracked 
|  44|0x00000000fec00000, 0x00000000fec00000, 0x00000000fed00000|  0%| F|  |TAMS 0x00000000fec00000, 0x00000000fec00000| Untracked 
|  45|0x00000000fed00000, 0x00000000fed00000, 0x00000000fee00000|  0%| F|  |TAMS 0x00000000fed00000, 0x00000000fed00000| Untracked 
|  46|0x00000000fee00000, 0x00000000fee00000, 0x00000000fef00000|  0%| F|  |TAMS 0x00000000fee00000, 0x00000000fee00000| Untracked 
|  47|0x00000000fef00000, 0x00000000fef00000, 0x00000000ff000000|  0%| F|  |TAMS 0x00000000fef00000, 0x00000000fef00000| Untracked 
|  48|0x00000000ff000000, 0x00000000ff100000, 0x00000000ff100000|100%| S|CS|TAMS 0x00000000ff000000, 0x00000000ff000000| Complete 
|  49|0x00000000ff100000, 0x00000000ff200000, 0x00000000ff200000|100%| S|CS|TAMS 0x00000000ff100000, 0x00000000ff100000| Complete 
|  50|0x00000000ff200000, 0x00000000ff200000, 0x00000000ff300000|  0%| F|  |TAMS 0x00000000ff200000, 0x00000000ff200000| Untracked 
|  51|0x00000000ff300000, 0x00000000ff300000, 0x00000000ff400000|  0%| F|  |TAMS 0x00000000ff300000, 0x00000000ff300000| Untracked 
|  52|0x00000000ff400000, 0x00000000ff400000, 0x00000000ff500000|  0%| F|  |TAMS 0x00000000ff400000, 0x00000000ff400000| Untracked 
|  53|0x00000000ff500000, 0x00000000ff500000, 0x00000000ff600000|  0%| F|  |TAMS 0x00000000ff500000, 0x00000000ff500000| Untracked 
|  54|0x00000000ff600000, 0x00000000ff700000, 0x00000000ff700000|100%| E|  |TAMS 0x00000000ff600000, 0x00000000ff600000| Complete 
|  55|0x00000000ff700000, 0x00000000ff800000, 0x00000000ff800000|100%| E|CS|TAMS 0x00000000ff700000, 0x00000000ff700000| Complete 
|  56|0x00000000ff800000, 0x00000000ff900000, 0x00000000ff900000|100%| E|CS|TAMS 0x00000000ff800000, 0x00000000ff800000| Complete 
|  57|0x00000000ff900000, 0x00000000ffa00000, 0x00000000ffa00000|100%| E|CS|TAMS 0x00000000ff900000, 0x00000000ff900000| Complete 
|  58|0x00000000ffa00000, 0x00000000ffb00000, 0x00000000ffb00000|100%| E|CS|TAMS 0x00000000ffa00000, 0x00000000ffa00000| Complete 
|  59|0x00000000ffb00000, 0x00000000ffc00000, 0x00000000ffc00000|100%| E|CS|TAMS 0x00000000ffb00000, 0x00000000ffb00000| Complete 
|  60|0x00000000ffc00000, 0x00000000ffd00000, 0x00000000ffd00000|100%| E|CS|TAMS 0x00000000ffc00000, 0x00000000ffc00000| Complete 
|  61|0x00000000ffd00000, 0x00000000ffe00000, 0x00000000ffe00000|100%| E|CS|TAMS 0x00000000ffd00000, 0x00000000ffd00000| Complete 
|  62|0x00000000ffe00000, 0x00000000fff00000, 0x00000000fff00000|100%| E|CS|TAMS 0x00000000ffe00000, 0x00000000ffe00000| Complete 
|  63|0x00000000fff00000, 0x0000000100000000, 0x0000000100000000|100%| E|CS|TAMS 0x00000000fff00000, 0x00000000fff00000| Complete 

Card table byte_map: [0x000001ccdcd90000,0x000001ccdcdb0000] _byte_map_base: 0x000001ccdc5b0000

Marking Bits (Prev, Next): (CMBitMap*) 0x000001ccdd619128, (CMBitMap*) 0x000001ccdd619160
 Prev Bits: [0x000001ccdd410000, 0x000001ccdd510000)
 Next Bits: [0x000001ccf4920000, 0x000001ccf4a20000)

Polling page: 0x000001ccdb3d0000

Metaspace:

Usage:
  Non-class:      9.33 MB capacity,     9.17 MB ( 98%) used,   156.89 KB (  2%) free+waste,    11.06 KB ( <1%) overhead. 
      Class:      1.14 MB capacity,     1.06 MB ( 93%) used,    74.72 KB (  6%) free+waste,     5.25 KB ( <1%) overhead. 
       Both:     10.47 MB capacity,    10.23 MB ( 98%) used,   231.61 KB (  2%) free+waste,    16.31 KB ( <1%) overhead. 

Virtual space:
  Non-class space:       10.00 MB reserved,       9.50 MB ( 95%) committed 
      Class space:        1.00 GB reserved,       1.25 MB ( <1%) committed 
             Both:        1.01 GB reserved,      10.75 MB (  1%) committed 

Chunk freelists:
   Non-Class:  5.63 KB
       Class:  2.25 KB
        Both:  7.88 KB

CodeHeap 'non-profiled nmethods': size=120064Kb used=265Kb max_used=265Kb free=119798Kb
 bounds [0x000001cced3e0000, 0x000001cced650000, 0x000001ccf4920000]
CodeHeap 'profiled nmethods': size=120000Kb used=1643Kb max_used=1643Kb free=118356Kb
 bounds [0x000001cce5eb0000, 0x000001cce6120000, 0x000001cced3e0000]
CodeHeap 'non-nmethods': size=5696Kb used=1071Kb max_used=1082Kb free=4624Kb
 bounds [0x000001cce5920000, 0x000001cce5b90000, 0x000001cce5eb0000]
 total_blobs=1400 nmethods=824 adapters=281
 compilation: enabled
              stopped_count=0, restarted_count=0
 full_count=0

Compilation events (10 events):
Event: 0.546 Thread 0x000001ccf7819000  799       3       java.net.URLStreamHandler::setURL (159 bytes)
Event: 0.547 Thread 0x000001ccf7819000 nmethod 799 0x000001cce6034b90 code [0x000001cce6034f20, 0x000001cce6036430]
Event: 0.547 Thread 0x000001ccf7819000  804       1       java.lang.Object::<init> (1 bytes)
Event: 0.547 Thread 0x000001ccf7819000 nmethod 804 0x000001cced421e90 code [0x000001cced422040, 0x000001cced422158]
Event: 0.547 Thread 0x000001ccf7819000  803       3       java.util.regex.ASCII::isDigit (18 bytes)
Event: 0.547 Thread 0x000001ccf7819000 nmethod 803 0x000001cce6036c10 code [0x000001cce6036dc0, 0x000001cce6036f78]
Event: 0.547 Thread 0x000001ccf7819000  801       3       java.lang.String::toUpperCase (29 bytes)
Event: 0.548 Thread 0x000001ccf7819000 nmethod 801 0x000001cce6037010 code [0x000001cce60371e0, 0x000001cce60374e0]
Event: 0.549 Thread 0x000001ccf7819000  805       3       sun.util.locale.LocaleUtils::isUpper (18 bytes)
Event: 0.549 Thread 0x000001ccf7819000 nmethod 805 0x000001cce6037610 code [0x000001cce60377c0, 0x000001cce6037998]

GC Heap History (2 events):
Event: 0.384 GC heap before
{Heap before GC invocations=0 (full 0):
 garbage-first heap   total 65536K, used 16384K [0x00000000fc000000, 0x0000000100000000)
  region size 1024K, 14 young (14336K), 0 survivors (0K)
 Metaspace       used 7778K, capacity 7953K, committed 8192K, reserved 1056768K
  class space    used 704K, capacity 754K, committed 768K, reserved 1048576K
}
Event: 0.388 GC heap after
{Heap after GC invocations=1 (full 0):
 garbage-first heap   total 65536K, used 3417K [0x00000000fc000000, 0x0000000100000000)
  region size 1024K, 2 young (2048K), 2 survivors (2048K)
 Metaspace       used 7778K, capacity 7953K, committed 8192K, reserved 1056768K
  class space    used 704K, capacity 754K, committed 768K, reserved 1048576K
}

Deoptimization events (10 events):
Event: 0.444 Thread 0x000001ccdd5f8000 Uncommon trap: reason=bimorphic_or_optimized_type_check action=maybe_recompile pc=0x000001cced411428 method=java.util.HashMap.putVal(ILjava/lang/Object;Ljava/lang/Object;ZZ)Ljava/lang/Object; @ 91 c2
Event: 0.444 Thread 0x000001ccdd5f8000 Uncommon trap: reason=bimorphic_or_optimized_type_check action=maybe_recompile pc=0x000001cced411428 method=java.util.HashMap.putVal(ILjava/lang/Object;Ljava/lang/Object;ZZ)Ljava/lang/Object; @ 91 c2
Event: 0.444 Thread 0x000001ccdd5f8000 Uncommon trap: reason=bimorphic_or_optimized_type_check action=maybe_recompile pc=0x000001cced411428 method=java.util.HashMap.putVal(ILjava/lang/Object;Ljava/lang/Object;ZZ)Ljava/lang/Object; @ 91 c2
Event: 0.529 Thread 0x000001ccdd5f8000 Uncommon trap: reason=unstable_if action=reinterpret pc=0x000001cced3fc810 method=java.util.regex.Matcher.reset()Ljava/util/regex/Matcher; @ 47 c2
Event: 0.529 Thread 0x000001ccdd5f8000 Uncommon trap: reason=class_check action=maybe_recompile pc=0x000001cced3fd458 method=java.util.regex.Matcher.match(II)Z @ 121 c2
Event: 0.529 Thread 0x000001ccdd5f8000 Uncommon trap: reason=class_check action=maybe_recompile pc=0x000001cced3fd458 method=java.util.regex.Matcher.match(II)Z @ 121 c2
Event: 0.529 Thread 0x000001ccdd5f8000 Uncommon trap: reason=class_check action=maybe_recompile pc=0x000001cced3fd458 method=java.util.regex.Matcher.match(II)Z @ 121 c2
Event: 0.529 Thread 0x000001ccdd5f8000 Uncommon trap: reason=class_check action=maybe_recompile pc=0x000001cced3fd458 method=java.util.regex.Matcher.match(II)Z @ 121 c2
Event: 0.531 Thread 0x000001ccdd5f8000 Uncommon trap: reason=unstable_if action=reinterpret pc=0x000001cced3eda74 method=java.util.regex.Pattern.has(I)Z @ 6 c2
Event: 0.533 Thread 0x000001ccdd5f8000 Uncommon trap: reason=unstable_if action=reinterpret pc=0x000001cced41dae0 method=java.util.HashMap.hash(Ljava/lang/Object;)I @ 1 c2

Classes redefined (0 events):
No events

Internal exceptions (4 events):
Event: 0.156 Thread 0x000001ccdd5f8000 Exception <a 'java/lang/NoSuchMethodError'{0x00000000ffc51a38}: java.lang.invoke.DirectMethodHandle$Holder.invokeStaticInit(Ljava/lang/Object;Ljava/lang/Object;)I> (0x00000000ffc51a38) thrown at [t:/workspace/open/src/hotspot/share/interpreter/linkResolve
Event: 0.179 Thread 0x000001ccdd5f8000 Exception <a 'java/lang/NoSuchMethodError'{0x00000000ffb185a8}: java.lang.invoke.DirectMethodHandle$Holder.invokeSpecial(Ljava/lang/Object;Ljava/lang/Object;Ljava/lang/Object;Ljava/lang/Object;)I> (0x00000000ffb185a8) thrown at [t:/workspace/open/src/hots
Event: 0.184 Thread 0x000001ccdd5f8000 Exception <a 'java/lang/NoSuchMethodError'{0x00000000ffb4f090}: java.lang.invoke.DirectMethodHandle$Holder.invokeSpecialIFC(Ljava/lang/Object;Ljava/lang/Object;I)I> (0x00000000ffb4f090) thrown at [t:/workspace/open/src/hotspot/share/interpreter/linkResolv
Event: 0.533 Thread 0x000001ccdd5f8000 Implicit null exception at 0x000001cced41d8f5 to 0x000001cced41dace

Events (10 events):
Event: 0.548 loading class sun/util/locale/provider/FallbackLocaleProviderAdapter
Event: 0.548 loading class sun/util/locale/provider/JRELocaleProviderAdapter
Event: 0.548 loading class sun/util/locale/provider/ResourceBundleBasedAdapter
Event: 0.548 loading class sun/util/locale/provider/ResourceBundleBasedAdapter done
Event: 0.548 loading class sun/util/locale/provider/JRELocaleProviderAdapter done
Event: 0.548 loading class sun/util/locale/provider/FallbackLocaleProviderAdapter done
Event: 0.548 loading class sun/util/locale/provider/LocaleProviderAdapter$NonExistentAdapter done
Event: 0.548 loading class sun/util/locale/LanguageTag
Event: 0.548 loading class sun/util/locale/LanguageTag done
Event: 0.549 loading class sun/util/locale/provider/LocaleResources


Dynamic libraries:
0x00007ff62eff0000 - 0x00007ff62f035000 	C:\Program Files\jdk-11.0.2\bin\java.exe
0x00007ffcdb820000 - 0x00007ffcdba29000 	C:\WINDOWS\SYSTEM32\ntdll.dll
0x00007ffcda040000 - 0x00007ffcda0fd000 	C:\WINDOWS\System32\KERNEL32.DLL
0x00007ffcd8ef0000 - 0x00007ffcd926d000 	C:\WINDOWS\System32\KERNELBASE.dll
0x00007ffcd9e80000 - 0x00007ffcda02d000 	C:\WINDOWS\System32\USER32.dll
0x00007ffcd8ec0000 - 0x00007ffcd8ee6000 	C:\WINDOWS\System32\win32u.dll
0x00007ffcda100000 - 0x00007ffcda129000 	C:\WINDOWS\System32\GDI32.dll
0x00007ffcd9360000 - 0x00007ffcd9478000 	C:\WINDOWS\System32\gdi32full.dll
0x00007ffcd8d00000 - 0x00007ffcd8d9d000 	C:\WINDOWS\System32\msvcp_win.dll
0x00007ffcd8da0000 - 0x00007ffcd8eb1000 	C:\WINDOWS\System32\ucrtbase.dll
0x00007ffcc44e0000 - 0x00007ffcc4785000 	C:\WINDOWS\WinSxS\amd64_microsoft.windows.common-controls_6595b64144ccf1df_6.0.22000.120_none_9d947278b86cc467\COMCTL32.dll
0x00007ffcda920000 - 0x00007ffcda9c3000 	C:\WINDOWS\System32\msvcrt.dll
0x00007ffcda1f0000 - 0x00007ffcda221000 	C:\WINDOWS\System32\IMM32.DLL
0x00007ffcd3ce0000 - 0x00007ffcd3cf6000 	C:\Program Files\jdk-11.0.2\bin\vcruntime140.dll
0x00007ffcc5a50000 - 0x00007ffcc5afa000 	C:\Program Files\jdk-11.0.2\bin\msvcp140.dll
0x00007ffc68f20000 - 0x00007ffc69a43000 	C:\Program Files\jdk-11.0.2\bin\server\jvm.dll
0x00007ffcda6b0000 - 0x00007ffcda75e000 	C:\WINDOWS\System32\ADVAPI32.dll
0x00007ffcda760000 - 0x00007ffcda7fe000 	C:\WINDOWS\System32\sechost.dll
0x00007ffcd9880000 - 0x00007ffcd99a0000 	C:\WINDOWS\System32\RPCRT4.dll
0x00007ffcda230000 - 0x00007ffcda238000 	C:\WINDOWS\System32\PSAPI.DLL
0x00007ffcb2640000 - 0x00007ffcb2649000 	C:\WINDOWS\SYSTEM32\WSOCK32.dll
0x00007ffcd3b90000 - 0x00007ffcd3bc3000 	C:\WINDOWS\SYSTEM32\WINMM.dll
0x00007ffcd55f0000 - 0x00007ffcd55fa000 	C:\WINDOWS\SYSTEM32\VERSION.dll
0x00007ffcd9ba0000 - 0x00007ffcd9c0f000 	C:\WINDOWS\System32\WS2_32.dll
0x00007ffcd7eb0000 - 0x00007ffcd7ec8000 	C:\WINDOWS\SYSTEM32\kernel.appcore.dll
0x00007ffcd3cc0000 - 0x00007ffcd3cd1000 	C:\Program Files\jdk-11.0.2\bin\verify.dll
0x00007ffcd1610000 - 0x00007ffcd1831000 	C:\WINDOWS\SYSTEM32\DBGHELP.DLL
0x00007ffcbde40000 - 0x00007ffcbde71000 	C:\WINDOWS\SYSTEM32\dbgcore.DLL
0x00007ffcd92e0000 - 0x00007ffcd935f000 	C:\WINDOWS\System32\bcryptPrimitives.dll
0x00007ffcc5a20000 - 0x00007ffcc5a48000 	C:\Program Files\jdk-11.0.2\bin\java.dll
0x00007ffcc5980000 - 0x00007ffcc5996000 	C:\Program Files\jdk-11.0.2\bin\zip.dll
0x00007ffcd4150000 - 0x00007ffcd415a000 	C:\Program Files\jdk-11.0.2\bin\jimage.dll
0x00007ffcdaa00000 - 0x00007ffcdb1b8000 	C:\WINDOWS\System32\SHELL32.dll
0x00007ffcd6e40000 - 0x00007ffcd76a8000 	C:\WINDOWS\SYSTEM32\windows.storage.dll
0x00007ffcdb2a0000 - 0x00007ffcdb619000 	C:\WINDOWS\System32\combase.dll
0x00007ffcd6cd0000 - 0x00007ffcd6e36000 	C:\WINDOWS\SYSTEM32\wintypes.dll
0x00007ffcd99c0000 - 0x00007ffcd9aaa000 	C:\WINDOWS\System32\SHCORE.dll
0x00007ffcd9c10000 - 0x00007ffcd9c6d000 	C:\WINDOWS\System32\shlwapi.dll
0x00007ffcd8c30000 - 0x00007ffcd8c51000 	C:\WINDOWS\SYSTEM32\profapi.dll
0x00007ffcc5960000 - 0x00007ffcc5979000 	C:\Program Files\jdk-11.0.2\bin\net.dll
0x00007ffcd3750000 - 0x00007ffcd385c000 	C:\WINDOWS\SYSTEM32\WINHTTP.dll
0x00007ffcd2dc0000 - 0x00007ffcd2faf000 	C:\WINDOWS\SYSTEM32\urlmon.dll
0x00007ffcd2ae0000 - 0x00007ffcd2d93000 	C:\WINDOWS\SYSTEM32\iertutil.dll
0x00007ffcd7960000 - 0x00007ffcd796c000 	C:\WINDOWS\SYSTEM32\netutils.dll
0x00007ffcd2ab0000 - 0x00007ffcd2ad8000 	C:\WINDOWS\SYSTEM32\srvcli.dll
0x00007ffcd82f0000 - 0x00007ffcd8357000 	C:\WINDOWS\system32\mswsock.dll
0x00007ffcc5940000 - 0x00007ffcc5953000 	C:\Program Files\jdk-11.0.2\bin\nio.dll

dbghelp: loaded successfully - version: 4.0.5 - missing functions: none
symbol engine: initialized successfully - sym options: 0x614 - pdb path: .;C:\Program Files\jdk-11.0.2\bin;C:\WINDOWS\SYSTEM32;C:\WINDOWS\WinSxS\amd64_microsoft.windows.common-controls_6595b64144ccf1df_6.0.22000.120_none_9d947278b86cc467;C:\Program Files\jdk-11.0.2\bin\server

VM Arguments:
jvm_args: -Xmx64m -Xms64m -Dorg.gradle.appname=gradlew 
java_command: org.gradle.wrapper.GradleWrapperMain app:installDebug -PreactNativeDevServerPort=8081
java_class_path (initial): D:\mobile\eticketing\android\\gradle\wrapper\gradle-wrapper.jar
Launcher Type: SUN_STANDARD

[Global flags]
     intx CICompilerCount                          = 3                                         {product} {ergonomic}
     uint ConcGCThreads                            = 1                                         {product} {ergonomic}
     uint G1ConcRefinementThreads                  = 4                                         {product} {ergonomic}
   size_t G1HeapRegionSize                         = 1048576                                   {product} {ergonomic}
    uintx GCDrainStackTargetSize                   = 64                                        {product} {ergonomic}
   size_t InitialHeapSize                          = 67108864                                  {product} {command line}
   size_t MarkStackSize                            = 4194304                                   {product} {ergonomic}
   size_t MaxHeapSize                              = 67108864                                  {product} {command line}
   size_t MaxNewSize                               = 39845888                                  {product} {ergonomic}
   size_t MinHeapDeltaBytes                        = 1048576                                   {product} {ergonomic}
    uintx NonNMethodCodeHeapSize                   = 5830092                                {pd product} {ergonomic}
    uintx NonProfiledCodeHeapSize                  = 122914074                              {pd product} {ergonomic}
    uintx ProfiledCodeHeapSize                     = 122914074                              {pd product} {ergonomic}
    uintx ReservedCodeCacheSize                    = 251658240                              {pd product} {ergonomic}
     bool SegmentedCodeCache                       = true                                      {product} {ergonomic}
     bool UseCompressedClassPointers               = true                                 {lp64_product} {ergonomic}
     bool UseCompressedOops                        = true                                 {lp64_product} {ergonomic}
     bool UseG1GC                                  = true                                      {product} {ergonomic}
     bool UseLargePagesIndividualAllocation        = false                                  {pd product} {ergonomic}

Logging:
Log output configuration:
 #0: stdout all=warning uptime,level,tags
 #1: stderr all=off uptime,level,tags

Environment Variables:
JAVA_HOME=C:\Program Files\jdk-11.0.2
CLASSPATH=D:\mobile\eticketing\android\\gradle\wrapper\gradle-wrapper.jar
PATH=D:\mobile\eticketing\android\node_modules\.bin;D:\mobile\eticketing\node_modules\.bin;D:\mobile\node_modules\.bin;D:\node_modules\.bin;C:\Program Files\nodejs;D:\mobile\eticketing\node_modules\.bin;D:\mobile\node_modules\.bin;D:\node_modules\.bin;C:\Program Files\nodejs\node_modules\npm\node_modules\@npmcli\run-script\lib\node-gyp-bin;C:\Python310\Scripts\;C:\Python310\;C:\Windows\System32\HWAudioDriverLibs;C:\WINDOWS\system32;C:\WINDOWS;C:\WINDOWS\System32\Wbem;C:\WINDOWS\System32\WindowsPowerShell\v1.0\;C:\WINDOWS\System32\OpenSSH\;C:\Program Files\Git\cmd;C:\wamp64\bin\php\php5.6.40;C:\WINDOWS\system32\config\systemprofile\AppData\Local\Microsoft\WindowsApps;C:\Program Files\Docker\Docker\resources\bin;C:\ProgramData\DockerDesktop\version-bin;C:\Program Files\Go\bin;C:\Program Files\jdk-11.0.2\bin;D:\bootcamp\apache-maven-3.8.5-bin\bin;C:\Program Files\nodejs\;C:\ProgramData\chocolatey\bin;D:\Sdk\platform-tools;C:\Users\afird\AppData\Local\Microsoft\WindowsApps;C:\Users\afird\AppData\Local\Programs\Microsoft VS Code\bin;C:\Users\afird\go\bin;C:\Users\afird\AppData\Roaming\npm;D:\mobile\eticketing\node_modules\.bin
USERNAME=afird
OS=Windows_NT
PROCESSOR_IDENTIFIER=Intel64 Family 6 Model 142 Stepping 12, GenuineIntel



---------------  S Y S T E M  ---------------

OS: Windows 10 , 64 bit Build 22000 (10.0.22000.708)

CPU:total 4 (initial active 4) (2 cores per cpu, 2 threads per core) family 6 model 142 stepping 12, cmov, cx8, fxsr, mmx, sse, sse2, sse3, ssse3, sse4.1, sse4.2, popcnt, avx, avx2, aes, clmul, erms, 3dnowpref, lzcnt, ht, tsc, tscinvbit, bmi1, bmi2, adx, fma

Memory: 4k page, system-wide physical 8025M (748M free)
TotalPageFile size 12121M (AvailPageFile size 2M)
current process WorkingSet (physical memory assigned to process): 69M, peak: 69M
current process commit charge ("private bytes"): 148M, peak: 148M

vm_info: OpenJDK 64-Bit Server VM (11.0.2+9) for windows-amd64 JRE (11.0.2+9), built on Jan 18 2019 05:23:22 by "mach5one" with MS VC++ 15.5 (VS2017)

END.
