#
# There is insufficient memory for the Java Runtime Environment to continue.
# Native memory allocation (malloc) failed to allocate 644576 bytes for Chunk::new
# Possible reasons:
#   The system is out of physical RAM or swap space
#   The process is running with CompressedOops enabled, and the Java Heap may be blocking the growth of the native heap
# Possible solutions:
#   Reduce memory load on the system
#   Increase physical memory or swap space
#   Check if swap backing store is full
#   Decrease Java heap size (-Xmx/-Xms)
#   Decrease number of Java threads
#   Decrease Java thread stack sizes (-Xss)
#   Set larger code cache with -XX:ReservedCodeCacheSize=
#   JVM is running with Unscaled Compressed Oops mode in which the Java heap is
#     placed in the first 4GB address space. The Java Heap base address is the
#     maximum limit for the native heap growth. Please use -XX:HeapBaseMinAddress
#     to set the Java Heap base and to place the Java Heap above 4GB virtual address.
# This output file may be truncated or incomplete.
#
#  Out of Memory Error (t:/workspace/open/src/hotspot/share/memory/arena.cpp:197), pid=3364, tid=4548
#
# JRE version: OpenJDK Runtime Environment (11.0.2+9) (build 11.0.2+9)
# Java VM: OpenJDK 64-Bit Server VM (11.0.2+9, mixed mode, tiered, compressed oops, g1 gc, windows-amd64)
# No core dump will be written. Minidumps are not enabled by default on client versions of Windows
#

---------------  S U M M A R Y ------------

Command Line: -XX:MaxMetaspaceSize=512m --add-opens=java.base/java.util=ALL-UNNAMED --add-opens=java.base/java.lang=ALL-UNNAMED --add-opens=java.base/java.lang.invoke=ALL-UNNAMED --add-opens=java.base/java.util=ALL-UNNAMED --add-opens=java.prefs/java.util.prefs=ALL-UNNAMED --add-opens=java.prefs/java.util.prefs=ALL-UNNAMED --add-opens=java.base/java.nio.charset=ALL-UNNAMED --add-opens=java.base/java.net=ALL-UNNAMED --add-opens=java.base/java.util.concurrent.atomic=ALL-UNNAMED -Xmx2048m -Dfile.encoding=windows-1252 -Duser.country=ID -Duser.language=en -Duser.variant org.gradle.launcher.daemon.bootstrap.GradleDaemon 7.3.3

Host: Intel(R) Core(TM) i3-10110U CPU @ 2.10GHz, 4 cores, 7G,  Windows 10 , 64 bit Build 22000 (10.0.22000.708)
Time: Mon Sep  5 09:41:35 2022 SE Asia Standard Time elapsed time: 27 seconds (0d 0h 0m 27s)

---------------  T H R E A D  ---------------

Current thread (0x000001c97db51000):  JavaThread "C2 CompilerThread0" daemon [_thread_in_native, id=4548, stack(0x0000004a37a00000,0x0000004a37b00000)]


Current CompileTask:
C2:  27935 4173       4       org.gradle.internal.service.DefaultServiceRegistry$OwnServices::getService (309 bytes)

Stack: [0x0000004a37a00000,0x0000004a37b00000]
Native frames: (J=compiled Java code, j=interpreted, Vv=VM code, C=native code)
V  [jvm.dll+0x63489a]
V  [jvm.dll+0x771f9f]
V  [jvm.dll+0x773648]
V  [jvm.dll+0x773d03]
V  [jvm.dll+0x25eba8]
V  [jvm.dll+0xc2191]
V  [jvm.dll+0xc271c]
V  [jvm.dll+0x2cf964]
V  [jvm.dll+0x55129f]
V  [jvm.dll+0x21a125]
V  [jvm.dll+0x217a46]
V  [jvm.dll+0x194370]
V  [jvm.dll+0x226b3f]
V  [jvm.dll+0x225148]
V  [jvm.dll+0x73774d]
V  [jvm.dll+0x633942]
C  [ucrtbase.dll+0x26c0c]
C  [KERNEL32.DLL+0x154e0]
C  [ntdll.dll+0x485b]


---------------  P R O C E S S  ---------------

Threads class SMR info:
_java_thread_list=0x000001c90449fd60, length=37, elements={
0x000001c95edfa800, 0x000001c97d1d9800, 0x000001c97d1e3000, 0x000001c97d240000,
0x000001c97db50800, 0x000001c97db51000, 0x000001c97db53800, 0x000001c97db59000,
0x000001c97dca3800, 0x000001c97dcd8800, 0x000001c9002ff800, 0x000001c97f2d6000,
0x000001c97e00d800, 0x000001c97e00e800, 0x000001c97e160800, 0x000001c97e7d8800,
0x000001c97e7d9000, 0x000001c97de6e800, 0x000001c97de6f800, 0x000001c97e13a800,
0x000001c97ded0000, 0x000001c97ded2800, 0x000001c97dece800, 0x000001c97decd800,
0x000001c97decc800, 0x000001c97ded1800, 0x000001c97ded3000, 0x000001c97decf000,
0x000001c97ded0800, 0x000001c901b2d800, 0x000001c901b2b800, 0x000001c901b2e000,
0x000001c901b2f000, 0x000001c901b30000, 0x000001c901b30800, 0x000001c901b2b000,
0x000001c901b34000
}

Java Threads: ( => current thread )
  0x000001c95edfa800 JavaThread "main" [_thread_blocked, id=15340, stack(0x0000004a36f00000,0x0000004a37000000)]
  0x000001c97d1d9800 JavaThread "Reference Handler" daemon [_thread_blocked, id=12624, stack(0x0000004a37600000,0x0000004a37700000)]
  0x000001c97d1e3000 JavaThread "Finalizer" daemon [_thread_blocked, id=12068, stack(0x0000004a37700000,0x0000004a37800000)]
  0x000001c97d240000 JavaThread "Signal Dispatcher" daemon [_thread_blocked, id=7392, stack(0x0000004a37800000,0x0000004a37900000)]
  0x000001c97db50800 JavaThread "Attach Listener" daemon [_thread_blocked, id=3620, stack(0x0000004a37900000,0x0000004a37a00000)]
=>0x000001c97db51000 JavaThread "C2 CompilerThread0" daemon [_thread_in_native, id=4548, stack(0x0000004a37a00000,0x0000004a37b00000)]
  0x000001c97db53800 JavaThread "C1 CompilerThread0" daemon [_thread_blocked, id=1108, stack(0x0000004a37b00000,0x0000004a37c00000)]
  0x000001c97db59000 JavaThread "Sweeper thread" daemon [_thread_blocked, id=8404, stack(0x0000004a37c00000,0x0000004a37d00000)]
  0x000001c97dca3800 JavaThread "Common-Cleaner" daemon [_thread_blocked, id=988, stack(0x0000004a37d00000,0x0000004a37e00000)]
  0x000001c97dcd8800 JavaThread "Service Thread" daemon [_thread_blocked, id=2272, stack(0x0000004a37e00000,0x0000004a37f00000)]
  0x000001c9002ff800 JavaThread "Daemon health stats" [_thread_blocked, id=12572, stack(0x0000004a38200000,0x0000004a38300000)]
  0x000001c97f2d6000 JavaThread "Incoming local TCP Connector on port 14833" [_thread_in_native, id=9932, stack(0x0000004a38300000,0x0000004a38400000)]
  0x000001c97e00d800 JavaThread "Daemon periodic checks" [_thread_blocked, id=10700, stack(0x0000004a38400000,0x0000004a38500000)]
  0x000001c97e00e800 JavaThread "Daemon" [_thread_blocked, id=5140, stack(0x0000004a38500000,0x0000004a38600000)]
  0x000001c97e160800 JavaThread "Handler for socket connection from /127.0.0.1:14833 to /127.0.0.1:14834" [_thread_in_native, id=18544, stack(0x0000004a38600000,0x0000004a38700000)]
  0x000001c97e7d8800 JavaThread "Cancel handler" [_thread_blocked, id=11492, stack(0x0000004a38700000,0x0000004a38800000)]
  0x000001c97e7d9000 JavaThread "Daemon worker" [_thread_in_vm, id=11260, stack(0x0000004a38800000,0x0000004a38900000)]
  0x000001c97de6e800 JavaThread "Asynchronous log dispatcher for DefaultDaemonConnection: socket connection from /127.0.0.1:14833 to /127.0.0.1:14834" [_thread_blocked, id=8532, stack(0x0000004a38900000,0x0000004a38a00000)]
  0x000001c97de6f800 JavaThread "Stdin handler" [_thread_blocked, id=5196, stack(0x0000004a38a00000,0x0000004a38b00000)]
  0x000001c97e13a800 JavaThread "Daemon client event forwarder" [_thread_blocked, id=1032, stack(0x0000004a38b00000,0x0000004a38c00000)]
  0x000001c97ded0000 JavaThread "Cache worker for journal cache (C:\Users\afird\.gradle\caches\journal-1)" [_thread_blocked, id=16004, stack(0x0000004a38d00000,0x0000004a38e00000)]
  0x000001c97ded2800 JavaThread "File lock request listener" [_thread_in_native, id=9372, stack(0x0000004a38e00000,0x0000004a38f00000)]
  0x000001c97dece800 JavaThread "Cache worker for file hash cache (C:\Users\afird\.gradle\caches\7.3.3\fileHashes)" [_thread_blocked, id=2480, stack(0x0000004a38f00000,0x0000004a39000000)]
  0x000001c97decd800 JavaThread "Cache worker for file hash cache (D:\mobile\eticketing\android\.gradle\7.3.3\fileHashes)" [_thread_blocked, id=10840, stack(0x0000004a39100000,0x0000004a39200000)]
  0x000001c97decc800 JavaThread "File watcher server" daemon [_thread_in_native, id=9828, stack(0x0000004a39200000,0x0000004a39300000)]
  0x000001c97ded1800 JavaThread "File watcher consumer" daemon [_thread_blocked, id=19224, stack(0x0000004a39300000,0x0000004a39400000)]
  0x000001c97ded3000 JavaThread "Cache worker for checksums cache (D:\mobile\eticketing\android\.gradle\7.3.3\checksums)" [_thread_blocked, id=5956, stack(0x0000004a39400000,0x0000004a39500000)]
  0x000001c97decf000 JavaThread "Cache worker for cache directory md-supplier (C:\Users\afird\.gradle\caches\7.3.3\md-supplier)" [_thread_blocked, id=2344, stack(0x0000004a39000000,0x0000004a39100000)]
  0x000001c97ded0800 JavaThread "Cache worker for cache directory md-rule (C:\Users\afird\.gradle\caches\7.3.3\md-rule)" [_thread_blocked, id=1040, stack(0x0000004a39500000,0x0000004a39600000)]
  0x000001c901b2d800 JavaThread "Cache worker for execution history cache (C:\Users\afird\.gradle\caches\7.3.3\executionHistory)" [_thread_blocked, id=8680, stack(0x0000004a39700000,0x0000004a39800000)]
  0x000001c901b2b800 JavaThread "jar transforms" [_thread_blocked, id=10452, stack(0x0000004a39800000,0x0000004a39900000)]
  0x000001c901b2e000 JavaThread "jar transforms Thread 2" [_thread_blocked, id=7452, stack(0x0000004a39900000,0x0000004a39a00000)]
  0x000001c901b2f000 JavaThread "Cache worker for file content cache (C:\Users\afird\.gradle\caches\7.3.3\fileContent)" [_thread_blocked, id=5080, stack(0x0000004a39a00000,0x0000004a39b00000)]
  0x000001c901b30000 JavaThread "jar transforms Thread 3" [_thread_blocked, id=10980, stack(0x0000004a39b00000,0x0000004a39c00000)]
  0x000001c901b30800 JavaThread "jar transforms Thread 4" [_thread_blocked, id=4168, stack(0x0000004a39c00000,0x0000004a39d00000)]
  0x000001c901b2b000 JavaThread "Cache worker for kotlin-dsl (C:\Users\afird\.gradle\caches\7.3.3\kotlin-dsl)" [_thread_blocked, id=464, stack(0x0000004a39600000,0x0000004a39700000)]
  0x000001c901b34000 JavaThread "Cache worker for dependencies-accessors (D:\mobile\eticketing\android\.gradle\7.3.3\dependencies-accessors)" [_thread_blocked, id=1828, stack(0x0000004a39d00000,0x0000004a39e00000)]

Other Threads:
  0x000001c97d1d6800 VMThread "VM Thread" [stack: 0x0000004a37500000,0x0000004a37600000] [id=18084]
  0x000001c97dcda800 WatcherThread [stack: 0x0000004a37f00000,0x0000004a38000000] [id=15644]
  0x000001c95ee11000 GCTaskThread "GC Thread#0" [stack: 0x0000004a37000000,0x0000004a37100000] [id=18532]
  0x000001c97e57b000 GCTaskThread "GC Thread#1" [stack: 0x0000004a38000000,0x0000004a38100000] [id=17776]
  0x000001c97e519800 GCTaskThread "GC Thread#2" [stack: 0x0000004a38100000,0x0000004a38200000] [id=10488]
  0x000001c97e619800 GCTaskThread "GC Thread#3" [stack: 0x0000004a38c00000,0x0000004a38d00000] [id=14296]
  0x000001c95ee42800 ConcurrentGCThread "G1 Main Marker" [stack: 0x0000004a37100000,0x0000004a37200000] [id=6512]
  0x000001c95ee44800 ConcurrentGCThread "G1 Conc#0" [stack: 0x0000004a37200000,0x0000004a37300000] [id=2736]
  0x000001c95eed5000 ConcurrentGCThread "G1 Refine#0" [stack: 0x0000004a37300000,0x0000004a37400000] [id=15308]
  0x000001c95eed9000 ConcurrentGCThread "G1 Young RemSet Sampling" [stack: 0x0000004a37400000,0x0000004a37500000] [id=14136]

Threads with active compile tasks:
C2 CompilerThread04173       4       org.gradle.internal.service.DefaultServiceRegistry$OwnServices::getService (309 bytes)

VM state:not at safepoint (normal execution)

VM Mutex/Monitor currently owned by a thread: None

Heap address: 0x0000000080000000, size: 2048 MB, Compressed Oops mode: 32-bit
Narrow klass base: 0x0000000000000000, Narrow klass shift: 3
Compressed class space size: 528482304 Address: 0x0000000100000000

Heap:
 garbage-first heap   total 155648K, used 48571K [0x0000000080000000, 0x0000000100000000)
  region size 1024K, 26 young (26624K), 9 survivors (9216K)
 Metaspace       used 45482K, capacity 46611K, committed 46720K, reserved 557056K
  class space    used 5803K, capacity 6255K, committed 6272K, reserved 516096K
Heap Regions: E=young(eden), S=young(survivor), O=old, HS=humongous(starts), HC=humongous(continues), CS=collection set, F=free, A=archive, TAMS=top-at-mark-start (previous, next)
|   0|0x0000000080000000, 0x0000000080100000, 0x0000000080100000|100%|HS|  |TAMS 0x0000000080100000, 0x0000000080000000| Complete 
|   1|0x0000000080100000, 0x0000000080200000, 0x0000000080200000|100%|HC|  |TAMS 0x0000000080200000, 0x0000000080100000| Complete 
|   2|0x0000000080200000, 0x0000000080300000, 0x0000000080300000|100%|HC|  |TAMS 0x0000000080300000, 0x0000000080200000| Complete 
|   3|0x0000000080300000, 0x0000000080400000, 0x0000000080400000|100%| O|  |TAMS 0x0000000080400000, 0x0000000080300000| Untracked 
|   4|0x0000000080400000, 0x0000000080500000, 0x0000000080500000|100%| O|  |TAMS 0x0000000080500000, 0x0000000080400000| Untracked 
|   5|0x0000000080500000, 0x0000000080600000, 0x0000000080600000|100%| O|  |TAMS 0x0000000080600000, 0x0000000080500000| Untracked 
|   6|0x0000000080600000, 0x0000000080700000, 0x0000000080700000|100%| O|  |TAMS 0x0000000080700000, 0x0000000080600000| Untracked 
|   7|0x0000000080700000, 0x0000000080800000, 0x0000000080800000|100%| O|  |TAMS 0x0000000080800000, 0x0000000080700000| Untracked 
|   8|0x0000000080800000, 0x0000000080900000, 0x0000000080900000|100%| O|  |TAMS 0x0000000080900000, 0x0000000080800000| Untracked 
|   9|0x0000000080900000, 0x0000000080a00000, 0x0000000080a00000|100%| O|  |TAMS 0x0000000080a00000, 0x0000000080900000| Untracked 
|  10|0x0000000080a00000, 0x0000000080b00000, 0x0000000080b00000|100%| O|  |TAMS 0x0000000080b00000, 0x0000000080a00000| Untracked 
|  11|0x0000000080b00000, 0x0000000080c00000, 0x0000000080c00000|100%| O|  |TAMS 0x0000000080c00000, 0x0000000080b00000| Untracked 
|  12|0x0000000080c00000, 0x0000000080d00000, 0x0000000080d00000|100%| O|  |TAMS 0x0000000080d00000, 0x0000000080c00000| Untracked 
|  13|0x0000000080d00000, 0x0000000080e00000, 0x0000000080e00000|100%| O|  |TAMS 0x0000000080e00000, 0x0000000080d00000| Untracked 
|  14|0x0000000080e00000, 0x0000000080f00000, 0x0000000080f00000|100%| O|  |TAMS 0x0000000080f00000, 0x0000000080e00000| Untracked 
|  15|0x0000000080f00000, 0x0000000081000000, 0x0000000081000000|100%| O|  |TAMS 0x0000000081000000, 0x0000000080f00000| Untracked 
|  16|0x0000000081000000, 0x0000000081100000, 0x0000000081100000|100%| O|  |TAMS 0x00000000810e1800, 0x0000000081000000| Untracked 
|  17|0x0000000081100000, 0x0000000081100000, 0x0000000081200000|  0%| F|  |TAMS 0x0000000081100000, 0x0000000081100000| Untracked 
|  18|0x0000000081200000, 0x0000000081300000, 0x0000000081300000|100%| O|  |TAMS 0x0000000081200000, 0x0000000081200000| Untracked 
|  19|0x0000000081300000, 0x0000000081400000, 0x0000000081400000|100%| O|  |TAMS 0x0000000081300000, 0x0000000081300000| Untracked 
|  20|0x0000000081400000, 0x0000000081500000, 0x0000000081500000|100%| O|  |TAMS 0x0000000081400000, 0x0000000081400000| Untracked 
|  21|0x0000000081500000, 0x0000000081600000, 0x0000000081600000|100%| O|  |TAMS 0x0000000081500000, 0x0000000081500000| Untracked 
|  22|0x0000000081600000, 0x0000000081700000, 0x0000000081700000|100%| O|  |TAMS 0x0000000081600000, 0x0000000081600000| Untracked 
|  23|0x0000000081700000, 0x0000000081800000, 0x0000000081800000|100%| O|  |TAMS 0x0000000081700000, 0x0000000081700000| Untracked 
|  24|0x0000000081800000, 0x0000000081819a00, 0x0000000081900000| 10%| O|  |TAMS 0x0000000081800000, 0x0000000081800000| Untracked 
|  25|0x0000000081900000, 0x0000000081900000, 0x0000000081a00000|  0%| F|  |TAMS 0x0000000081900000, 0x0000000081900000| Untracked 
|  26|0x0000000081a00000, 0x0000000081a00000, 0x0000000081b00000|  0%| F|  |TAMS 0x0000000081a00000, 0x0000000081a00000| Untracked 
|  27|0x0000000081b00000, 0x0000000081b00000, 0x0000000081c00000|  0%| F|  |TAMS 0x0000000081b00000, 0x0000000081b00000| Untracked 
|  28|0x0000000081c00000, 0x0000000081c00000, 0x0000000081d00000|  0%| F|  |TAMS 0x0000000081c00000, 0x0000000081c00000| Untracked 
|  29|0x0000000081d00000, 0x0000000081d00000, 0x0000000081e00000|  0%| F|  |TAMS 0x0000000081d00000, 0x0000000081d00000| Untracked 
|  30|0x0000000081e00000, 0x0000000081e00000, 0x0000000081f00000|  0%| F|  |TAMS 0x0000000081e00000, 0x0000000081e00000| Untracked 
|  31|0x0000000081f00000, 0x0000000081f00000, 0x0000000082000000|  0%| F|  |TAMS 0x0000000081f00000, 0x0000000081f00000| Untracked 
|  32|0x0000000082000000, 0x0000000082000000, 0x0000000082100000|  0%| F|  |TAMS 0x0000000082000000, 0x0000000082000000| Untracked 
|  33|0x0000000082100000, 0x0000000082100000, 0x0000000082200000|  0%| F|  |TAMS 0x0000000082100000, 0x0000000082100000| Untracked 
|  34|0x0000000082200000, 0x0000000082200000, 0x0000000082300000|  0%| F|  |TAMS 0x0000000082200000, 0x0000000082200000| Untracked 
|  35|0x0000000082300000, 0x0000000082300000, 0x0000000082400000|  0%| F|  |TAMS 0x0000000082300000, 0x0000000082300000| Untracked 
|  36|0x0000000082400000, 0x0000000082400000, 0x0000000082500000|  0%| F|  |TAMS 0x0000000082400000, 0x0000000082400000| Untracked 
|  37|0x0000000082500000, 0x0000000082500000, 0x0000000082600000|  0%| F|  |TAMS 0x0000000082500000, 0x0000000082500000| Untracked 
|  38|0x0000000082600000, 0x0000000082600000, 0x0000000082700000|  0%| F|  |TAMS 0x0000000082600000, 0x0000000082600000| Untracked 
|  39|0x0000000082700000, 0x0000000082700000, 0x0000000082800000|  0%| F|  |TAMS 0x0000000082700000, 0x0000000082700000| Untracked 
|  40|0x0000000082800000, 0x0000000082800000, 0x0000000082900000|  0%| F|  |TAMS 0x0000000082800000, 0x0000000082800000| Untracked 
|  41|0x0000000082900000, 0x0000000082900000, 0x0000000082a00000|  0%| F|  |TAMS 0x0000000082900000, 0x0000000082900000| Untracked 
|  42|0x0000000082a00000, 0x0000000082a00000, 0x0000000082b00000|  0%| F|  |TAMS 0x0000000082a00000, 0x0000000082a00000| Untracked 
|  43|0x0000000082b00000, 0x0000000082b00000, 0x0000000082c00000|  0%| F|  |TAMS 0x0000000082b00000, 0x0000000082b00000| Untracked 
|  44|0x0000000082c00000, 0x0000000082c00000, 0x0000000082d00000|  0%| F|  |TAMS 0x0000000082c00000, 0x0000000082c00000| Untracked 
|  45|0x0000000082d00000, 0x0000000082d00000, 0x0000000082e00000|  0%| F|  |TAMS 0x0000000082d00000, 0x0000000082d00000| Untracked 
|  46|0x0000000082e00000, 0x0000000082e00000, 0x0000000082f00000|  0%| F|  |TAMS 0x0000000082e00000, 0x0000000082e00000| Untracked 
|  47|0x0000000082f00000, 0x0000000082f00000, 0x0000000083000000|  0%| F|  |TAMS 0x0000000082f00000, 0x0000000082f00000| Untracked 
|  48|0x0000000083000000, 0x0000000083000000, 0x0000000083100000|  0%| F|  |TAMS 0x0000000083000000, 0x0000000083000000| Untracked 
|  49|0x0000000083100000, 0x0000000083100000, 0x0000000083200000|  0%| F|  |TAMS 0x0000000083100000, 0x0000000083100000| Untracked 
|  50|0x0000000083200000, 0x0000000083255370, 0x0000000083300000| 33%| S|CS|TAMS 0x0000000083200000, 0x0000000083200000| Complete 
|  51|0x0000000083300000, 0x0000000083400000, 0x0000000083400000|100%| S|CS|TAMS 0x0000000083300000, 0x0000000083300000| Complete 
|  52|0x0000000083400000, 0x0000000083500000, 0x0000000083500000|100%| S|CS|TAMS 0x0000000083400000, 0x0000000083400000| Complete 
|  53|0x0000000083500000, 0x0000000083600000, 0x0000000083600000|100%| S|CS|TAMS 0x0000000083500000, 0x0000000083500000| Complete 
|  54|0x0000000083600000, 0x0000000083700000, 0x0000000083700000|100%| S|CS|TAMS 0x0000000083600000, 0x0000000083600000| Complete 
|  55|0x0000000083700000, 0x0000000083700000, 0x0000000083800000|  0%| F|  |TAMS 0x0000000083700000, 0x0000000083700000| Untracked 
|  56|0x0000000083800000, 0x0000000083800000, 0x0000000083900000|  0%| F|  |TAMS 0x0000000083800000, 0x0000000083800000| Untracked 
|  57|0x0000000083900000, 0x0000000083900000, 0x0000000083a00000|  0%| F|  |TAMS 0x0000000083900000, 0x0000000083900000| Untracked 
|  58|0x0000000083a00000, 0x0000000083a00000, 0x0000000083b00000|  0%| F|  |TAMS 0x0000000083a00000, 0x0000000083a00000| Untracked 
|  59|0x0000000083b00000, 0x0000000083b00000, 0x0000000083c00000|  0%| F|  |TAMS 0x0000000083b00000, 0x0000000083b00000| Untracked 
|  60|0x0000000083c00000, 0x0000000083c00000, 0x0000000083d00000|  0%| F|  |TAMS 0x0000000083c00000, 0x0000000083c00000| Untracked 
|  61|0x0000000083d00000, 0x0000000083d00000, 0x0000000083e00000|  0%| F|  |TAMS 0x0000000083d00000, 0x0000000083d00000| Untracked 
|  62|0x0000000083e00000, 0x0000000083e00000, 0x0000000083f00000|  0%| F|  |TAMS 0x0000000083e00000, 0x0000000083e00000| Untracked 
|  63|0x0000000083f00000, 0x0000000084000000, 0x0000000084000000|100%| S|CS|TAMS 0x0000000083f00000, 0x0000000083f00000| Complete 
|  64|0x0000000084000000, 0x0000000084100000, 0x0000000084100000|100%| S|CS|TAMS 0x0000000084000000, 0x0000000084000000| Complete 
|  65|0x0000000084100000, 0x0000000084200000, 0x0000000084200000|100%| S|CS|TAMS 0x0000000084100000, 0x0000000084100000| Complete 
|  66|0x0000000084200000, 0x0000000084300000, 0x0000000084300000|100%| S|CS|TAMS 0x0000000084200000, 0x0000000084200000| Complete 
|  67|0x0000000084300000, 0x0000000084300000, 0x0000000084400000|  0%| F|  |TAMS 0x0000000084300000, 0x0000000084300000| Untracked 
|  68|0x0000000084400000, 0x0000000084400000, 0x0000000084500000|  0%| F|  |TAMS 0x0000000084400000, 0x0000000084400000| Untracked 
|  69|0x0000000084500000, 0x0000000084500000, 0x0000000084600000|  0%| F|  |TAMS 0x0000000084500000, 0x0000000084500000| Untracked 
|  70|0x0000000084600000, 0x0000000084600000, 0x0000000084700000|  0%| F|  |TAMS 0x0000000084600000, 0x0000000084600000| Untracked 
|  71|0x0000000084700000, 0x0000000084700000, 0x0000000084800000|  0%| F|  |TAMS 0x0000000084700000, 0x0000000084700000| Untracked 
|  72|0x0000000084800000, 0x0000000084800000, 0x0000000084900000|  0%| F|  |TAMS 0x0000000084800000, 0x0000000084800000| Untracked 
|  73|0x0000000084900000, 0x0000000084900000, 0x0000000084a00000|  0%| F|  |TAMS 0x0000000084900000, 0x0000000084900000| Untracked 
|  74|0x0000000084a00000, 0x0000000084a00000, 0x0000000084b00000|  0%| F|  |TAMS 0x0000000084a00000, 0x0000000084a00000| Untracked 
|  75|0x0000000084b00000, 0x0000000084b00000, 0x0000000084c00000|  0%| F|  |TAMS 0x0000000084b00000, 0x0000000084b00000| Untracked 
|  76|0x0000000084c00000, 0x0000000084c00000, 0x0000000084d00000|  0%| F|  |TAMS 0x0000000084c00000, 0x0000000084c00000| Untracked 
|  77|0x0000000084d00000, 0x0000000084d00000, 0x0000000084e00000|  0%| F|  |TAMS 0x0000000084d00000, 0x0000000084d00000| Untracked 
|  78|0x0000000084e00000, 0x0000000084e00000, 0x0000000084f00000|  0%| F|  |TAMS 0x0000000084e00000, 0x0000000084e00000| Untracked 
|  79|0x0000000084f00000, 0x0000000084f00000, 0x0000000085000000|  0%| F|  |TAMS 0x0000000084f00000, 0x0000000084f00000| Untracked 
|  80|0x0000000085000000, 0x0000000085000000, 0x0000000085100000|  0%| F|  |TAMS 0x0000000085000000, 0x0000000085000000| Untracked 
|  81|0x0000000085100000, 0x0000000085100000, 0x0000000085200000|  0%| F|  |TAMS 0x0000000085100000, 0x0000000085100000| Untracked 
|  82|0x0000000085200000, 0x0000000085200000, 0x0000000085300000|  0%| F|  |TAMS 0x0000000085200000, 0x0000000085200000| Untracked 
|  83|0x0000000085300000, 0x0000000085300000, 0x0000000085400000|  0%| F|  |TAMS 0x0000000085300000, 0x0000000085300000| Untracked 
|  84|0x0000000085400000, 0x0000000085400000, 0x0000000085500000|  0%| F|  |TAMS 0x0000000085400000, 0x0000000085400000| Untracked 
|  85|0x0000000085500000, 0x0000000085500000, 0x0000000085600000|  0%| F|  |TAMS 0x0000000085500000, 0x0000000085500000| Untracked 
|  86|0x0000000085600000, 0x0000000085600000, 0x0000000085700000|  0%| F|  |TAMS 0x0000000085600000, 0x0000000085600000| Untracked 
|  87|0x0000000085700000, 0x0000000085700000, 0x0000000085800000|  0%| F|  |TAMS 0x0000000085700000, 0x0000000085700000| Untracked 
|  88|0x0000000085800000, 0x0000000085800000, 0x0000000085900000|  0%| F|  |TAMS 0x0000000085800000, 0x0000000085800000| Untracked 
|  89|0x0000000085900000, 0x0000000085900000, 0x0000000085a00000|  0%| F|  |TAMS 0x0000000085900000, 0x0000000085900000| Untracked 
|  90|0x0000000085a00000, 0x0000000085a00000, 0x0000000085b00000|  0%| F|  |TAMS 0x0000000085a00000, 0x0000000085a00000| Untracked 
|  91|0x0000000085b00000, 0x0000000085b00000, 0x0000000085c00000|  0%| F|  |TAMS 0x0000000085b00000, 0x0000000085b00000| Untracked 
|  92|0x0000000085c00000, 0x0000000085c00000, 0x0000000085d00000|  0%| F|  |TAMS 0x0000000085c00000, 0x0000000085c00000| Untracked 
|  93|0x0000000085d00000, 0x0000000085d00000, 0x0000000085e00000|  0%| F|  |TAMS 0x0000000085d00000, 0x0000000085d00000| Untracked 
|  94|0x0000000085e00000, 0x0000000085e00000, 0x0000000085f00000|  0%| F|  |TAMS 0x0000000085e00000, 0x0000000085e00000| Untracked 
|  95|0x0000000085f00000, 0x0000000085f00000, 0x0000000086000000|  0%| F|  |TAMS 0x0000000085f00000, 0x0000000085f00000| Untracked 
|  96|0x0000000086000000, 0x0000000086000000, 0x0000000086100000|  0%| F|  |TAMS 0x0000000086000000, 0x0000000086000000| Untracked 
|  97|0x0000000086100000, 0x0000000086100000, 0x0000000086200000|  0%| F|  |TAMS 0x0000000086100000, 0x0000000086100000| Untracked 
|  98|0x0000000086200000, 0x0000000086200000, 0x0000000086300000|  0%| F|  |TAMS 0x0000000086200000, 0x0000000086200000| Untracked 
|  99|0x0000000086300000, 0x0000000086300000, 0x0000000086400000|  0%| F|  |TAMS 0x0000000086300000, 0x0000000086300000| Untracked 
| 100|0x0000000086400000, 0x0000000086400000, 0x0000000086500000|  0%| F|  |TAMS 0x0000000086400000, 0x0000000086400000| Untracked 
| 101|0x0000000086500000, 0x0000000086500000, 0x0000000086600000|  0%| F|  |TAMS 0x0000000086500000, 0x0000000086500000| Untracked 
| 102|0x0000000086600000, 0x0000000086600000, 0x0000000086700000|  0%| F|  |TAMS 0x0000000086600000, 0x0000000086600000| Untracked 
| 103|0x0000000086700000, 0x0000000086700000, 0x0000000086800000|  0%| F|  |TAMS 0x0000000086700000, 0x0000000086700000| Untracked 
| 104|0x0000000086800000, 0x0000000086800000, 0x0000000086900000|  0%| F|  |TAMS 0x0000000086800000, 0x0000000086800000| Untracked 
| 105|0x0000000086900000, 0x0000000086900000, 0x0000000086a00000|  0%| F|  |TAMS 0x0000000086900000, 0x0000000086900000| Untracked 
| 106|0x0000000086a00000, 0x0000000086a00000, 0x0000000086b00000|  0%| F|  |TAMS 0x0000000086a00000, 0x0000000086a00000| Untracked 
| 107|0x0000000086b00000, 0x0000000086b00000, 0x0000000086c00000|  0%| F|  |TAMS 0x0000000086b00000, 0x0000000086b00000| Untracked 
| 108|0x0000000086c00000, 0x0000000086c00000, 0x0000000086d00000|  0%| F|  |TAMS 0x0000000086c00000, 0x0000000086c00000| Untracked 
| 109|0x0000000086d00000, 0x0000000086d00000, 0x0000000086e00000|  0%| F|  |TAMS 0x0000000086d00000, 0x0000000086d00000| Untracked 
| 110|0x0000000086e00000, 0x0000000086e00000, 0x0000000086f00000|  0%| F|  |TAMS 0x0000000086e00000, 0x0000000086e00000| Untracked 
| 111|0x0000000086f00000, 0x0000000086f00000, 0x0000000087000000|  0%| F|  |TAMS 0x0000000086f00000, 0x0000000086f00000| Untracked 
| 112|0x0000000087000000, 0x0000000087000000, 0x0000000087100000|  0%| F|  |TAMS 0x0000000087000000, 0x0000000087000000| Untracked 
| 113|0x0000000087100000, 0x0000000087100000, 0x0000000087200000|  0%| F|  |TAMS 0x0000000087100000, 0x0000000087100000| Untracked 
| 114|0x0000000087200000, 0x0000000087200000, 0x0000000087300000|  0%| F|  |TAMS 0x0000000087200000, 0x0000000087200000| Untracked 
| 115|0x0000000087300000, 0x0000000087300000, 0x0000000087400000|  0%| F|  |TAMS 0x0000000087300000, 0x0000000087300000| Untracked 
| 116|0x0000000087400000, 0x0000000087400000, 0x0000000087500000|  0%| F|  |TAMS 0x0000000087400000, 0x0000000087400000| Untracked 
| 117|0x0000000087500000, 0x0000000087500000, 0x0000000087600000|  0%| F|  |TAMS 0x0000000087500000, 0x0000000087500000| Untracked 
| 118|0x0000000087600000, 0x0000000087600000, 0x0000000087700000|  0%| F|  |TAMS 0x0000000087600000, 0x0000000087600000| Untracked 
| 119|0x0000000087700000, 0x0000000087700000, 0x0000000087800000|  0%| F|  |TAMS 0x0000000087700000, 0x0000000087700000| Untracked 
| 120|0x0000000087800000, 0x0000000087800000, 0x0000000087900000|  0%| F|  |TAMS 0x0000000087800000, 0x0000000087800000| Untracked 
| 121|0x0000000087900000, 0x0000000087900000, 0x0000000087a00000|  0%| F|  |TAMS 0x0000000087900000, 0x0000000087900000| Untracked 
| 122|0x0000000087a00000, 0x0000000087a00000, 0x0000000087b00000|  0%| F|  |TAMS 0x0000000087a00000, 0x0000000087a00000| Untracked 
| 123|0x0000000087b00000, 0x0000000087b00000, 0x0000000087c00000|  0%| F|  |TAMS 0x0000000087b00000, 0x0000000087b00000| Untracked 
| 124|0x0000000087c00000, 0x0000000087c00000, 0x0000000087d00000|  0%| F|  |TAMS 0x0000000087c00000, 0x0000000087c00000| Untracked 
| 125|0x0000000087d00000, 0x0000000087d00000, 0x0000000087e00000|  0%| F|  |TAMS 0x0000000087d00000, 0x0000000087d00000| Untracked 
| 126|0x0000000087e00000, 0x0000000087e00000, 0x0000000087f00000|  0%| F|  |TAMS 0x0000000087e00000, 0x0000000087e00000| Untracked 
| 127|0x0000000087f00000, 0x0000000087f00000, 0x0000000088000000|  0%| F|  |TAMS 0x0000000087f00000, 0x0000000087f00000| Untracked 
| 128|0x0000000088000000, 0x0000000088000000, 0x0000000088100000|  0%| F|  |TAMS 0x0000000088000000, 0x0000000088000000| Untracked 
| 129|0x0000000088100000, 0x0000000088100000, 0x0000000088200000|  0%| F|  |TAMS 0x0000000088100000, 0x0000000088100000| Untracked 
| 130|0x0000000088200000, 0x0000000088200000, 0x0000000088300000|  0%| F|  |TAMS 0x0000000088200000, 0x0000000088200000| Untracked 
| 131|0x0000000088300000, 0x0000000088300000, 0x0000000088400000|  0%| F|  |TAMS 0x0000000088300000, 0x0000000088300000| Untracked 
| 132|0x0000000088400000, 0x0000000088400000, 0x0000000088500000|  0%| F|  |TAMS 0x0000000088400000, 0x0000000088400000| Untracked 
| 133|0x0000000088500000, 0x0000000088500000, 0x0000000088600000|  0%| F|  |TAMS 0x0000000088500000, 0x0000000088500000| Untracked 
| 134|0x0000000088600000, 0x0000000088600000, 0x0000000088700000|  0%| F|  |TAMS 0x0000000088600000, 0x0000000088600000| Untracked 
| 135|0x0000000088700000, 0x0000000088780800, 0x0000000088800000| 50%| E|  |TAMS 0x0000000088700000, 0x0000000088700000| Complete 
| 136|0x0000000088800000, 0x0000000088900000, 0x0000000088900000|100%| E|CS|TAMS 0x0000000088800000, 0x0000000088800000| Complete 
| 137|0x0000000088900000, 0x0000000088a00000, 0x0000000088a00000|100%| E|CS|TAMS 0x0000000088900000, 0x0000000088900000| Complete 
| 138|0x0000000088a00000, 0x0000000088b00000, 0x0000000088b00000|100%| E|CS|TAMS 0x0000000088a00000, 0x0000000088a00000| Complete 
| 139|0x0000000088b00000, 0x0000000088c00000, 0x0000000088c00000|100%| E|CS|TAMS 0x0000000088b00000, 0x0000000088b00000| Complete 
| 140|0x0000000088c00000, 0x0000000088d00000, 0x0000000088d00000|100%| E|CS|TAMS 0x0000000088c00000, 0x0000000088c00000| Complete 
| 141|0x0000000088d00000, 0x0000000088e00000, 0x0000000088e00000|100%| E|CS|TAMS 0x0000000088d00000, 0x0000000088d00000| Complete 
| 142|0x0000000088e00000, 0x0000000088f00000, 0x0000000088f00000|100%| E|CS|TAMS 0x0000000088e00000, 0x0000000088e00000| Complete 
| 143|0x0000000088f00000, 0x0000000089000000, 0x0000000089000000|100%| E|CS|TAMS 0x0000000088f00000, 0x0000000088f00000| Complete 
| 144|0x0000000089000000, 0x0000000089100000, 0x0000000089100000|100%| E|CS|TAMS 0x0000000089000000, 0x0000000089000000| Complete 
| 145|0x0000000089100000, 0x0000000089200000, 0x0000000089200000|100%| E|CS|TAMS 0x0000000089100000, 0x0000000089100000| Complete 
| 146|0x0000000089200000, 0x0000000089300000, 0x0000000089300000|100%| E|CS|TAMS 0x0000000089200000, 0x0000000089200000| Complete 
| 147|0x0000000089300000, 0x0000000089400000, 0x0000000089400000|100%| E|CS|TAMS 0x0000000089300000, 0x0000000089300000| Complete 
| 148|0x0000000089400000, 0x0000000089500000, 0x0000000089500000|100%| E|CS|TAMS 0x0000000089400000, 0x0000000089400000| Complete 
| 149|0x0000000089500000, 0x0000000089600000, 0x0000000089600000|100%| E|CS|TAMS 0x0000000089500000, 0x0000000089500000| Complete 
| 150|0x0000000089600000, 0x0000000089700000, 0x0000000089700000|100%| E|CS|TAMS 0x0000000089600000, 0x0000000089600000| Complete 
| 151|0x0000000089700000, 0x0000000089800000, 0x0000000089800000|100%| E|CS|TAMS 0x0000000089700000, 0x0000000089700000| Complete 

Card table byte_map: [0x000001c976520000,0x000001c976920000] _byte_map_base: 0x000001c976120000

Marking Bits (Prev, Next): (CMBitMap*) 0x000001c95ee39b58, (CMBitMap*) 0x000001c95ee39b90
 Prev Bits: [0x000001c976d20000, 0x000001c978d20000)
 Next Bits: [0x000001c978d20000, 0x000001c97ad20000)

Polling page: 0x000001c95e500000

Metaspace:

Usage:
  Non-class:     39.47 MB capacity,    38.76 MB ( 98%) used,   614.48 KB (  2%) free+waste,   117.81 KB ( <1%) overhead. 
      Class:      6.11 MB capacity,     5.67 MB ( 93%) used,   391.02 KB (  6%) free+waste,    57.88 KB ( <1%) overhead. 
       Both:     45.58 MB capacity,    44.43 MB ( 97%) used,  1005.51 KB (  2%) free+waste,   175.69 KB ( <1%) overhead. 

Virtual space:
  Non-class space:       40.00 MB reserved,      39.50 MB ( 99%) committed 
      Class space:      504.00 MB reserved,       6.13 MB (  1%) committed 
             Both:      544.00 MB reserved,      45.63 MB (  8%) committed 

Chunk freelists:
   Non-Class:  3.50 KB
       Class:  2.13 KB
        Both:  5.63 KB

CodeHeap 'non-profiled nmethods': size=120064Kb used=2372Kb max_used=2372Kb free=117691Kb
 bounds [0x000001c96ebe0000, 0x000001c96ee50000, 0x000001c976120000]
CodeHeap 'profiled nmethods': size=120000Kb used=8581Kb max_used=8581Kb free=111418Kb
 bounds [0x000001c9676b0000, 0x000001c967f20000, 0x000001c96ebe0000]
CodeHeap 'non-nmethods': size=5696Kb used=2211Kb max_used=2251Kb free=3484Kb
 bounds [0x000001c967120000, 0x000001c967390000, 0x000001c9676b0000]
 total_blobs=6046 nmethods=3977 adapters=688
 compilation: enabled
              stopped_count=0, restarted_count=0
 full_count=0

Compilation events (10 events):
Event: 27.899 Thread 0x000001c97db53800 nmethod 4178 0x000001c967f0b410 code [0x000001c967f0b800, 0x000001c967f0d140]
Event: 27.899 Thread 0x000001c97db53800 4179       1       org.gradle.initialization.DefaultProjectDescriptor::getName (5 bytes)
Event: 27.899 Thread 0x000001c97db53800 nmethod 4179 0x000001c96ee30d90 code [0x000001c96ee30f40, 0x000001c96ee31058]
Event: 27.904 Thread 0x000001c97db53800 4182       3       java.util.TreeMap::values (25 bytes)
Event: 27.904 Thread 0x000001c97db53800 nmethod 4182 0x000001c967f0da10 code [0x000001c967f0dbe0, 0x000001c967f0dfb8]
Event: 27.923 Thread 0x000001c97db53800 4183       3       java.util.HashSet::remove (20 bytes)
Event: 27.923 Thread 0x000001c97db53800 nmethod 4183 0x000001c967f0e110 code [0x000001c967f0e2e0, 0x000001c967f0e570]
Event: 27.932 Thread 0x000001c97db53800 4184       3       org.gradle.internal.dispatch.ReflectionDispatch::dispatch (9 bytes)
Event: 27.932 Thread 0x000001c97db53800 nmethod 4184 0x000001c967f0e610 code [0x000001c967f0e7e0, 0x000001c967f0ea70]
Event: 27.932 Thread 0x000001c97db53800 4185   !   3       org.gradle.internal.dispatch.ReflectionDispatch::dispatch (42 bytes)

GC Heap History (10 events):
Event: 11.921 GC heap before
{Heap before GC invocations=6 (full 0):
 garbage-first heap   total 129024K, used 64351K [0x0000000080000000, 0x0000000100000000)
  region size 1024K, 52 young (53248K), 5 survivors (5120K)
 Metaspace       used 25448K, capacity 25970K, committed 25984K, reserved 538624K
  class space    used 3254K, capacity 3455K, committed 3456K, reserved 516096K
}
Event: 11.934 GC heap after
{Heap after GC invocations=7 (full 0):
 garbage-first heap   total 129024K, used 19457K [0x0000000080000000, 0x0000000100000000)
  region size 1024K, 3 young (3072K), 3 survivors (3072K)
 Metaspace       used 25448K, capacity 25970K, committed 25984K, reserved 538624K
  class space    used 3254K, capacity 3455K, committed 3456K, reserved 516096K
}
Event: 13.079 GC heap before
{Heap before GC invocations=7 (full 0):
 garbage-first heap   total 129024K, used 72705K [0x0000000080000000, 0x0000000100000000)
  region size 1024K, 55 young (56320K), 3 survivors (3072K)
 Metaspace       used 30658K, capacity 31339K, committed 31488K, reserved 544768K
  class space    used 4062K, capacity 4315K, committed 4352K, reserved 516096K
}
Event: 13.090 GC heap after
{Heap after GC invocations=8 (full 0):
 garbage-first heap   total 129024K, used 20831K [0x0000000080000000, 0x0000000100000000)
  region size 1024K, 5 young (5120K), 5 survivors (5120K)
 Metaspace       used 30658K, capacity 31339K, committed 31488K, reserved 544768K
  class space    used 4062K, capacity 4315K, committed 4352K, reserved 516096K
}
Event: 13.733 GC heap before
{Heap before GC invocations=8 (full 0):
 garbage-first heap   total 129024K, used 34143K [0x0000000080000000, 0x0000000100000000)
  region size 1024K, 19 young (19456K), 5 survivors (5120K)
 Metaspace       used 34970K, capacity 35759K, committed 35840K, reserved 548864K
  class space    used 4491K, capacity 4809K, committed 4864K, reserved 516096K
}
Event: 13.750 GC heap after
{Heap after GC invocations=9 (full 0):
 garbage-first heap   total 129024K, used 23159K [0x0000000080000000, 0x0000000100000000)
  region size 1024K, 6 young (6144K), 6 survivors (6144K)
 Metaspace       used 34970K, capacity 35759K, committed 35840K, reserved 548864K
  class space    used 4491K, capacity 4809K, committed 4864K, reserved 516096K
}
Event: 15.380 GC heap before
{Heap before GC invocations=10 (full 0):
 garbage-first heap   total 129024K, used 83575K [0x0000000080000000, 0x0000000100000000)
  region size 1024K, 63 young (64512K), 6 survivors (6144K)
 Metaspace       used 39705K, capacity 40610K, committed 40704K, reserved 552960K
  class space    used 5006K, capacity 5354K, committed 5376K, reserved 516096K
}
Event: 15.402 GC heap after
{Heap after GC invocations=11 (full 0):
 garbage-first heap   total 129024K, used 28357K [0x0000000080000000, 0x0000000100000000)
  region size 1024K, 8 young (8192K), 8 survivors (8192K)
 Metaspace       used 39705K, capacity 40610K, committed 40704K, reserved 552960K
  class space    used 5006K, capacity 5354K, committed 5376K, reserved 516096K
}
Event: 27.139 GC heap before
{Heap before GC invocations=11 (full 0):
 garbage-first heap   total 129024K, used 88773K [0x0000000080000000, 0x0000000100000000)
  region size 1024K, 67 young (68608K), 8 survivors (8192K)
 Metaspace       used 44283K, capacity 45475K, committed 45568K, reserved 557056K
  class space    used 5609K, capacity 6068K, committed 6144K, reserved 516096K
}
Event: 27.166 GC heap after
{Heap after GC invocations=12 (full 0):
 garbage-first heap   total 155648K, used 32187K [0x0000000080000000, 0x0000000100000000)
  region size 1024K, 9 young (9216K), 9 survivors (9216K)
 Metaspace       used 44283K, capacity 45475K, committed 45568K, reserved 557056K
  class space    used 5609K, capacity 6068K, committed 6144K, reserved 516096K
}

Deoptimization events (10 events):
Event: 24.336 Thread 0x000001c97e7d9000 Uncommon trap: reason=unstable_if action=reinterpret pc=0x000001c96ec13494 method=java.lang.AbstractStringBuilder.putStringAt(ILjava/lang/String;)V @ 8 c2
Event: 24.337 Thread 0x000001c97e7d9000 Uncommon trap: reason=unstable_if action=reinterpret pc=0x000001c96ec13b70 method=java.lang.String.getBytes([BIB)V @ 5 c2
Event: 24.337 Thread 0x000001c97e7d9000 Uncommon trap: reason=class_check action=maybe_recompile pc=0x000001c96ed83904 method=java.io.BufferedInputStream.read1([BII)I @ 39 c2
Event: 24.386 Thread 0x000001c97e7d9000 Uncommon trap: reason=unstable_if action=reinterpret pc=0x000001c96ec28540 method=java.lang.Integer.stringSize(I)I @ 3 c2
Event: 24.386 Thread 0x000001c97e7d9000 Uncommon trap: reason=unstable_if action=reinterpret pc=0x000001c96ebf24b0 method=java.lang.StringUTF16.compress([CI[BII)I @ 20 c2
Event: 24.622 Thread 0x000001c97e7d9000 Uncommon trap: reason=bimorphic_or_optimized_type_check action=maybe_recompile pc=0x000001c96edc5d48 method=java.util.regex.Pattern$Start.match(Ljava/util/regex/Matcher;ILjava/lang/CharSequence;)Z @ 44 c2
Event: 24.631 Thread 0x000001c97e7d9000 Uncommon trap: reason=bimorphic_or_optimized_type_check action=maybe_recompile pc=0x000001c96edc5d48 method=java.util.regex.Pattern$Start.match(Ljava/util/regex/Matcher;ILjava/lang/CharSequence;)Z @ 44 c2
Event: 24.632 Thread 0x000001c97e7d9000 Uncommon trap: reason=bimorphic_or_optimized_type_check action=maybe_recompile pc=0x000001c96edc5d48 method=java.util.regex.Pattern$Start.match(Ljava/util/regex/Matcher;ILjava/lang/CharSequence;)Z @ 44 c2
Event: 24.634 Thread 0x000001c97e7d9000 Uncommon trap: reason=bimorphic_or_optimized_type_check action=maybe_recompile pc=0x000001c96edc5d48 method=java.util.regex.Pattern$Start.match(Ljava/util/regex/Matcher;ILjava/lang/CharSequence;)Z @ 44 c2
Event: 24.680 Thread 0x000001c97e7d9000 Uncommon trap: reason=unstable_if action=reinterpret pc=0x000001c96ed09db4 method=java.util.Arrays.hashCode([Ljava/lang/Object;)I @ 34 c2

Classes redefined (0 events):
No events

Internal exceptions (10 events):
Event: 25.015 Thread 0x000001c97e7d9000 Exception <a 'java/lang/NoSuchMethodError'{0x000000008664c9b8}: java.lang.invoke.DelegatingMethodHandle$Holder.reinvoke_L(Ljava/lang/Object;Ljava/lang/Object;Ljava/lang/Object;Ljava/lang/Object;Ljava/lang/Object;Ljava/lang/Object;Ljava/lang/Object;Ljava/l
Event: 25.016 Thread 0x000001c97e7d9000 Exception <a 'java/lang/NoSuchMethodError'{0x0000000086657a38}: java.lang.invoke.Invokers$Holder.invoker(Ljava/lang/Object;Ljava/lang/Object;Ljava/lang/Object;Ljava/lang/Object;Ljava/lang/Object;Ljava/lang/Object;Ljava/lang/Object;Ljava/lang/Object;Ljava/
Event: 25.043 Thread 0x000001c97e7d9000 Exception <a 'java/lang/NoSuchMethodError'{0x000000008665ea60}: java.lang.invoke.DelegatingMethodHandle$Holder.delegate(Ljava/lang/Object;Ljava/lang/Object;Ljava/lang/Object;Ljava/lang/Object;Ljava/lang/Object;Ljava/lang/Object;Ljava/lang/Object;Ljava/lan
Event: 25.051 Thread 0x000001c97e7d9000 Exception <a 'java/lang/NoSuchMethodError'{0x00000000866cd1d8}: java.lang.invoke.DirectMethodHandle$Holder.invokeStatic(Ljava/lang/Object;Ljava/lang/Object;Ljava/lang/Object;Ljava/lang/Object;Ljava/lang/Object;Ljava/lang/Object;Ljava/lang/Object;Ljava/lan
Event: 25.053 Thread 0x000001c97e7d9000 Exception <a 'java/lang/NoSuchMethodError'{0x00000000866dd568}: java.lang.invoke.DirectMethodHandle$Holder.invokeStatic(Ljava/lang/Object;Ljava/lang/Object;Ljava/lang/Object;Ljava/lang/Object;Ljava/lang/Object;Ljava/lang/Object;Ljava/lang/Object;Ljava/lan
Event: 25.055 Thread 0x000001c97e7d9000 Exception <a 'java/lang/NoSuchMethodError'{0x00000000866ed808}: java.lang.invoke.DelegatingMethodHandle$Holder.reinvoke_L(Ljava/lang/Object;Ljava/lang/Object;Ljava/lang/Object;Ljava/lang/Object;Ljava/lang/Object;Ljava/lang/Object;Ljava/lang/Object;Ljava/l
Event: 25.541 Thread 0x000001c97e7d9000 Exception <a 'java/lang/IncompatibleClassChangeError'{0x0000000085826910}: Found class java.lang.Object, but interface was expected> (0x0000000085826910) thrown at [t:/workspace/open/src/hotspot/share/interpreter/linkResolver.cpp, line 838]
Event: 25.771 Thread 0x000001c97e7d9000 Exception <a 'java/lang/IncompatibleClassChangeError'{0x000000008532c598}: Found class java.lang.Object, but interface was expected> (0x000000008532c598) thrown at [t:/workspace/open/src/hotspot/share/interpreter/linkResolver.cpp, line 838]
Event: 25.946 Thread 0x000001c97e7d9000 Exception <a 'java/lang/NoSuchMethodError'{0x000000008518ca58}: java.lang.invoke.DirectMethodHandle$Holder.invokeStaticInit(Ljava/lang/Object;Ljava/lang/Object;Ljava/lang/Object;Ljava/lang/Object;Ljava/lang/Object;)I> (0x000000008518ca58) thrown at [t:/wo
Event: 27.022 Thread 0x000001c97e7d9000 Exception <a 'java/lang/NoSuchMethodError'{0x0000000084351748}: java.lang.invoke.DirectMethodHandle$Holder.invokeInterface(Ljava/lang/Object;Ljava/lang/Object;)V> (0x0000000084351748) thrown at [t:/workspace/open/src/hotspot/share/interpreter/linkResolver

Events (10 events):
Event: 27.923 loading class org/gradle/api/internal/artifacts/ivyservice/dependencysubstitution/DefaultDependencySubstitutions$CompositeProjectPathConverter
Event: 27.923 loading class org/gradle/api/internal/artifacts/ivyservice/dependencysubstitution/DefaultDependencySubstitutions$CompositeProjectPathConverter done
Event: 27.925 loading class org/gradle/api/internal/artifacts/ivyservice/dependencysubstitution/DefaultDependencySubstitutions$CompositeBuildAwareSubstitutions
Event: 27.925 loading class org/gradle/api/internal/artifacts/ivyservice/dependencysubstitution/DefaultDependencySubstitutions$CompositeBuildAwareSubstitutions done
Event: 27.931 loading class org/gradle/api/internal/GradleInternal
Event: 27.931 loading class org/gradle/api/internal/GradleInternal done
Event: 27.931 loading class org/gradle/api/internal/GradleInternal
Event: 27.931 loading class org/gradle/api/internal/GradleInternal done
Event: 27.931 loading class org/gradle/internal/build/BuildModelController
Event: 27.931 loading class org/gradle/internal/build/BuildModelController done


Dynamic libraries:
0x00007ff695300000 - 0x00007ff695345000 	C:\Program Files\jdk-11.0.2\bin\java.exe
0x00007ffbffd20000 - 0x00007ffbfff29000 	C:\WINDOWS\SYSTEM32\ntdll.dll
0x00007ffbfeb90000 - 0x00007ffbfec4d000 	C:\WINDOWS\System32\KERNEL32.DLL
0x00007ffbfd350000 - 0x00007ffbfd6cd000 	C:\WINDOWS\System32\KERNELBASE.dll
0x00007ffbfe160000 - 0x00007ffbfe30d000 	C:\WINDOWS\System32\USER32.dll
0x00007ffbfd2a0000 - 0x00007ffbfd2c6000 	C:\WINDOWS\System32\win32u.dll
0x00007ffbff140000 - 0x00007ffbff169000 	C:\WINDOWS\System32\GDI32.dll
0x00007ffbfda90000 - 0x00007ffbfdba8000 	C:\WINDOWS\System32\gdi32full.dll
0x00007ffbfd200000 - 0x00007ffbfd29d000 	C:\WINDOWS\System32\msvcp_win.dll
0x00007ffbfd970000 - 0x00007ffbfda81000 	C:\WINDOWS\System32\ucrtbase.dll
0x00007ffbdf6f0000 - 0x00007ffbdf995000 	C:\WINDOWS\WinSxS\amd64_microsoft.windows.common-controls_6595b64144ccf1df_6.0.22000.120_none_9d947278b86cc467\COMCTL32.dll
0x00007ffbffb80000 - 0x00007ffbffc23000 	C:\WINDOWS\System32\msvcrt.dll
0x00007ffbfef70000 - 0x00007ffbfefa1000 	C:\WINDOWS\System32\IMM32.DLL
0x00007ffbeb850000 - 0x00007ffbeb866000 	C:\Program Files\jdk-11.0.2\bin\vcruntime140.dll
0x00007ffbb7a10000 - 0x00007ffbb7aba000 	C:\Program Files\jdk-11.0.2\bin\msvcp140.dll
0x00007ffb779e0000 - 0x00007ffb78503000 	C:\Program Files\jdk-11.0.2\bin\server\jvm.dll
0x00007ffbff930000 - 0x00007ffbff9de000 	C:\WINDOWS\System32\ADVAPI32.dll
0x00007ffbfe030000 - 0x00007ffbfe0ce000 	C:\WINDOWS\System32\sechost.dll
0x00007ffbff020000 - 0x00007ffbff140000 	C:\WINDOWS\System32\RPCRT4.dll
0x00007ffbfdbb0000 - 0x00007ffbfdbb8000 	C:\WINDOWS\System32\PSAPI.DLL
0x00007ffbdc5d0000 - 0x00007ffbdc5d9000 	C:\WINDOWS\SYSTEM32\WSOCK32.dll
0x00007ffbfdfc0000 - 0x00007ffbfe02f000 	C:\WINDOWS\System32\WS2_32.dll
0x00007ffbf7ff0000 - 0x00007ffbf8023000 	C:\WINDOWS\SYSTEM32\WINMM.dll
0x00007ffbf42b0000 - 0x00007ffbf42ba000 	C:\WINDOWS\SYSTEM32\VERSION.dll
0x00007ffbfc3b0000 - 0x00007ffbfc3c8000 	C:\WINDOWS\SYSTEM32\kernel.appcore.dll
0x00007ffbdd0d0000 - 0x00007ffbdd0e1000 	C:\Program Files\jdk-11.0.2\bin\verify.dll
0x00007ffbf76a0000 - 0x00007ffbf78c1000 	C:\WINDOWS\SYSTEM32\DBGHELP.DLL
0x00007ffbe5f30000 - 0x00007ffbe5f61000 	C:\WINDOWS\SYSTEM32\dbgcore.DLL
0x00007ffbfd2d0000 - 0x00007ffbfd34f000 	C:\WINDOWS\System32\bcryptPrimitives.dll
0x00007ffbdc7f0000 - 0x00007ffbdc818000 	C:\Program Files\jdk-11.0.2\bin\java.dll
0x00007ffbd4660000 - 0x00007ffbd4676000 	C:\Program Files\jdk-11.0.2\bin\zip.dll
0x00007ffbf9b90000 - 0x00007ffbf9b9a000 	C:\Program Files\jdk-11.0.2\bin\jimage.dll
0x00007ffbff170000 - 0x00007ffbff928000 	C:\WINDOWS\System32\SHELL32.dll
0x00007ffbfb340000 - 0x00007ffbfbba8000 	C:\WINDOWS\SYSTEM32\windows.storage.dll
0x00007ffbfdbc0000 - 0x00007ffbfdf39000 	C:\WINDOWS\System32\combase.dll
0x00007ffbfb1d0000 - 0x00007ffbfb336000 	C:\WINDOWS\SYSTEM32\wintypes.dll
0x00007ffbfea20000 - 0x00007ffbfeb0a000 	C:\WINDOWS\System32\SHCORE.dll
0x00007ffbfdf40000 - 0x00007ffbfdf9d000 	C:\WINDOWS\System32\shlwapi.dll
0x00007ffbfd130000 - 0x00007ffbfd151000 	C:\WINDOWS\SYSTEM32\profapi.dll
0x00007ffbd4640000 - 0x00007ffbd4659000 	C:\Program Files\jdk-11.0.2\bin\net.dll
0x00007ffbf7580000 - 0x00007ffbf768c000 	C:\WINDOWS\SYSTEM32\WINHTTP.dll
0x00007ffbf6aa0000 - 0x00007ffbf6c8f000 	C:\WINDOWS\SYSTEM32\urlmon.dll
0x00007ffbf6660000 - 0x00007ffbf6913000 	C:\WINDOWS\SYSTEM32\iertutil.dll
0x00007ffbf6630000 - 0x00007ffbf6658000 	C:\WINDOWS\SYSTEM32\srvcli.dll
0x00007ffbfbed0000 - 0x00007ffbfbedc000 	C:\WINDOWS\SYSTEM32\netutils.dll
0x00007ffbfc7e0000 - 0x00007ffbfc847000 	C:\WINDOWS\system32\mswsock.dll
0x00007ffbd4620000 - 0x00007ffbd4633000 	C:\Program Files\jdk-11.0.2\bin\nio.dll
0x00007ffbf9ac0000 - 0x00007ffbf9ae7000 	C:\Users\afird\.gradle\native\e1d6ef7f7dcc3fd88c89a11ec53ec762bb8ba0a96d01ffa2cd45eb1d1d8dd5c5\windows-amd64\native-platform.dll
0x00007ffbca0e0000 - 0x00007ffbca224000 	C:\Users\afird\.gradle\native\5664cfc778a61ccfe75a443a1ab52a65af34e5dc3c78e0209fed803814484fcb\windows-amd64\native-platform-file-events.dll
0x00007ffbf81b0000 - 0x00007ffbf81b9000 	C:\Program Files\jdk-11.0.2\bin\management.dll
0x00007ffbf8090000 - 0x00007ffbf809c000 	C:\Program Files\jdk-11.0.2\bin\management_ext.dll
0x00007ffbfca70000 - 0x00007ffbfca88000 	C:\WINDOWS\SYSTEM32\CRYPTSP.dll
0x00007ffbfc310000 - 0x00007ffbfc345000 	C:\WINDOWS\system32\rsaenh.dll
0x00007ffbfc8f0000 - 0x00007ffbfc919000 	C:\WINDOWS\SYSTEM32\USERENV.dll
0x00007ffbfcbe0000 - 0x00007ffbfcc07000 	C:\WINDOWS\SYSTEM32\bcrypt.dll
0x00007ffbfca60000 - 0x00007ffbfca6c000 	C:\WINDOWS\SYSTEM32\CRYPTBASE.dll
0x00007ffbfbee0000 - 0x00007ffbfbf0d000 	C:\WINDOWS\SYSTEM32\IPHLPAPI.DLL
0x00007ffbfed30000 - 0x00007ffbfed39000 	C:\WINDOWS\System32\NSI.dll
0x00007ffbf6f00000 - 0x00007ffbf6f19000 	C:\WINDOWS\SYSTEM32\dhcpcsvc6.DLL
0x00007ffbf7c80000 - 0x00007ffbf7c9e000 	C:\WINDOWS\SYSTEM32\dhcpcsvc.DLL
0x00007ffbfbf10000 - 0x00007ffbfbff8000 	C:\WINDOWS\SYSTEM32\DNSAPI.dll

dbghelp: loaded successfully - version: 4.0.5 - missing functions: none
symbol engine: initialized successfully - sym options: 0x614 - pdb path: .;C:\Program Files\jdk-11.0.2\bin;C:\WINDOWS\SYSTEM32;C:\WINDOWS\WinSxS\amd64_microsoft.windows.common-controls_6595b64144ccf1df_6.0.22000.120_none_9d947278b86cc467;C:\Program Files\jdk-11.0.2\bin\server;C:\Users\afird\.gradle\native\e1d6ef7f7dcc3fd88c89a11ec53ec762bb8ba0a96d01ffa2cd45eb1d1d8dd5c5\windows-amd64;C:\Users\afird\.gradle\native\5664cfc778a61ccfe75a443a1ab52a65af34e5dc3c78e0209fed803814484fcb\windows-amd64

VM Arguments:
jvm_args: -XX:MaxMetaspaceSize=512m --add-opens=java.base/java.util=ALL-UNNAMED --add-opens=java.base/java.lang=ALL-UNNAMED --add-opens=java.base/java.lang.invoke=ALL-UNNAMED --add-opens=java.base/java.util=ALL-UNNAMED --add-opens=java.prefs/java.util.prefs=ALL-UNNAMED --add-opens=java.prefs/java.util.prefs=ALL-UNNAMED --add-opens=java.base/java.nio.charset=ALL-UNNAMED --add-opens=java.base/java.net=ALL-UNNAMED --add-opens=java.base/java.util.concurrent.atomic=ALL-UNNAMED -Xmx2048m -Dfile.encoding=windows-1252 -Duser.country=ID -Duser.language=en -Duser.variant 
java_command: org.gradle.launcher.daemon.bootstrap.GradleDaemon 7.3.3
java_class_path (initial): C:\Users\afird\.gradle\wrapper\dists\gradle-7.3.3-all\4295vidhdd9hd3gbjyw1xqxpo\gradle-7.3.3\lib\gradle-launcher-7.3.3.jar
Launcher Type: SUN_STANDARD

[Global flags]
     intx CICompilerCount                          = 3                                         {product} {ergonomic}
   size_t CompressedClassSpaceSize                 = 528482304                                 {product} {ergonomic}
     uint ConcGCThreads                            = 1                                         {product} {ergonomic}
     uint G1ConcRefinementThreads                  = 4                                         {product} {ergonomic}
   size_t G1HeapRegionSize                         = 1048576                                   {product} {ergonomic}
    uintx GCDrainStackTargetSize                   = 64                                        {product} {ergonomic}
   size_t InitialHeapSize                          = 132120576                                 {product} {ergonomic}
   size_t MarkStackSize                            = 4194304                                   {product} {ergonomic}
   size_t MaxHeapSize                              = 2147483648                                {product} {command line}
   size_t MaxMetaspaceSize                         = 536870912                                 {product} {command line}
   size_t MaxNewSize                               = 1287651328                                {product} {ergonomic}
   size_t MinHeapDeltaBytes                        = 1048576                                   {product} {ergonomic}
    uintx NonNMethodCodeHeapSize                   = 5830092                                {pd product} {ergonomic}
    uintx NonProfiledCodeHeapSize                  = 122914074                              {pd product} {ergonomic}
    uintx ProfiledCodeHeapSize                     = 122914074                              {pd product} {ergonomic}
    uintx ReservedCodeCacheSize                    = 251658240                              {pd product} {ergonomic}
     bool SegmentedCodeCache                       = true                                      {product} {ergonomic}
     bool UseCompressedClassPointers               = true                                 {lp64_product} {ergonomic}
     bool UseCompressedOops                        = true                                 {lp64_product} {ergonomic}
     bool UseG1GC                                  = true                                      {product} {ergonomic}
     bool UseLargePagesIndividualAllocation        = false                                  {pd product} {ergonomic}

Logging:
Log output configuration:
 #0: stdout all=warning uptime,level,tags
 #1: stderr all=off uptime,level,tags

Environment Variables:
JAVA_HOME=C:\Program Files\jdk-11.0.2
CLASSPATH=D:\mobile\eticketing\android\\gradle\wrapper\gradle-wrapper.jar
PATH=D:\mobile\eticketing\android\node_modules\.bin;D:\mobile\eticketing\node_modules\.bin;D:\mobile\node_modules\.bin;D:\node_modules\.bin;C:\Program Files\nodejs;D:\mobile\eticketing\node_modules\.bin;D:\mobile\node_modules\.bin;D:\node_modules\.bin;C:\Program Files\nodejs\node_modules\npm\node_modules\@npmcli\run-script\lib\node-gyp-bin;C:\Python310\Scripts\;C:\Python310\;C:\Windows\System32\HWAudioDriverLibs;C:\WINDOWS\system32;C:\WINDOWS;C:\WINDOWS\System32\Wbem;C:\WINDOWS\System32\WindowsPowerShell\v1.0\;C:\WINDOWS\System32\OpenSSH\;C:\Program Files\Git\cmd;C:\wamp64\bin\php\php5.6.40;C:\WINDOWS\system32\config\systemprofile\AppData\Local\Microsoft\WindowsApps;C:\Program Files\Docker\Docker\resources\bin;C:\ProgramData\DockerDesktop\version-bin;C:\Program Files\Go\bin;C:\Program Files\jdk-11.0.2\bin;D:\bootcamp\apache-maven-3.8.5-bin\bin;C:\Program Files\nodejs\;C:\ProgramData\chocolatey\bin;D:\Sdk\platform-tools;C:\Users\afird\AppData\Local\Microsoft\WindowsApps;C:\Users\afird\AppData\Local\Programs\Microsoft VS Code\bin;C:\Users\afird\go\bin;C:\Users\afird\AppData\Roaming\npm;D:\mobile\eticketing\node_modules\.bin
USERNAME=afird
OS=Windows_NT
PROCESSOR_IDENTIFIER=Intel64 Family 6 Model 142 Stepping 12, GenuineIntel



---------------  S Y S T E M  ---------------

OS: Windows 10 , 64 bit Build 22000 (10.0.22000.708)

CPU:total 4 (initial active 4) (2 cores per cpu, 2 threads per core) family 6 model 142 stepping 12, cmov, cx8, fxsr, mmx, sse, sse2, sse3, ssse3, sse4.1, sse4.2, popcnt, avx, avx2, aes, clmul, erms, 3dnowpref, lzcnt, ht, tsc, tscinvbit, bmi1, bmi2, adx, fma

Memory: 4k page, system-wide physical 8025M (953M free)
TotalPageFile size 12121M (AvailPageFile size 0M)
current process WorkingSet (physical memory assigned to process): 257M, peak: 257M
current process commit charge ("private bytes"): 326M, peak: 327M

vm_info: OpenJDK 64-Bit Server VM (11.0.2+9) for windows-amd64 JRE (11.0.2+9), built on Jan 18 2019 05:23:22 by "mach5one" with MS VC++ 15.5 (VS2017)

END.
